TN:
SF:0. Script\Abstracts\12\Other\2\Programming\Script\1\1_0\aClass_Programming_ScriptAction_12_2_1_0.ts
FN:6,(anonymous_6)
FN:6,(anonymous_7)
FN:6,(anonymous_8)
FN:6,(anonymous_9)
FN:42,(anonymous_10)
FNF:5
FNH:5
FNDA:1,(anonymous_6)
FNDA:1,(anonymous_7)
FNDA:1,(anonymous_8)
FNDA:1,(anonymous_9)
FNDA:2,(anonymous_10)
DA:4,1
DA:6,1
DA:8,1
DA:11,2
DA:15,2
DA:45,2
LF:6
LH:6
BRDA:6,0,0,1
BRDA:6,0,1,1
BRDA:6,1,0,1
BRDA:6,1,1,1
BRDA:6,2,0,1
BRDA:6,2,1,1
BRDA:6,3,0,1
BRDA:6,3,1,1
BRF:8
BRH:8
end_of_record
TN:
SF:0. Script\Abstracts\12\Other\2\Programming\Script\1\1_0\aClass_Programming_ScriptDirector_BuilderPattern_12_2_1_0.ts
FN:3,(anonymous_6)
FN:3,(anonymous_7)
FN:3,(anonymous_8)
FN:3,(anonymous_9)
FN:11,(anonymous_10)
FNF:5
FNH:4
FNDA:1,(anonymous_6)
FNDA:1,(anonymous_7)
FNDA:1,(anonymous_8)
FNDA:1,(anonymous_9)
FNDA:0,(anonymous_10)
DA:1,1
DA:3,1
DA:5,1
DA:13,0
DA:18,0
DA:20,0
LF:6
LH:3
BRDA:3,0,0,1
BRDA:3,0,1,1
BRDA:3,1,0,1
BRDA:3,1,1,1
BRDA:3,2,0,1
BRDA:3,2,1,1
BRDA:3,3,0,1
BRDA:3,3,1,1
BRF:8
BRH:8
end_of_record
TN:
SF:0. Script\Abstracts\12\Other\2\Programming\Script\1\1_0\aClass_Programming_ScriptExperience_BuilderPattern_12_2_1_0.ts
FN:3,(anonymous_6)
FN:3,(anonymous_7)
FN:3,(anonymous_8)
FN:3,(anonymous_9)
FN:11,(anonymous_10)
FNF:5
FNH:4
FNDA:1,(anonymous_6)
FNDA:1,(anonymous_7)
FNDA:1,(anonymous_8)
FNDA:1,(anonymous_9)
FNDA:0,(anonymous_10)
DA:1,1
DA:3,1
DA:5,1
DA:12,0
DA:17,0
DA:19,0
DA:21,0
LF:7
LH:3
BRDA:3,0,0,1
BRDA:3,0,1,1
BRDA:3,1,0,1
BRDA:3,1,1,1
BRDA:3,2,0,1
BRDA:3,2,1,1
BRDA:3,3,0,1
BRDA:3,3,1,1
BRF:8
BRH:8
end_of_record
TN:
SF:0. Script\Abstracts\12\Other\2\Programming\Script\1\1_0\aClass_Programming_ScriptMasterLeader_12_2_1_0.ts
FN:19,(anonymous_0)
FN:19,(anonymous_1)
FN:19,(anonymous_2)
FN:19,(anonymous_3)
FN:33,(anonymous_4)
FNF:5
FNH:4
FNDA:1,(anonymous_0)
FNDA:1,(anonymous_1)
FNDA:1,(anonymous_2)
FNDA:1,(anonymous_3)
FNDA:0,(anonymous_4)
DA:19,1
DA:21,1
DA:29,0
LF:3
LH:2
BRDA:19,0,0,1
BRDA:19,0,1,1
BRDA:19,1,0,1
BRDA:19,1,1,1
BRDA:19,2,0,1
BRDA:19,2,1,1
BRDA:19,3,0,1
BRDA:19,3,1,1
BRF:8
BRH:8
end_of_record
TN:
SF:0. Script\Abstracts\12\Other\2\Programming\Script\1\1_0\aClass_Programming_ScriptNicheMaster_12_2_1_0.ts
FN:6,(anonymous_0)
FN:6,(anonymous_1)
FN:6,(anonymous_2)
FN:6,(anonymous_3)
FN:24,(anonymous_4)
FNF:5
FNH:4
FNDA:1,(anonymous_0)
FNDA:1,(anonymous_1)
FNDA:1,(anonymous_2)
FNDA:1,(anonymous_3)
FNDA:0,(anonymous_4)
DA:6,1
DA:8,1
DA:11,0
DA:12,0
DA:13,0
DA:15,0
DA:16,0
DA:18,0
DA:20,0
LF:9
LH:2
BRDA:6,0,0,1
BRDA:6,0,1,1
BRDA:6,1,0,1
BRDA:6,1,1,1
BRDA:6,2,0,1
BRDA:6,2,1,1
BRDA:6,3,0,1
BRDA:6,3,1,1
BRF:8
BRH:8
end_of_record
TN:
SF:0. Script\Abstracts\12\Other\2\Programming\Script\1\1_0\aClass_Programming_ScriptPage_12_2_1_0.ts
FN:6,(anonymous_6)
FN:6,(anonymous_7)
FN:6,(anonymous_8)
FN:6,(anonymous_9)
FN:45,(anonymous_10)
FNF:5
FNH:5
FNDA:1,(anonymous_6)
FNDA:1,(anonymous_7)
FNDA:1,(anonymous_8)
FNDA:1,(anonymous_9)
FNDA:1,(anonymous_10)
DA:1,1
DA:6,1
DA:8,1
DA:11,1
DA:15,1
DA:17,1
DA:19,1
DA:21,1
DA:23,1
LF:9
LH:9
BRDA:6,0,0,1
BRDA:6,0,1,1
BRDA:6,1,0,1
BRDA:6,1,1,1
BRDA:6,2,0,1
BRDA:6,2,1,1
BRDA:6,3,0,1
BRDA:6,3,1,1
BRF:8
BRH:8
end_of_record
TN:
SF:0. Script\Abstracts\12\Other\2\Programming\Script\1\1_0\aClass_Programming_ScriptRoutable_12_2_1_0.ts
FN:8,(anonymous_0)
FN:8,(anonymous_1)
FN:8,(anonymous_2)
FN:8,(anonymous_3)
FN:47,(anonymous_4)
FNF:5
FNH:4
FNDA:1,(anonymous_0)
FNDA:1,(anonymous_1)
FNDA:1,(anonymous_2)
FNDA:1,(anonymous_3)
FNDA:0,(anonymous_4)
DA:8,1
DA:10,1
DA:13,0
DA:17,0
DA:19,0
DA:21,0
LF:6
LH:2
BRDA:8,0,0,1
BRDA:8,0,1,1
BRDA:8,1,0,1
BRDA:8,1,1,1
BRDA:8,2,0,1
BRDA:8,2,1,1
BRDA:8,3,0,1
BRDA:8,3,1,1
BRF:8
BRH:8
end_of_record
TN:
SF:0. Script\Extensions\11\Automate Manual Task\1\Risk Management\Method\0\1_0\Extension_Director_Of_RiskManagement_Chapter_11_1_Page_0_GoalHelper_Handler_1_0.ts
FN:19,(anonymous_13)
FN:19,(anonymous_14)
FN:19,(anonymous_15)
FN:19,(anonymous_16)
FN:19,(anonymous_17)
FN:41,(anonymous_18)
FN:57,(anonymous_19)
FN:64,(anonymous_21)
FN:70,(anonymous_23)
FN:311,(anonymous_24)
FN:311,(anonymous_25)
FNF:11
FNH:5
FNDA:1,(anonymous_13)
FNDA:1,(anonymous_14)
FNDA:1,(anonymous_15)
FNDA:1,(anonymous_16)
FNDA:1,(anonymous_17)
FNDA:0,(anonymous_18)
FNDA:0,(anonymous_19)
FNDA:0,(anonymous_21)
FNDA:0,(anonymous_23)
FNDA:0,(anonymous_24)
FNDA:0,(anonymous_25)
DA:4,1
DA:13,1
DA:19,1
DA:21,1
DA:23,1
DA:29,1
DA:32,1
DA:35,1
DA:37,1
DA:38,1
DA:39,1
DA:58,0
DA:59,0
DA:61,0
DA:70,0
DA:75,0
DA:81,0
DA:87,0
DA:93,0
DA:99,0
DA:101,0
DA:104,0
DA:105,0
DA:106,0
DA:107,0
DA:108,0
DA:121,0
DA:122,0
DA:123,0
DA:124,0
DA:128,0
DA:129,0
DA:130,0
DA:131,0
DA:132,0
DA:135,0
DA:136,0
DA:137,0
DA:140,0
DA:141,0
DA:142,0
DA:145,0
DA:146,0
DA:147,0
DA:150,0
DA:151,0
DA:152,0
DA:156,0
DA:157,0
DA:158,0
DA:161,0
DA:162,0
DA:163,0
DA:166,0
DA:167,0
DA:168,0
DA:171,0
DA:172,0
DA:173,0
DA:176,0
DA:177,0
DA:178,0
DA:182,0
DA:185,0
DA:187,0
DA:188,0
DA:189,0
DA:191,0
DA:197,0
DA:205,0
DA:222,0
DA:232,0
DA:238,0
DA:239,0
DA:240,0
DA:241,0
DA:242,0
DA:244,0
DA:250,0
DA:256,0
DA:262,0
DA:268,0
DA:269,0
DA:270,0
DA:271,0
DA:272,0
DA:273,0
DA:274,0
DA:276,0
DA:278,0
DA:279,0
DA:281,0
DA:282,0
DA:284,0
DA:285,0
DA:287,0
DA:288,0
DA:290,0
DA:291,0
DA:297,0
DA:305,0
DA:311,0
DA:313,0
DA:314,0
DA:315,0
DA:318,0
DA:319,0
DA:322,0
DA:329,0
DA:330,0
DA:332,0
DA:338,0
DA:339,0
DA:340,0
DA:341,0
DA:342,0
DA:346,0
DA:348,0
DA:349,0
DA:350,0
DA:352,0
DA:355,0
DA:356,0
DA:357,0
DA:358,0
DA:360,0
DA:362,0
DA:365,0
DA:366,0
DA:368,0
DA:371,0
DA:372,0
DA:374,0
DA:377,0
DA:378,0
DA:380,0
DA:383,0
DA:389,0
DA:390,0
DA:391,0
DA:393,0
DA:396,0
DA:397,0
DA:398,0
DA:399,0
DA:401,0
DA:404,0
DA:407,0
DA:408,0
DA:411,0
DA:414,0
DA:415,0
DA:418,0
DA:421,0
DA:422,0
DA:425,0
DA:428,0
DA:435,0
DA:438,0
DA:448,0
DA:461,0
LF:161
LH:11
BRDA:99,0,0,0
BRDA:99,0,1,0
BRDA:121,1,0,0
BRDA:121,1,1,0
BRDA:121,2,0,0
BRDA:121,2,1,0
BRDA:121,2,2,0
BRDA:121,2,3,0
BRDA:122,3,0,0
BRDA:122,3,1,0
BRDA:122,4,0,0
BRDA:122,4,1,0
BRDA:128,5,0,0
BRDA:128,5,1,0
BRDA:135,6,0,0
BRDA:135,6,1,0
BRDA:140,7,0,0
BRDA:140,7,1,0
BRDA:145,8,0,0
BRDA:145,8,1,0
BRDA:150,9,0,0
BRDA:150,9,1,0
BRDA:150,10,0,0
BRDA:150,10,1,0
BRDA:156,11,0,0
BRDA:156,11,1,0
BRDA:161,12,0,0
BRDA:161,12,1,0
BRDA:166,13,0,0
BRDA:166,13,1,0
BRDA:171,14,0,0
BRDA:171,14,1,0
BRDA:176,15,0,0
BRDA:176,15,1,0
BRDA:182,16,0,0
BRDA:182,16,1,0
BRDA:276,17,0,0
BRDA:276,17,1,0
BRDA:278,18,0,0
BRDA:278,18,1,0
BRDA:281,19,0,0
BRDA:281,19,1,0
BRDA:284,20,0,0
BRDA:284,20,1,0
BRDA:287,21,0,0
BRDA:287,21,1,0
BRDA:290,22,0,0
BRDA:290,22,1,0
BRDA:313,23,0,0
BRDA:313,23,1,0
BRDA:314,24,0,0
BRDA:314,24,1,0
BRDA:314,25,0,0
BRDA:314,25,1,0
BRDA:318,26,0,0
BRDA:318,26,1,0
BRDA:329,27,0,0
BRDA:329,27,1,0
BRDA:339,28,0,0
BRDA:339,28,1,0
BRDA:346,29,0,0
BRDA:346,29,1,0
BRDA:348,30,0,0
BRDA:348,30,1,0
BRDA:349,31,0,0
BRDA:349,31,1,0
BRDA:355,32,0,0
BRDA:355,32,1,0
BRDA:365,33,0,0
BRDA:365,33,1,0
BRDA:371,34,0,0
BRDA:371,34,1,0
BRDA:377,35,0,0
BRDA:377,35,1,0
BRDA:389,36,0,0
BRDA:389,36,1,0
BRDA:390,37,0,0
BRDA:390,37,1,0
BRDA:396,38,0,0
BRDA:396,38,1,0
BRDA:407,39,0,0
BRDA:407,39,1,0
BRDA:414,40,0,0
BRDA:414,40,1,0
BRDA:421,41,0,0
BRDA:421,41,1,0
BRDA:19,42,0,1
BRDA:19,42,1,1
BRDA:19,43,0,1
BRDA:19,43,1,1
BRDA:19,44,0,1
BRDA:19,44,1,1
BRDA:19,45,0,1
BRDA:19,45,1,1
BRDA:19,46,0,1
BRDA:19,46,1,1
BRF:96
BRH:10
end_of_record
TN:
SF:0. Script\Extensions\12\Other\2\Programming\Method\0\1_0\Extension_Studio_Automation_Programming_Chapter_12_2_Page_0_ControlMasterLeader_Handler_1_0.ts
FN:19,(anonymous_13)
FN:19,(anonymous_14)
FN:19,(anonymous_15)
FN:19,(anonymous_16)
FN:35,(anonymous_17)
FN:52,(anonymous_18)
FN:58,(anonymous_20)
FN:58,(anonymous_21)
FN:325,(anonymous_22)
FN:336,(anonymous_23)
FN:365,(anonymous_24)
FN:369,(anonymous_26)
FN:375,(anonymous_28)
FN:610,(anonymous_29)
FN:610,(anonymous_30)
FN:644,(anonymous_31)
FN:650,(anonymous_33)
FN:891,(anonymous_34)
FN:891,(anonymous_35)
FNF:19
FNH:9
FNDA:1,(anonymous_13)
FNDA:1,(anonymous_14)
FNDA:1,(anonymous_15)
FNDA:1,(anonymous_16)
FNDA:0,(anonymous_17)
FNDA:1,(anonymous_18)
FNDA:1,(anonymous_20)
FNDA:1,(anonymous_21)
FNDA:75,(anonymous_22)
FNDA:76,(anonymous_23)
FNDA:0,(anonymous_24)
FNDA:0,(anonymous_26)
FNDA:0,(anonymous_28)
FNDA:0,(anonymous_29)
FNDA:0,(anonymous_30)
FNDA:0,(anonymous_31)
FNDA:0,(anonymous_33)
FNDA:0,(anonymous_34)
FNDA:0,(anonymous_35)
DA:5,1
DA:11,1
DA:13,1
DA:19,1
DA:21,1
DA:24,1
DA:30,1
DA:33,1
DA:58,1
DA:64,1
DA:70,1
DA:76,1
DA:82,1
DA:88,1
DA:90,1
DA:93,1
DA:94,1
DA:95,1
DA:96,1
DA:97,1
DA:110,1
DA:111,1
DA:112,0
DA:113,0
DA:116,1
DA:117,0
DA:118,0
DA:121,1
DA:122,0
DA:123,0
DA:127,1
DA:128,0
DA:129,0
DA:132,1
DA:133,0
DA:134,0
DA:137,1
DA:138,0
DA:139,0
DA:142,1
DA:143,0
DA:144,0
DA:147,1
DA:151,0
DA:153,0
DA:154,0
DA:155,0
DA:157,0
DA:163,0
DA:172,0
DA:189,1
DA:199,1
DA:209,1
DA:215,1
DA:216,1
DA:222,1
DA:223,1
DA:242,1
DA:252,1
DA:258,1
DA:264,1
DA:266,1
DA:273,1
DA:276,1
DA:277,1
DA:278,1
DA:279,1
DA:280,1
DA:289,1
DA:291,1
DA:292,1
DA:302,1
DA:320,1
DA:321,0
DA:323,1
DA:326,75
DA:327,75
DA:328,1
DA:332,0
DA:336,76
DA:339,1
DA:353,1
DA:354,1
DA:356,1
DA:375,0
DA:380,0
DA:386,0
DA:392,0
DA:398,0
DA:404,0
DA:406,0
DA:409,0
DA:410,0
DA:411,0
DA:412,0
DA:413,0
DA:426,0
DA:427,0
DA:428,0
DA:429,0
DA:432,0
DA:433,0
DA:434,0
DA:437,0
DA:438,0
DA:439,0
DA:442,0
DA:443,0
DA:444,0
DA:447,0
DA:448,0
DA:449,0
DA:452,0
DA:453,0
DA:454,0
DA:458,0
DA:459,0
DA:460,0
DA:463,0
DA:464,0
DA:465,0
DA:468,0
DA:469,0
DA:470,0
DA:473,0
DA:476,0
DA:478,0
DA:479,0
DA:480,0
DA:482,0
DA:488,0
DA:497,0
DA:514,0
DA:524,0
DA:530,0
DA:531,0
DA:532,0
DA:533,0
DA:534,0
DA:536,0
DA:542,0
DA:548,0
DA:554,0
DA:560,0
DA:566,0
DA:568,0
DA:571,0
DA:572,0
DA:573,0
DA:574,0
DA:575,0
DA:576,0
DA:578,0
DA:591,0
DA:592,0
DA:593,0
DA:595,0
DA:597,0
DA:598,0
DA:610,0
DA:611,0
DA:613,0
DA:614,0
DA:615,0
DA:617,0
DA:619,0
DA:622,0
DA:635,0
DA:650,0
DA:655,0
DA:661,0
DA:667,0
DA:673,0
DA:679,0
DA:681,0
DA:684,0
DA:685,0
DA:686,0
DA:687,0
DA:688,0
DA:701,0
DA:702,0
DA:703,0
DA:704,0
DA:707,0
DA:708,0
DA:709,0
DA:712,0
DA:713,0
DA:714,0
DA:717,0
DA:718,0
DA:719,0
DA:722,0
DA:723,0
DA:724,0
DA:727,0
DA:728,0
DA:729,0
DA:733,0
DA:734,0
DA:735,0
DA:738,0
DA:739,0
DA:740,0
DA:743,0
DA:744,0
DA:745,0
DA:748,0
DA:751,0
DA:753,0
DA:754,0
DA:755,0
DA:757,0
DA:763,0
DA:772,0
DA:789,0
DA:799,0
DA:805,0
DA:806,0
DA:807,0
DA:808,0
DA:809,0
DA:811,0
DA:817,0
DA:823,0
DA:829,0
DA:835,0
DA:841,0
DA:843,0
DA:846,0
DA:847,0
DA:848,0
DA:849,0
DA:850,0
DA:851,0
DA:853,0
DA:866,0
DA:867,0
DA:868,0
DA:870,0
DA:872,0
DA:873,0
DA:875,0
DA:876,0
DA:877,0
DA:878,0
DA:879,0
DA:891,0
DA:892,0
DA:894,0
DA:895,0
DA:896,0
DA:898,0
DA:899,0
DA:900,0
DA:901,0
DA:902,0
DA:904,0
DA:907,0
DA:923,0
LF:261
LH:61
BRDA:88,0,0,1
BRDA:88,0,1,0
BRDA:110,1,0,1
BRDA:110,1,1,0
BRDA:111,2,0,0
BRDA:111,2,1,1
BRDA:116,3,0,0
BRDA:116,3,1,1
BRDA:121,4,0,0
BRDA:121,4,1,1
BRDA:127,5,0,0
BRDA:127,5,1,1
BRDA:132,6,0,0
BRDA:132,6,1,1
BRDA:137,7,0,0
BRDA:137,7,1,1
BRDA:142,8,0,0
BRDA:142,8,1,1
BRDA:147,9,0,0
BRDA:147,9,1,1
BRDA:264,10,0,1
BRDA:264,10,1,0
BRDA:320,11,0,0
BRDA:320,11,1,1
BRDA:326,12,0,75
BRDA:326,12,1,0
BRDA:327,13,0,1
BRDA:327,13,1,74
BRDA:353,14,0,1
BRDA:353,14,1,0
BRDA:353,15,0,1
BRDA:353,15,1,1
BRDA:404,16,0,0
BRDA:404,16,1,0
BRDA:426,17,0,0
BRDA:426,17,1,0
BRDA:426,18,0,0
BRDA:426,18,1,0
BRDA:426,18,2,0
BRDA:426,18,3,0
BRDA:427,19,0,0
BRDA:427,19,1,0
BRDA:427,20,0,0
BRDA:427,20,1,0
BRDA:432,21,0,0
BRDA:432,21,1,0
BRDA:437,22,0,0
BRDA:437,22,1,0
BRDA:442,23,0,0
BRDA:442,23,1,0
BRDA:447,24,0,0
BRDA:447,24,1,0
BRDA:452,25,0,0
BRDA:452,25,1,0
BRDA:452,26,0,0
BRDA:452,26,1,0
BRDA:458,27,0,0
BRDA:458,27,1,0
BRDA:463,28,0,0
BRDA:463,28,1,0
BRDA:468,29,0,0
BRDA:468,29,1,0
BRDA:473,30,0,0
BRDA:473,30,1,0
BRDA:679,31,0,0
BRDA:679,31,1,0
BRDA:701,32,0,0
BRDA:701,32,1,0
BRDA:701,33,0,0
BRDA:701,33,1,0
BRDA:701,33,2,0
BRDA:701,33,3,0
BRDA:702,34,0,0
BRDA:702,34,1,0
BRDA:702,35,0,0
BRDA:702,35,1,0
BRDA:707,36,0,0
BRDA:707,36,1,0
BRDA:712,37,0,0
BRDA:712,37,1,0
BRDA:717,38,0,0
BRDA:717,38,1,0
BRDA:722,39,0,0
BRDA:722,39,1,0
BRDA:727,40,0,0
BRDA:727,40,1,0
BRDA:727,41,0,0
BRDA:727,41,1,0
BRDA:733,42,0,0
BRDA:733,42,1,0
BRDA:738,43,0,0
BRDA:738,43,1,0
BRDA:743,44,0,0
BRDA:743,44,1,0
BRDA:748,45,0,0
BRDA:748,45,1,0
BRDA:19,46,0,1
BRDA:19,46,1,1
BRDA:19,47,0,1
BRDA:19,47,1,1
BRDA:19,48,0,1
BRDA:19,48,1,1
BRDA:19,49,0,1
BRDA:19,49,1,1
BRF:104
BRH:26
end_of_record
TN:
SF:0. Script\Extensions\12\Other\2\Programming\Method\3\1_0\Extension_Director_Of_Programming_Chapter_12_2_Page_3_StorageRequest_Handler_1_0.ts
FN:44,(anonymous_13)
FN:44,(anonymous_14)
FN:44,(anonymous_15)
FN:44,(anonymous_16)
FN:46,(anonymous_17)
FN:63,(anonymous_18)
FN:69,(anonymous_20)
FN:69,(anonymous_21)
FN:407,(anonymous_22)
FN:411,(anonymous_23)
FN:438,(anonymous_24)
FN:488,(anonymous_25)
FN:494,(anonymous_27)
FN:494,(anonymous_28)
FN:728,(anonymous_29)
FN:728,(anonymous_30)
FNF:16
FNH:4
FNDA:1,(anonymous_13)
FNDA:1,(anonymous_14)
FNDA:1,(anonymous_15)
FNDA:1,(anonymous_16)
FNDA:0,(anonymous_17)
FNDA:0,(anonymous_18)
FNDA:0,(anonymous_20)
FNDA:0,(anonymous_21)
FNDA:0,(anonymous_22)
FNDA:0,(anonymous_23)
FNDA:0,(anonymous_24)
FNDA:0,(anonymous_25)
FNDA:0,(anonymous_27)
FNDA:0,(anonymous_28)
FNDA:0,(anonymous_29)
FNDA:0,(anonymous_30)
DA:5,1
DA:6,1
DA:7,1
DA:8,1
DA:10,1
DA:13,0
DA:14,0
DA:15,0
DA:18,0
DA:19,0
DA:35,1
DA:36,1
DA:38,1
DA:44,1
DA:45,1
DA:69,0
DA:80,0
DA:86,0
DA:92,0
DA:98,0
DA:104,0
DA:106,0
DA:109,0
DA:110,0
DA:111,0
DA:112,0
DA:113,0
DA:125,0
DA:126,0
DA:127,0
DA:128,0
DA:131,0
DA:132,0
DA:133,0
DA:136,0
DA:137,0
DA:138,0
DA:142,0
DA:143,0
DA:144,0
DA:147,0
DA:148,0
DA:149,0
DA:152,0
DA:153,0
DA:154,0
DA:157,0
DA:158,0
DA:159,0
DA:162,0
DA:163,0
DA:164,0
DA:167,0
DA:168,0
DA:169,0
DA:172,0
DA:173,0
DA:174,0
DA:177,0
DA:178,0
DA:179,0
DA:182,0
DA:185,0
DA:186,0
DA:188,0
DA:189,0
DA:190,0
DA:192,0
DA:199,0
DA:208,0
DA:209,0
DA:211,0
DA:212,0
DA:213,0
DA:215,0
DA:222,0
DA:239,0
DA:249,0
DA:255,0
DA:256,0
DA:268,0
DA:269,0
DA:275,0
DA:282,0
DA:288,0
DA:294,0
DA:300,0
DA:302,0
DA:305,0
DA:306,0
DA:307,0
DA:308,0
DA:309,0
DA:310,0
DA:313,0
DA:319,0
DA:325,0
DA:331,0
DA:332,0
DA:333,0
DA:334,0
DA:336,0
DA:337,0
DA:343,0
DA:350,0
DA:351,0
DA:352,0
DA:353,0
DA:366,0
DA:370,0
DA:372,0
DA:373,0
DA:374,0
DA:375,0
DA:376,0
DA:377,0
DA:378,0
DA:379,0
DA:380,0
DA:382,0
DA:385,0
DA:388,0
DA:393,0
DA:396,0
DA:402,0
DA:403,0
DA:404,0
DA:405,0
DA:407,0
DA:408,0
DA:411,0
DA:412,0
DA:419,0
DA:425,0
DA:426,0
DA:428,0
DA:429,0
DA:431,0
DA:434,0
DA:435,0
DA:437,0
DA:438,0
DA:479,0
DA:494,0
DA:500,0
DA:506,0
DA:512,0
DA:518,0
DA:524,0
DA:526,0
DA:529,0
DA:530,0
DA:531,0
DA:532,0
DA:533,0
DA:545,0
DA:546,0
DA:547,0
DA:548,0
DA:551,0
DA:552,0
DA:553,0
DA:556,0
DA:557,0
DA:558,0
DA:562,0
DA:563,0
DA:564,0
DA:567,0
DA:568,0
DA:569,0
DA:572,0
DA:573,0
DA:574,0
DA:577,0
DA:578,0
DA:579,0
DA:582,0
DA:585,0
DA:586,0
DA:588,0
DA:589,0
DA:590,0
DA:592,0
DA:599,0
DA:608,0
DA:609,0
DA:611,0
DA:612,0
DA:613,0
DA:615,0
DA:622,0
DA:639,0
DA:649,0
DA:655,0
DA:661,0
DA:662,0
DA:663,0
DA:669,0
DA:675,0
DA:681,0
DA:683,0
DA:686,0
DA:687,0
DA:688,0
DA:689,0
DA:690,0
DA:691,0
DA:697,0
DA:698,0
DA:699,0
DA:700,0
DA:706,0
DA:713,0
DA:714,0
DA:715,0
DA:716,0
DA:726,0
DA:728,0
DA:732,0
DA:734,0
DA:737,0
DA:738,0
DA:741,0
DA:742,0
DA:743,0
DA:744,0
DA:747,0
DA:748,0
DA:750,0
DA:758,0
DA:759,0
DA:761,0
DA:762,0
DA:763,0
DA:765,0
DA:772,0
DA:779,0
DA:783,0
DA:784,0
DA:787,0
DA:788,0
DA:790,0
DA:791,0
DA:793,0
DA:794,0
DA:803,0
DA:812,0
DA:818,0
DA:819,0
DA:821,0
DA:822,0
DA:823,0
DA:825,0
DA:832,0
DA:847,0
LF:256
LH:10
BRDA:10,0,0,0
BRDA:10,0,1,1
BRDA:104,1,0,0
BRDA:104,1,1,0
BRDA:125,2,0,0
BRDA:125,2,1,0
BRDA:125,3,0,0
BRDA:125,3,1,0
BRDA:125,3,2,0
BRDA:125,3,3,0
BRDA:126,4,0,0
BRDA:126,4,1,0
BRDA:126,5,0,0
BRDA:126,5,1,0
BRDA:131,6,0,0
BRDA:131,6,1,0
BRDA:136,7,0,0
BRDA:136,7,1,0
BRDA:136,8,0,0
BRDA:136,8,1,0
BRDA:142,9,0,0
BRDA:142,9,1,0
BRDA:147,10,0,0
BRDA:147,10,1,0
BRDA:152,11,0,0
BRDA:152,11,1,0
BRDA:157,12,0,0
BRDA:157,12,1,0
BRDA:162,13,0,0
BRDA:162,13,1,0
BRDA:167,14,0,0
BRDA:167,14,1,0
BRDA:172,15,0,0
BRDA:172,15,1,0
BRDA:177,16,0,0
BRDA:177,16,1,0
BRDA:182,17,0,0
BRDA:182,17,1,0
BRDA:185,18,0,0
BRDA:185,18,1,0
BRDA:208,19,0,0
BRDA:208,19,1,0
BRDA:300,20,0,0
BRDA:300,20,1,0
BRDA:336,21,0,0
BRDA:336,21,1,0
BRDA:366,22,0,0
BRDA:366,22,1,0
BRDA:385,23,0,0
BRDA:385,23,1,0
BRDA:425,24,0,0
BRDA:425,24,1,0
BRDA:437,25,0,0
BRDA:437,25,1,0
BRDA:437,26,0,0
BRDA:437,26,1,0
BRDA:438,27,0,0
BRDA:438,27,1,0
BRDA:438,28,0,0
BRDA:438,28,1,0
BRDA:438,29,0,0
BRDA:438,29,1,0
BRDA:438,30,0,0
BRDA:438,30,1,0
BRDA:438,31,0,0
BRDA:438,31,1,0
BRDA:438,32,0,0
BRDA:438,32,1,0
BRDA:438,33,0,0
BRDA:438,33,1,0
BRDA:438,34,0,0
BRDA:438,34,1,0
BRDA:524,35,0,0
BRDA:524,35,1,0
BRDA:545,36,0,0
BRDA:545,36,1,0
BRDA:545,37,0,0
BRDA:545,37,1,0
BRDA:545,37,2,0
BRDA:545,37,3,0
BRDA:546,38,0,0
BRDA:546,38,1,0
BRDA:546,39,0,0
BRDA:546,39,1,0
BRDA:551,40,0,0
BRDA:551,40,1,0
BRDA:556,41,0,0
BRDA:556,41,1,0
BRDA:556,42,0,0
BRDA:556,42,1,0
BRDA:562,43,0,0
BRDA:562,43,1,0
BRDA:567,44,0,0
BRDA:567,44,1,0
BRDA:572,45,0,0
BRDA:572,45,1,0
BRDA:577,46,0,0
BRDA:577,46,1,0
BRDA:582,47,0,0
BRDA:582,47,1,0
BRDA:585,48,0,0
BRDA:585,48,1,0
BRDA:608,49,0,0
BRDA:608,49,1,0
BRDA:681,50,0,0
BRDA:681,50,1,0
BRDA:737,51,0,0
BRDA:737,51,1,0
BRDA:747,52,0,0
BRDA:747,52,1,0
BRDA:750,53,0,0
BRDA:750,53,1,0
BRDA:750,54,0,0
BRDA:750,54,1,0
BRDA:758,55,0,0
BRDA:758,55,1,0
BRDA:779,56,0,0
BRDA:779,56,1,0
BRDA:783,57,0,0
BRDA:783,57,1,0
BRDA:785,58,0,0
BRDA:785,58,1,0
BRDA:785,58,2,0
BRDA:785,58,3,0
BRDA:803,59,0,0
BRDA:803,59,1,0
BRDA:818,60,0,0
BRDA:818,60,1,0
BRDA:44,61,0,1
BRDA:44,61,1,1
BRDA:44,62,0,1
BRDA:44,62,1,1
BRDA:44,63,0,1
BRDA:44,63,1,1
BRDA:44,64,0,1
BRDA:44,64,1,1
BRF:136
BRH:9
end_of_record
TN:
SF:0. Script\Extensions\12\Other\3\Web Development\Method\0\1_0\Extension_Director_Of_WebDevelopment_Chapter_12_3_Page_0_GoalHelper_Handler_1_0.ts
FN:23,(anonymous_13)
FN:23,(anonymous_14)
FN:23,(anonymous_15)
FN:23,(anonymous_16)
FN:25,(anonymous_17)
FN:42,(anonymous_18)
FN:47,(anonymous_20)
FN:47,(anonymous_21)
FN:282,(anonymous_22)
FN:282,(anonymous_23)
FN:337,(anonymous_24)
FN:342,(anonymous_26)
FN:342,(anonymous_27)
FN:740,(anonymous_28)
FN:740,(anonymous_29)
FN:775,(anonymous_30)
FN:775,(anonymous_31)
FN:813,(anonymous_32)
FN:813,(anonymous_33)
FN:851,(anonymous_34)
FN:851,(anonymous_35)
FN:889,(anonymous_36)
FN:889,(anonymous_37)
FN:926,(anonymous_38)
FN:926,(anonymous_39)
FN:940,(anonymous_40)
FN:940,(anonymous_41)
FN:953,(anonymous_42)
FN:953,(anonymous_43)
FN:981,(anonymous_44)
FN:981,(anonymous_45)
FN:989,(anonymous_46)
FN:1074,(anonymous_47)
FN:1080,(anonymous_49)
FN:1080,(anonymous_50)
FN:1315,(anonymous_51)
FN:1315,(anonymous_52)
FN:1366,(anonymous_53)
FN:1371,(anonymous_55)
FN:1371,(anonymous_56)
FN:1613,(anonymous_57)
FN:1613,(anonymous_58)
FN:1615,(anonymous_59)
FN:1668,(anonymous_60)
FN:1673,(anonymous_62)
FN:1673,(anonymous_63)
FN:1916,(anonymous_64)
FN:1916,(anonymous_65)
FN:1918,(anonymous_66)
FN:1972,(anonymous_67)
FN:1977,(anonymous_69)
FN:1977,(anonymous_70)
FN:2220,(anonymous_71)
FN:2220,(anonymous_72)
FN:2222,(anonymous_73)
FN:2232,(anonymous_74)
FN:2291,(anonymous_75)
FN:2296,(anonymous_77)
FN:2296,(anonymous_78)
FN:2552,(anonymous_79)
FN:2552,(anonymous_80)
FN:2554,(anonymous_81)
FN:2555,(anonymous_82)
FN:2562,(anonymous_83)
FN:2563,(anonymous_84)
FN:2571,(anonymous_85)
FN:2576,(anonymous_86)
FN:2581,(anonymous_87)
FN:2590,(anonymous_88)
FN:2594,(anonymous_89)
FN:2598,(anonymous_90)
FN:2616,(anonymous_91)
FN:2617,(anonymous_92)
FN:2626,(anonymous_93)
FN:2636,(anonymous_94)
FN:2645,(anonymous_95)
FN:2666,(anonymous_96)
FN:2680,(anonymous_97)
FN:2684,(anonymous_98)
FN:2753,(anonymous_99)
FN:2758,(anonymous_101)
FN:2758,(anonymous_102)
FN:3014,(anonymous_103)
FN:3014,(anonymous_104)
FN:3066,(anonymous_105)
FN:3071,(anonymous_107)
FN:3071,(anonymous_108)
FN:3327,(anonymous_109)
FN:3327,(anonymous_110)
FN:3379,(anonymous_111)
FN:3384,(anonymous_113)
FN:3384,(anonymous_114)
FN:3670,(anonymous_115)
FN:3670,(anonymous_116)
FN:3728,(anonymous_117)
FN:3728,(anonymous_118)
FNF:96
FNH:4
FNDA:1,(anonymous_13)
FNDA:1,(anonymous_14)
FNDA:1,(anonymous_15)
FNDA:1,(anonymous_16)
FNDA:0,(anonymous_17)
FNDA:0,(anonymous_18)
FNDA:0,(anonymous_20)
FNDA:0,(anonymous_21)
FNDA:0,(anonymous_22)
FNDA:0,(anonymous_23)
FNDA:0,(anonymous_24)
FNDA:0,(anonymous_26)
FNDA:0,(anonymous_27)
FNDA:0,(anonymous_28)
FNDA:0,(anonymous_29)
FNDA:0,(anonymous_30)
FNDA:0,(anonymous_31)
FNDA:0,(anonymous_32)
FNDA:0,(anonymous_33)
FNDA:0,(anonymous_34)
FNDA:0,(anonymous_35)
FNDA:0,(anonymous_36)
FNDA:0,(anonymous_37)
FNDA:0,(anonymous_38)
FNDA:0,(anonymous_39)
FNDA:0,(anonymous_40)
FNDA:0,(anonymous_41)
FNDA:0,(anonymous_42)
FNDA:0,(anonymous_43)
FNDA:0,(anonymous_44)
FNDA:0,(anonymous_45)
FNDA:0,(anonymous_46)
FNDA:0,(anonymous_47)
FNDA:0,(anonymous_49)
FNDA:0,(anonymous_50)
FNDA:0,(anonymous_51)
FNDA:0,(anonymous_52)
FNDA:0,(anonymous_53)
FNDA:0,(anonymous_55)
FNDA:0,(anonymous_56)
FNDA:0,(anonymous_57)
FNDA:0,(anonymous_58)
FNDA:0,(anonymous_59)
FNDA:0,(anonymous_60)
FNDA:0,(anonymous_62)
FNDA:0,(anonymous_63)
FNDA:0,(anonymous_64)
FNDA:0,(anonymous_65)
FNDA:0,(anonymous_66)
FNDA:0,(anonymous_67)
FNDA:0,(anonymous_69)
FNDA:0,(anonymous_70)
FNDA:0,(anonymous_71)
FNDA:0,(anonymous_72)
FNDA:0,(anonymous_73)
FNDA:0,(anonymous_74)
FNDA:0,(anonymous_75)
FNDA:0,(anonymous_77)
FNDA:0,(anonymous_78)
FNDA:0,(anonymous_79)
FNDA:0,(anonymous_80)
FNDA:0,(anonymous_81)
FNDA:0,(anonymous_82)
FNDA:0,(anonymous_83)
FNDA:0,(anonymous_84)
FNDA:0,(anonymous_85)
FNDA:0,(anonymous_86)
FNDA:0,(anonymous_87)
FNDA:0,(anonymous_88)
FNDA:0,(anonymous_89)
FNDA:0,(anonymous_90)
FNDA:0,(anonymous_91)
FNDA:0,(anonymous_92)
FNDA:0,(anonymous_93)
FNDA:0,(anonymous_94)
FNDA:0,(anonymous_95)
FNDA:0,(anonymous_96)
FNDA:0,(anonymous_97)
FNDA:0,(anonymous_98)
FNDA:0,(anonymous_99)
FNDA:0,(anonymous_101)
FNDA:0,(anonymous_102)
FNDA:0,(anonymous_103)
FNDA:0,(anonymous_104)
FNDA:0,(anonymous_105)
FNDA:0,(anonymous_107)
FNDA:0,(anonymous_108)
FNDA:0,(anonymous_109)
FNDA:0,(anonymous_110)
FNDA:0,(anonymous_111)
FNDA:0,(anonymous_113)
FNDA:0,(anonymous_114)
FNDA:0,(anonymous_115)
FNDA:0,(anonymous_116)
FNDA:0,(anonymous_117)
FNDA:0,(anonymous_118)
DA:13,1
DA:14,1
DA:15,1
DA:17,1
DA:23,1
DA:24,1
DA:47,0
DA:58,0
DA:64,0
DA:70,0
DA:76,0
DA:82,0
DA:84,0
DA:87,0
DA:88,0
DA:89,0
DA:90,0
DA:91,0
DA:92,0
DA:104,0
DA:105,0
DA:106,0
DA:107,0
DA:110,0
DA:111,0
DA:112,0
DA:115,0
DA:116,0
DA:117,0
DA:121,0
DA:122,0
DA:123,0
DA:126,0
DA:127,0
DA:128,0
DA:131,0
DA:132,0
DA:133,0
DA:136,0
DA:137,0
DA:138,0
DA:141,0
DA:144,0
DA:145,0
DA:147,0
DA:148,0
DA:149,0
DA:151,0
DA:158,0
DA:166,0
DA:167,0
DA:169,0
DA:170,0
DA:171,0
DA:173,0
DA:180,0
DA:197,0
DA:207,0
DA:213,0
DA:225,0
DA:232,0
DA:238,0
DA:244,0
DA:246,0
DA:249,0
DA:250,0
DA:251,0
DA:252,0
DA:253,0
DA:254,0
DA:263,0
DA:269,0
DA:282,0
DA:283,0
DA:284,0
DA:285,0
DA:288,0
DA:293,0
DA:294,0
DA:296,0
DA:297,0
DA:298,0
DA:299,0
DA:301,0
DA:308,0
DA:314,0
DA:328,0
DA:342,0
DA:357,0
DA:363,0
DA:391,0
DA:397,0
DA:403,0
DA:405,0
DA:412,0
DA:415,0
DA:416,0
DA:417,0
DA:418,0
DA:419,0
DA:444,0
DA:451,0
DA:452,0
DA:453,0
DA:456,0
DA:457,0
DA:458,0
DA:462,0
DA:463,0
DA:464,0
DA:467,0
DA:468,0
DA:469,0
DA:472,0
DA:473,0
DA:474,0
DA:477,0
DA:478,0
DA:479,0
DA:482,0
DA:483,0
DA:484,0
DA:487,0
DA:490,0
DA:491,0
DA:498,0
DA:499,0
DA:502,0
DA:504,0
DA:511,0
DA:519,0
DA:520,0
DA:527,0
DA:528,0
DA:531,0
DA:533,0
DA:540,0
DA:557,0
DA:567,0
DA:579,0
DA:580,0
DA:581,0
DA:582,0
DA:584,0
DA:585,0
DA:598,0
DA:599,0
DA:620,0
DA:630,0
DA:636,0
DA:642,0
DA:644,0
DA:646,0
DA:651,0
DA:656,0
DA:657,0
DA:658,0
DA:659,0
DA:660,0
DA:671,0
DA:677,0
DA:678,0
DA:679,0
DA:685,0
DA:687,0
DA:688,0
DA:690,0
DA:700,0
DA:702,0
DA:703,0
DA:704,0
DA:705,0
DA:706,0
DA:708,0
DA:710,0
DA:711,0
DA:712,0
DA:713,0
DA:714,0
DA:715,0
DA:716,0
DA:717,0
DA:718,0
DA:719,0
DA:720,0
DA:722,0
DA:734,0
DA:739,0
DA:740,0
DA:741,0
DA:742,0
DA:743,0
DA:744,0
DA:745,0
DA:746,0
DA:748,0
DA:750,0
DA:752,0
DA:753,0
DA:755,0
DA:756,0
DA:757,0
DA:758,0
DA:760,0
DA:762,0
DA:765,0
DA:768,0
DA:774,0
DA:775,0
DA:776,0
DA:777,0
DA:778,0
DA:779,0
DA:780,0
DA:781,0
DA:783,0
DA:785,0
DA:787,0
DA:788,0
DA:790,0
DA:791,0
DA:792,0
DA:793,0
DA:795,0
DA:797,0
DA:799,0
DA:802,0
DA:805,0
DA:812,0
DA:813,0
DA:814,0
DA:815,0
DA:816,0
DA:817,0
DA:818,0
DA:819,0
DA:821,0
DA:823,0
DA:825,0
DA:826,0
DA:828,0
DA:829,0
DA:830,0
DA:831,0
DA:833,0
DA:835,0
DA:837,0
DA:840,0
DA:843,0
DA:850,0
DA:851,0
DA:852,0
DA:853,0
DA:854,0
DA:855,0
DA:856,0
DA:857,0
DA:859,0
DA:861,0
DA:863,0
DA:864,0
DA:866,0
DA:867,0
DA:868,0
DA:869,0
DA:871,0
DA:873,0
DA:875,0
DA:878,0
DA:881,0
DA:888,0
DA:889,0
DA:890,0
DA:891,0
DA:892,0
DA:893,0
DA:894,0
DA:895,0
DA:897,0
DA:899,0
DA:901,0
DA:903,0
DA:904,0
DA:906,0
DA:907,0
DA:908,0
DA:909,0
DA:911,0
DA:914,0
DA:917,0
DA:925,0
DA:926,0
DA:931,0
DA:939,0
DA:940,0
DA:945,0
DA:952,0
DA:953,0
DA:954,0
DA:955,0
DA:956,0
DA:957,0
DA:958,0
DA:959,0
DA:960,0
DA:962,0
DA:963,0
DA:964,0
DA:965,0
DA:967,0
DA:970,0
DA:973,0
DA:980,0
DA:981,0
DA:982,0
DA:983,0
DA:985,0
DA:989,0
DA:990,0
DA:991,0
DA:993,0
DA:995,0
DA:997,0
DA:1000,0
DA:1006,0
DA:1007,0
DA:1011,0
DA:1014,0
DA:1017,0
DA:1027,0
DA:1028,0
DA:1035,0
DA:1036,0
DA:1037,0
DA:1038,0
DA:1041,0
DA:1043,0
DA:1050,0
DA:1065,0
DA:1080,0
DA:1091,0
DA:1097,0
DA:1103,0
DA:1109,0
DA:1115,0
DA:1117,0
DA:1120,0
DA:1121,0
DA:1122,0
DA:1123,0
DA:1124,0
DA:1125,0
DA:1137,0
DA:1138,0
DA:1139,0
DA:1140,0
DA:1143,0
DA:1144,0
DA:1145,0
DA:1148,0
DA:1149,0
DA:1150,0
DA:1154,0
DA:1155,0
DA:1156,0
DA:1159,0
DA:1160,0
DA:1161,0
DA:1164,0
DA:1165,0
DA:1166,0
DA:1169,0
DA:1170,0
DA:1171,0
DA:1174,0
DA:1177,0
DA:1178,0
DA:1180,0
DA:1181,0
DA:1182,0
DA:1184,0
DA:1191,0
DA:1199,0
DA:1200,0
DA:1202,0
DA:1203,0
DA:1204,0
DA:1206,0
DA:1213,0
DA:1230,0
DA:1240,0
DA:1246,0
DA:1258,0
DA:1265,0
DA:1271,0
DA:1277,0
DA:1279,0
DA:1282,0
DA:1283,0
DA:1284,0
DA:1285,0
DA:1286,0
DA:1287,0
DA:1296,0
DA:1302,0
DA:1315,0
DA:1316,0
DA:1317,0
DA:1322,0
DA:1323,0
DA:1325,0
DA:1326,0
DA:1327,0
DA:1328,0
DA:1330,0
DA:1337,0
DA:1343,0
DA:1357,0
DA:1371,0
DA:1382,0
DA:1388,0
DA:1394,0
DA:1400,0
DA:1406,0
DA:1408,0
DA:1411,0
DA:1412,0
DA:1413,0
DA:1414,0
DA:1415,0
DA:1416,0
DA:1428,0
DA:1429,0
DA:1430,0
DA:1431,0
DA:1434,0
DA:1435,0
DA:1436,0
DA:1439,0
DA:1440,0
DA:1441,0
DA:1445,0
DA:1446,0
DA:1447,0
DA:1450,0
DA:1451,0
DA:1452,0
DA:1455,0
DA:1456,0
DA:1457,0
DA:1460,0
DA:1461,0
DA:1462,0
DA:1465,0
DA:1466,0
DA:1467,0
DA:1470,0
DA:1473,0
DA:1474,0
DA:1476,0
DA:1477,0
DA:1478,0
DA:1480,0
DA:1487,0
DA:1495,0
DA:1496,0
DA:1498,0
DA:1499,0
DA:1500,0
DA:1502,0
DA:1509,0
DA:1526,0
DA:1536,0
DA:1542,0
DA:1543,0
DA:1555,0
DA:1562,0
DA:1568,0
DA:1574,0
DA:1576,0
DA:1579,0
DA:1580,0
DA:1581,0
DA:1582,0
DA:1583,0
DA:1584,0
DA:1593,0
DA:1594,0
DA:1600,0
DA:1613,0
DA:1614,0
DA:1615,0
DA:1616,0
DA:1619,0
DA:1624,0
DA:1625,0
DA:1627,0
DA:1628,0
DA:1629,0
DA:1630,0
DA:1632,0
DA:1639,0
DA:1645,0
DA:1659,0
DA:1673,0
DA:1684,0
DA:1690,0
DA:1696,0
DA:1702,0
DA:1708,0
DA:1710,0
DA:1713,0
DA:1714,0
DA:1715,0
DA:1716,0
DA:1717,0
DA:1718,0
DA:1730,0
DA:1731,0
DA:1732,0
DA:1733,0
DA:1736,0
DA:1737,0
DA:1738,0
DA:1741,0
DA:1742,0
DA:1743,0
DA:1747,0
DA:1748,0
DA:1749,0
DA:1752,0
DA:1753,0
DA:1754,0
DA:1757,0
DA:1758,0
DA:1759,0
DA:1762,0
DA:1763,0
DA:1764,0
DA:1767,0
DA:1768,0
DA:1769,0
DA:1772,0
DA:1775,0
DA:1776,0
DA:1778,0
DA:1779,0
DA:1780,0
DA:1782,0
DA:1789,0
DA:1797,0
DA:1798,0
DA:1800,0
DA:1801,0
DA:1802,0
DA:1804,0
DA:1811,0
DA:1828,0
DA:1838,0
DA:1844,0
DA:1846,0
DA:1858,0
DA:1865,0
DA:1871,0
DA:1877,0
DA:1879,0
DA:1882,0
DA:1883,0
DA:1884,0
DA:1885,0
DA:1886,0
DA:1887,0
DA:1896,0
DA:1897,0
DA:1903,0
DA:1916,0
DA:1917,0
DA:1918,0
DA:1919,0
DA:1920,0
DA:1923,0
DA:1928,0
DA:1929,0
DA:1931,0
DA:1932,0
DA:1933,0
DA:1934,0
DA:1936,0
DA:1943,0
DA:1949,0
DA:1963,0
DA:1977,0
DA:1988,0
DA:1994,0
DA:2000,0
DA:2006,0
DA:2012,0
DA:2014,0
DA:2017,0
DA:2018,0
DA:2019,0
DA:2020,0
DA:2021,0
DA:2033,0
DA:2034,0
DA:2035,0
DA:2036,0
DA:2039,0
DA:2040,0
DA:2041,0
DA:2044,0
DA:2045,0
DA:2046,0
DA:2050,0
DA:2051,0
DA:2052,0
DA:2055,0
DA:2056,0
DA:2057,0
DA:2060,0
DA:2061,0
DA:2062,0
DA:2065,0
DA:2066,0
DA:2067,0
DA:2070,0
DA:2071,0
DA:2072,0
DA:2075,0
DA:2078,0
DA:2079,0
DA:2081,0
DA:2082,0
DA:2083,0
DA:2085,0
DA:2092,0
DA:2100,0
DA:2101,0
DA:2103,0
DA:2104,0
DA:2105,0
DA:2107,0
DA:2114,0
DA:2131,0
DA:2141,0
DA:2147,0
DA:2149,0
DA:2150,0
DA:2162,0
DA:2169,0
DA:2175,0
DA:2181,0
DA:2183,0
DA:2186,0
DA:2187,0
DA:2188,0
DA:2189,0
DA:2190,0
DA:2191,0
DA:2200,0
DA:2201,0
DA:2207,0
DA:2220,0
DA:2221,0
DA:2222,0
DA:2223,0
DA:2224,0
DA:2225,0
DA:2228,0
DA:2232,0
DA:2233,0
DA:2234,0
DA:2237,0
DA:2238,0
DA:2242,0
DA:2247,0
DA:2248,0
DA:2250,0
DA:2251,0
DA:2252,0
DA:2253,0
DA:2255,0
DA:2262,0
DA:2268,0
DA:2282,0
DA:2296,0
DA:2307,0
DA:2313,0
DA:2319,0
DA:2325,0
DA:2331,0
DA:2333,0
DA:2336,0
DA:2337,0
DA:2338,0
DA:2339,0
DA:2340,0
DA:2341,0
DA:2353,0
DA:2354,0
DA:2355,0
DA:2356,0
DA:2359,0
DA:2360,0
DA:2361,0
DA:2364,0
DA:2365,0
DA:2366,0
DA:2370,0
DA:2371,0
DA:2372,0
DA:2375,0
DA:2376,0
DA:2377,0
DA:2380,0
DA:2381,0
DA:2382,0
DA:2385,0
DA:2386,0
DA:2387,0
DA:2391,0
DA:2392,0
DA:2393,0
DA:2396,0
DA:2397,0
DA:2398,0
DA:2401,0
DA:2404,0
DA:2405,0
DA:2407,0
DA:2408,0
DA:2409,0
DA:2411,0
DA:2418,0
DA:2426,0
DA:2427,0
DA:2429,0
DA:2430,0
DA:2431,0
DA:2433,0
DA:2440,0
DA:2457,0
DA:2467,0
DA:2473,0
DA:2475,0
DA:2477,0
DA:2478,0
DA:2479,0
DA:2480,0
DA:2492,0
DA:2499,0
DA:2505,0
DA:2511,0
DA:2513,0
DA:2516,0
DA:2517,0
DA:2518,0
DA:2519,0
DA:2520,0
DA:2521,0
DA:2530,0
DA:2532,0
DA:2533,0
DA:2539,0
DA:2552,0
DA:2553,0
DA:2554,0
DA:2555,0
DA:2556,0
DA:2557,0
DA:2559,0
DA:2560,0
DA:2562,0
DA:2563,0
DA:2564,0
DA:2565,0
DA:2567,0
DA:2571,0
DA:2572,0
DA:2573,0
DA:2574,0
DA:2575,0
DA:2576,0
DA:2577,0
DA:2579,0
DA:2581,0
DA:2582,0
DA:2584,0
DA:2590,0
DA:2591,0
DA:2592,0
DA:2593,0
DA:2594,0
DA:2595,0
DA:2598,0
DA:2599,0
DA:2607,0
DA:2608,0
DA:2609,0
DA:2611,0
DA:2613,0
DA:2614,0
DA:2616,0
DA:2617,0
DA:2618,0
DA:2619,0
DA:2621,0
DA:2626,0
DA:2627,0
DA:2628,0
DA:2632,0
DA:2633,0
DA:2634,0
DA:2636,0
DA:2637,0
DA:2638,0
DA:2640,0
DA:2645,0
DA:2646,0
DA:2647,0
DA:2651,0
DA:2652,0
DA:2653,0
DA:2656,0
DA:2661,0
DA:2666,0
DA:2667,0
DA:2668,0
DA:2669,0
DA:2672,0
DA:2673,0
DA:2675,0
DA:2680,0
DA:2681,0
DA:2682,0
DA:2684,0
DA:2685,0
DA:2686,0
DA:2688,0
DA:2689,0
DA:2691,0
DA:2695,0
DA:2698,0
DA:2700,0
DA:2701,0
DA:2704,0
DA:2709,0
DA:2710,0
DA:2712,0
DA:2713,0
DA:2714,0
DA:2715,0
DA:2717,0
DA:2724,0
DA:2730,0
DA:2744,0
DA:2758,0
DA:2769,0
DA:2775,0
DA:2781,0
DA:2787,0
DA:2793,0
DA:2795,0
DA:2798,0
DA:2799,0
DA:2800,0
DA:2801,0
DA:2802,0
DA:2803,0
DA:2815,0
DA:2816,0
DA:2817,0
DA:2818,0
DA:2821,0
DA:2822,0
DA:2823,0
DA:2826,0
DA:2827,0
DA:2828,0
DA:2832,0
DA:2833,0
DA:2834,0
DA:2837,0
DA:2838,0
DA:2839,0
DA:2842,0
DA:2843,0
DA:2844,0
DA:2847,0
DA:2848,0
DA:2849,0
DA:2853,0
DA:2854,0
DA:2855,0
DA:2858,0
DA:2859,0
DA:2860,0
DA:2863,0
DA:2866,0
DA:2867,0
DA:2869,0
DA:2870,0
DA:2871,0
DA:2873,0
DA:2880,0
DA:2888,0
DA:2889,0
DA:2891,0
DA:2892,0
DA:2893,0
DA:2895,0
DA:2902,0
DA:2919,0
DA:2929,0
DA:2935,0
DA:2937,0
DA:2939,0
DA:2940,0
DA:2941,0
DA:2942,0
DA:2954,0
DA:2961,0
DA:2967,0
DA:2973,0
DA:2975,0
DA:2978,0
DA:2979,0
DA:2980,0
DA:2981,0
DA:2982,0
DA:2983,0
DA:2992,0
DA:2994,0
DA:2995,0
DA:3001,0
DA:3014,0
DA:3015,0
DA:3017,0
DA:3022,0
DA:3023,0
DA:3025,0
DA:3026,0
DA:3027,0
DA:3028,0
DA:3030,0
DA:3037,0
DA:3043,0
DA:3057,0
DA:3071,0
DA:3082,0
DA:3088,0
DA:3094,0
DA:3100,0
DA:3106,0
DA:3108,0
DA:3111,0
DA:3112,0
DA:3113,0
DA:3114,0
DA:3115,0
DA:3116,0
DA:3128,0
DA:3129,0
DA:3130,0
DA:3131,0
DA:3134,0
DA:3135,0
DA:3136,0
DA:3139,0
DA:3140,0
DA:3141,0
DA:3145,0
DA:3146,0
DA:3147,0
DA:3150,0
DA:3151,0
DA:3152,0
DA:3155,0
DA:3156,0
DA:3157,0
DA:3160,0
DA:3161,0
DA:3162,0
DA:3166,0
DA:3167,0
DA:3168,0
DA:3171,0
DA:3172,0
DA:3173,0
DA:3176,0
DA:3179,0
DA:3180,0
DA:3182,0
DA:3183,0
DA:3184,0
DA:3186,0
DA:3193,0
DA:3201,0
DA:3202,0
DA:3204,0
DA:3205,0
DA:3206,0
DA:3208,0
DA:3215,0
DA:3232,0
DA:3242,0
DA:3248,0
DA:3250,0
DA:3252,0
DA:3253,0
DA:3254,0
DA:3255,0
DA:3267,0
DA:3274,0
DA:3280,0
DA:3286,0
DA:3288,0
DA:3291,0
DA:3292,0
DA:3293,0
DA:3294,0
DA:3295,0
DA:3296,0
DA:3305,0
DA:3307,0
DA:3308,0
DA:3314,0
DA:3327,0
DA:3328,0
DA:3330,0
DA:3335,0
DA:3336,0
DA:3338,0
DA:3339,0
DA:3340,0
DA:3341,0
DA:3343,0
DA:3350,0
DA:3356,0
DA:3370,0
DA:3384,0
DA:3395,0
DA:3401,0
DA:3407,0
DA:3413,0
DA:3419,0
DA:3421,0
DA:3424,0
DA:3425,0
DA:3426,0
DA:3427,0
DA:3428,0
DA:3429,0
DA:3441,0
DA:3442,0
DA:3443,0
DA:3444,0
DA:3447,0
DA:3448,0
DA:3449,0
DA:3452,0
DA:3453,0
DA:3454,0
DA:3458,0
DA:3459,0
DA:3460,0
DA:3463,0
DA:3464,0
DA:3465,0
DA:3468,0
DA:3469,0
DA:3470,0
DA:3473,0
DA:3474,0
DA:3475,0
DA:3478,0
DA:3479,0
DA:3480,0
DA:3483,0
DA:3484,0
DA:3485,0
DA:3488,0
DA:3489,0
DA:3490,0
DA:3493,0
DA:3494,0
DA:3495,0
DA:3498,0
DA:3499,0
DA:3500,0
DA:3503,0
DA:3506,0
DA:3507,0
DA:3509,0
DA:3510,0
DA:3511,0
DA:3513,0
DA:3520,0
DA:3528,0
DA:3529,0
DA:3531,0
DA:3532,0
DA:3533,0
DA:3535,0
DA:3542,0
DA:3559,0
DA:3569,0
DA:3575,0
DA:3581,0
DA:3593,0
DA:3600,0
DA:3606,0
DA:3612,0
DA:3614,0
DA:3617,0
DA:3618,0
DA:3619,0
DA:3620,0
DA:3621,0
DA:3622,0
DA:3631,0
DA:3644,0
DA:3645,0
DA:3646,0
DA:3647,0
DA:3648,0
DA:3649,0
DA:3655,0
DA:3670,0
DA:3671,0
DA:3672,0
DA:3674,0
DA:3675,0
DA:3676,0
DA:3677,0
DA:3678,0
DA:3679,0
DA:3680,0
DA:3681,0
DA:3682,0
DA:3684,0
DA:3685,0
DA:3687,0
DA:3688,0
DA:3690,0
DA:3693,0
DA:3699,0
DA:3700,0
DA:3702,0
DA:3703,0
DA:3704,0
DA:3705,0
DA:3707,0
DA:3714,0
DA:3720,0
DA:3721,0
DA:3728,0
DA:3729,0
DA:3730,0
DA:3731,0
DA:3732,0
DA:3733,0
DA:3734,0
DA:3736,0
DA:3739,0
DA:3754,0
LF:1166
LH:6
BRDA:82,0,0,0
BRDA:82,0,1,0
BRDA:104,1,0,0
BRDA:104,1,1,0
BRDA:104,2,0,0
BRDA:104,2,1,0
BRDA:104,2,2,0
BRDA:104,2,3,0
BRDA:105,3,0,0
BRDA:105,3,1,0
BRDA:105,4,0,0
BRDA:105,4,1,0
BRDA:110,5,0,0
BRDA:110,5,1,0
BRDA:115,6,0,0
BRDA:115,6,1,0
BRDA:115,7,0,0
BRDA:115,7,1,0
BRDA:121,8,0,0
BRDA:121,8,1,0
BRDA:126,9,0,0
BRDA:126,9,1,0
BRDA:131,10,0,0
BRDA:131,10,1,0
BRDA:136,11,0,0
BRDA:136,11,1,0
BRDA:141,12,0,0
BRDA:141,12,1,0
BRDA:144,13,0,0
BRDA:144,13,1,0
BRDA:166,14,0,0
BRDA:166,14,1,0
BRDA:244,15,0,0
BRDA:244,15,1,0
BRDA:293,16,0,0
BRDA:293,16,1,0
BRDA:403,17,0,0
BRDA:403,17,1,0
BRDA:444,18,0,0
BRDA:444,18,1,0
BRDA:444,19,0,0
BRDA:444,19,1,0
BRDA:444,19,2,0
BRDA:444,19,3,0
BRDA:451,20,0,0
BRDA:451,20,1,0
BRDA:456,21,0,0
BRDA:456,21,1,0
BRDA:456,22,0,0
BRDA:456,22,1,0
BRDA:462,23,0,0
BRDA:462,23,1,0
BRDA:467,24,0,0
BRDA:467,24,1,0
BRDA:472,25,0,0
BRDA:472,25,1,0
BRDA:477,26,0,0
BRDA:477,26,1,0
BRDA:482,27,0,0
BRDA:482,27,1,0
BRDA:487,28,0,0
BRDA:487,28,1,0
BRDA:490,29,0,0
BRDA:490,29,1,0
BRDA:519,30,0,0
BRDA:519,30,1,0
BRDA:644,31,0,0
BRDA:644,31,1,0
BRDA:644,32,0,0
BRDA:644,32,1,0
BRDA:644,33,0,0
BRDA:644,33,1,0
BRDA:644,34,0,0
BRDA:644,34,1,0
BRDA:644,35,0,0
BRDA:644,35,1,0
BRDA:644,36,0,0
BRDA:644,36,1,0
BRDA:644,37,0,0
BRDA:644,37,1,0
BRDA:644,38,0,0
BRDA:644,38,1,0
BRDA:644,39,0,0
BRDA:644,39,1,0
BRDA:901,40,0,0
BRDA:901,40,1,0
BRDA:990,41,0,0
BRDA:990,41,1,0
BRDA:990,42,0,0
BRDA:990,42,1,0
BRDA:1006,43,0,0
BRDA:1006,43,1,0
BRDA:1027,44,0,0
BRDA:1027,44,1,0
BRDA:1115,45,0,0
BRDA:1115,45,1,0
BRDA:1137,46,0,0
BRDA:1137,46,1,0
BRDA:1137,47,0,0
BRDA:1137,47,1,0
BRDA:1137,47,2,0
BRDA:1137,47,3,0
BRDA:1138,48,0,0
BRDA:1138,48,1,0
BRDA:1138,49,0,0
BRDA:1138,49,1,0
BRDA:1143,50,0,0
BRDA:1143,50,1,0
BRDA:1148,51,0,0
BRDA:1148,51,1,0
BRDA:1148,52,0,0
BRDA:1148,52,1,0
BRDA:1154,53,0,0
BRDA:1154,53,1,0
BRDA:1159,54,0,0
BRDA:1159,54,1,0
BRDA:1164,55,0,0
BRDA:1164,55,1,0
BRDA:1169,56,0,0
BRDA:1169,56,1,0
BRDA:1174,57,0,0
BRDA:1174,57,1,0
BRDA:1177,58,0,0
BRDA:1177,58,1,0
BRDA:1199,59,0,0
BRDA:1199,59,1,0
BRDA:1277,60,0,0
BRDA:1277,60,1,0
BRDA:1322,61,0,0
BRDA:1322,61,1,0
BRDA:1406,62,0,0
BRDA:1406,62,1,0
BRDA:1428,63,0,0
BRDA:1428,63,1,0
BRDA:1428,64,0,0
BRDA:1428,64,1,0
BRDA:1428,64,2,0
BRDA:1428,64,3,0
BRDA:1429,65,0,0
BRDA:1429,65,1,0
BRDA:1429,66,0,0
BRDA:1429,66,1,0
BRDA:1434,67,0,0
BRDA:1434,67,1,0
BRDA:1439,68,0,0
BRDA:1439,68,1,0
BRDA:1439,69,0,0
BRDA:1439,69,1,0
BRDA:1445,70,0,0
BRDA:1445,70,1,0
BRDA:1450,71,0,0
BRDA:1450,71,1,0
BRDA:1455,72,0,0
BRDA:1455,72,1,0
BRDA:1460,73,0,0
BRDA:1460,73,1,0
BRDA:1465,74,0,0
BRDA:1465,74,1,0
BRDA:1470,75,0,0
BRDA:1470,75,1,0
BRDA:1473,76,0,0
BRDA:1473,76,1,0
BRDA:1495,77,0,0
BRDA:1495,77,1,0
BRDA:1574,78,0,0
BRDA:1574,78,1,0
BRDA:1624,79,0,0
BRDA:1624,79,1,0
BRDA:1708,80,0,0
BRDA:1708,80,1,0
BRDA:1730,81,0,0
BRDA:1730,81,1,0
BRDA:1730,82,0,0
BRDA:1730,82,1,0
BRDA:1730,82,2,0
BRDA:1730,82,3,0
BRDA:1731,83,0,0
BRDA:1731,83,1,0
BRDA:1731,84,0,0
BRDA:1731,84,1,0
BRDA:1736,85,0,0
BRDA:1736,85,1,0
BRDA:1741,86,0,0
BRDA:1741,86,1,0
BRDA:1741,87,0,0
BRDA:1741,87,1,0
BRDA:1747,88,0,0
BRDA:1747,88,1,0
BRDA:1752,89,0,0
BRDA:1752,89,1,0
BRDA:1757,90,0,0
BRDA:1757,90,1,0
BRDA:1762,91,0,0
BRDA:1762,91,1,0
BRDA:1767,92,0,0
BRDA:1767,92,1,0
BRDA:1772,93,0,0
BRDA:1772,93,1,0
BRDA:1775,94,0,0
BRDA:1775,94,1,0
BRDA:1797,95,0,0
BRDA:1797,95,1,0
BRDA:1877,96,0,0
BRDA:1877,96,1,0
BRDA:1928,97,0,0
BRDA:1928,97,1,0
BRDA:2012,98,0,0
BRDA:2012,98,1,0
BRDA:2033,99,0,0
BRDA:2033,99,1,0
BRDA:2033,100,0,0
BRDA:2033,100,1,0
BRDA:2033,100,2,0
BRDA:2033,100,3,0
BRDA:2034,101,0,0
BRDA:2034,101,1,0
BRDA:2034,102,0,0
BRDA:2034,102,1,0
BRDA:2039,103,0,0
BRDA:2039,103,1,0
BRDA:2044,104,0,0
BRDA:2044,104,1,0
BRDA:2044,105,0,0
BRDA:2044,105,1,0
BRDA:2050,106,0,0
BRDA:2050,106,1,0
BRDA:2055,107,0,0
BRDA:2055,107,1,0
BRDA:2060,108,0,0
BRDA:2060,108,1,0
BRDA:2065,109,0,0
BRDA:2065,109,1,0
BRDA:2070,110,0,0
BRDA:2070,110,1,0
BRDA:2075,111,0,0
BRDA:2075,111,1,0
BRDA:2078,112,0,0
BRDA:2078,112,1,0
BRDA:2100,113,0,0
BRDA:2100,113,1,0
BRDA:2181,114,0,0
BRDA:2181,114,1,0
BRDA:2223,115,0,0
BRDA:2223,115,1,0
BRDA:2237,116,0,0
BRDA:2237,116,1,0
BRDA:2247,117,0,0
BRDA:2247,117,1,0
BRDA:2331,118,0,0
BRDA:2331,118,1,0
BRDA:2353,119,0,0
BRDA:2353,119,1,0
BRDA:2353,120,0,0
BRDA:2353,120,1,0
BRDA:2353,120,2,0
BRDA:2353,120,3,0
BRDA:2354,121,0,0
BRDA:2354,121,1,0
BRDA:2354,122,0,0
BRDA:2354,122,1,0
BRDA:2359,123,0,0
BRDA:2359,123,1,0
BRDA:2364,124,0,0
BRDA:2364,124,1,0
BRDA:2364,125,0,0
BRDA:2364,125,1,0
BRDA:2370,126,0,0
BRDA:2370,126,1,0
BRDA:2375,127,0,0
BRDA:2375,127,1,0
BRDA:2380,128,0,0
BRDA:2380,128,1,0
BRDA:2380,129,0,0
BRDA:2380,129,1,0
BRDA:2380,130,0,0
BRDA:2380,130,1,0
BRDA:2380,131,0,0
BRDA:2380,131,1,0
BRDA:2380,132,0,0
BRDA:2380,132,1,0
BRDA:2380,133,0,0
BRDA:2380,133,1,0
BRDA:2380,134,0,0
BRDA:2380,134,1,0
BRDA:2380,135,0,0
BRDA:2380,135,1,0
BRDA:2380,136,0,0
BRDA:2380,136,1,0
BRDA:2380,137,0,0
BRDA:2380,137,1,0
BRDA:2380,138,0,0
BRDA:2380,138,1,0
BRDA:2385,139,0,0
BRDA:2385,139,1,0
BRDA:2385,140,0,0
BRDA:2385,140,1,0
BRDA:2385,141,0,0
BRDA:2385,141,1,0
BRDA:2385,142,0,0
BRDA:2385,142,1,0
BRDA:2385,143,0,0
BRDA:2385,143,1,0
BRDA:2385,144,0,0
BRDA:2385,144,1,0
BRDA:2385,145,0,0
BRDA:2385,145,1,0
BRDA:2385,146,0,0
BRDA:2385,146,1,0
BRDA:2385,147,0,0
BRDA:2385,147,1,0
BRDA:2385,148,0,0
BRDA:2385,148,1,0
BRDA:2385,149,0,0
BRDA:2385,149,1,0
BRDA:2391,150,0,0
BRDA:2391,150,1,0
BRDA:2396,151,0,0
BRDA:2396,151,1,0
BRDA:2401,152,0,0
BRDA:2401,152,1,0
BRDA:2404,153,0,0
BRDA:2404,153,1,0
BRDA:2426,154,0,0
BRDA:2426,154,1,0
BRDA:2511,155,0,0
BRDA:2511,155,1,0
BRDA:2532,156,0,0
BRDA:2532,156,1,0
BRDA:2532,157,0,0
BRDA:2532,157,1,0
BRDA:2532,158,0,0
BRDA:2532,158,1,0
BRDA:2532,159,0,0
BRDA:2532,159,1,0
BRDA:2532,160,0,0
BRDA:2532,160,1,0
BRDA:2532,161,0,0
BRDA:2532,161,1,0
BRDA:2532,162,0,0
BRDA:2532,162,1,0
BRDA:2532,163,0,0
BRDA:2532,163,1,0
BRDA:2532,164,0,0
BRDA:2532,164,1,0
BRDA:2532,165,0,0
BRDA:2532,165,1,0
BRDA:2533,166,0,0
BRDA:2533,166,1,0
BRDA:2533,167,0,0
BRDA:2533,167,1,0
BRDA:2533,168,0,0
BRDA:2533,168,1,0
BRDA:2533,169,0,0
BRDA:2533,169,1,0
BRDA:2533,170,0,0
BRDA:2533,170,1,0
BRDA:2533,171,0,0
BRDA:2533,171,1,0
BRDA:2533,172,0,0
BRDA:2533,172,1,0
BRDA:2533,173,0,0
BRDA:2533,173,1,0
BRDA:2556,174,0,0
BRDA:2556,174,1,0
BRDA:2556,175,0,0
BRDA:2556,175,1,0
BRDA:2557,176,0,0
BRDA:2557,176,1,0
BRDA:2559,177,0,0
BRDA:2559,177,1,0
BRDA:2564,178,0,0
BRDA:2564,178,1,0
BRDA:2572,179,0,0
BRDA:2572,179,1,0
BRDA:2574,180,0,0
BRDA:2574,180,1,0
BRDA:2591,181,0,0
BRDA:2591,181,1,0
BRDA:2592,182,0,0
BRDA:2592,182,1,0
BRDA:2607,183,0,0
BRDA:2607,183,1,0
BRDA:2607,184,0,0
BRDA:2607,184,1,0
BRDA:2609,185,0,0
BRDA:2609,185,1,0
BRDA:2613,186,0,0
BRDA:2613,186,1,0
BRDA:2618,187,0,0
BRDA:2618,187,1,0
BRDA:2627,188,0,0
BRDA:2627,188,1,0
BRDA:2632,189,0,0
BRDA:2632,189,1,0
BRDA:2637,190,0,0
BRDA:2637,190,1,0
BRDA:2646,191,0,0
BRDA:2646,191,1,0
BRDA:2651,192,0,0
BRDA:2651,192,1,0
BRDA:2668,193,0,0
BRDA:2668,193,1,0
BRDA:2672,194,0,0
BRDA:2672,194,1,0
BRDA:2685,195,0,0
BRDA:2685,195,1,0
BRDA:2688,196,0,0
BRDA:2688,196,1,0
BRDA:2700,197,0,0
BRDA:2700,197,1,0
BRDA:2709,198,0,0
BRDA:2709,198,1,0
BRDA:2793,199,0,0
BRDA:2793,199,1,0
BRDA:2815,200,0,0
BRDA:2815,200,1,0
BRDA:2815,201,0,0
BRDA:2815,201,1,0
BRDA:2815,201,2,0
BRDA:2815,201,3,0
BRDA:2816,202,0,0
BRDA:2816,202,1,0
BRDA:2816,203,0,0
BRDA:2816,203,1,0
BRDA:2821,204,0,0
BRDA:2821,204,1,0
BRDA:2826,205,0,0
BRDA:2826,205,1,0
BRDA:2826,206,0,0
BRDA:2826,206,1,0
BRDA:2832,207,0,0
BRDA:2832,207,1,0
BRDA:2837,208,0,0
BRDA:2837,208,1,0
BRDA:2842,209,0,0
BRDA:2842,209,1,0
BRDA:2842,210,0,0
BRDA:2842,210,1,0
BRDA:2842,211,0,0
BRDA:2842,211,1,0
BRDA:2842,212,0,0
BRDA:2842,212,1,0
BRDA:2842,213,0,0
BRDA:2842,213,1,0
BRDA:2842,214,0,0
BRDA:2842,214,1,0
BRDA:2842,215,0,0
BRDA:2842,215,1,0
BRDA:2842,216,0,0
BRDA:2842,216,1,0
BRDA:2842,217,0,0
BRDA:2842,217,1,0
BRDA:2842,218,0,0
BRDA:2842,218,1,0
BRDA:2842,219,0,0
BRDA:2842,219,1,0
BRDA:2847,220,0,0
BRDA:2847,220,1,0
BRDA:2847,221,0,0
BRDA:2847,221,1,0
BRDA:2847,222,0,0
BRDA:2847,222,1,0
BRDA:2847,223,0,0
BRDA:2847,223,1,0
BRDA:2847,224,0,0
BRDA:2847,224,1,0
BRDA:2847,225,0,0
BRDA:2847,225,1,0
BRDA:2847,226,0,0
BRDA:2847,226,1,0
BRDA:2847,227,0,0
BRDA:2847,227,1,0
BRDA:2847,228,0,0
BRDA:2847,228,1,0
BRDA:2847,229,0,0
BRDA:2847,229,1,0
BRDA:2847,230,0,0
BRDA:2847,230,1,0
BRDA:2853,231,0,0
BRDA:2853,231,1,0
BRDA:2858,232,0,0
BRDA:2858,232,1,0
BRDA:2863,233,0,0
BRDA:2863,233,1,0
BRDA:2866,234,0,0
BRDA:2866,234,1,0
BRDA:2888,235,0,0
BRDA:2888,235,1,0
BRDA:2973,236,0,0
BRDA:2973,236,1,0
BRDA:2994,237,0,0
BRDA:2994,237,1,0
BRDA:2994,238,0,0
BRDA:2994,238,1,0
BRDA:2994,239,0,0
BRDA:2994,239,1,0
BRDA:2994,240,0,0
BRDA:2994,240,1,0
BRDA:2994,241,0,0
BRDA:2994,241,1,0
BRDA:2994,242,0,0
BRDA:2994,242,1,0
BRDA:2994,243,0,0
BRDA:2994,243,1,0
BRDA:2994,244,0,0
BRDA:2994,244,1,0
BRDA:2994,245,0,0
BRDA:2994,245,1,0
BRDA:2994,246,0,0
BRDA:2994,246,1,0
BRDA:2995,247,0,0
BRDA:2995,247,1,0
BRDA:2995,248,0,0
BRDA:2995,248,1,0
BRDA:2995,249,0,0
BRDA:2995,249,1,0
BRDA:2995,250,0,0
BRDA:2995,250,1,0
BRDA:2995,251,0,0
BRDA:2995,251,1,0
BRDA:2995,252,0,0
BRDA:2995,252,1,0
BRDA:2995,253,0,0
BRDA:2995,253,1,0
BRDA:2995,254,0,0
BRDA:2995,254,1,0
BRDA:3022,255,0,0
BRDA:3022,255,1,0
BRDA:3106,256,0,0
BRDA:3106,256,1,0
BRDA:3128,257,0,0
BRDA:3128,257,1,0
BRDA:3128,258,0,0
BRDA:3128,258,1,0
BRDA:3128,258,2,0
BRDA:3128,258,3,0
BRDA:3129,259,0,0
BRDA:3129,259,1,0
BRDA:3129,260,0,0
BRDA:3129,260,1,0
BRDA:3134,261,0,0
BRDA:3134,261,1,0
BRDA:3139,262,0,0
BRDA:3139,262,1,0
BRDA:3139,263,0,0
BRDA:3139,263,1,0
BRDA:3145,264,0,0
BRDA:3145,264,1,0
BRDA:3150,265,0,0
BRDA:3150,265,1,0
BRDA:3155,266,0,0
BRDA:3155,266,1,0
BRDA:3155,267,0,0
BRDA:3155,267,1,0
BRDA:3155,268,0,0
BRDA:3155,268,1,0
BRDA:3155,269,0,0
BRDA:3155,269,1,0
BRDA:3155,270,0,0
BRDA:3155,270,1,0
BRDA:3155,271,0,0
BRDA:3155,271,1,0
BRDA:3155,272,0,0
BRDA:3155,272,1,0
BRDA:3155,273,0,0
BRDA:3155,273,1,0
BRDA:3155,274,0,0
BRDA:3155,274,1,0
BRDA:3155,275,0,0
BRDA:3155,275,1,0
BRDA:3155,276,0,0
BRDA:3155,276,1,0
BRDA:3160,277,0,0
BRDA:3160,277,1,0
BRDA:3160,278,0,0
BRDA:3160,278,1,0
BRDA:3160,279,0,0
BRDA:3160,279,1,0
BRDA:3160,280,0,0
BRDA:3160,280,1,0
BRDA:3160,281,0,0
BRDA:3160,281,1,0
BRDA:3160,282,0,0
BRDA:3160,282,1,0
BRDA:3160,283,0,0
BRDA:3160,283,1,0
BRDA:3160,284,0,0
BRDA:3160,284,1,0
BRDA:3160,285,0,0
BRDA:3160,285,1,0
BRDA:3160,286,0,0
BRDA:3160,286,1,0
BRDA:3160,287,0,0
BRDA:3160,287,1,0
BRDA:3166,288,0,0
BRDA:3166,288,1,0
BRDA:3171,289,0,0
BRDA:3171,289,1,0
BRDA:3176,290,0,0
BRDA:3176,290,1,0
BRDA:3179,291,0,0
BRDA:3179,291,1,0
BRDA:3201,292,0,0
BRDA:3201,292,1,0
BRDA:3286,293,0,0
BRDA:3286,293,1,0
BRDA:3307,294,0,0
BRDA:3307,294,1,0
BRDA:3307,295,0,0
BRDA:3307,295,1,0
BRDA:3307,296,0,0
BRDA:3307,296,1,0
BRDA:3307,297,0,0
BRDA:3307,297,1,0
BRDA:3307,298,0,0
BRDA:3307,298,1,0
BRDA:3307,299,0,0
BRDA:3307,299,1,0
BRDA:3307,300,0,0
BRDA:3307,300,1,0
BRDA:3307,301,0,0
BRDA:3307,301,1,0
BRDA:3307,302,0,0
BRDA:3307,302,1,0
BRDA:3307,303,0,0
BRDA:3307,303,1,0
BRDA:3308,304,0,0
BRDA:3308,304,1,0
BRDA:3308,305,0,0
BRDA:3308,305,1,0
BRDA:3308,306,0,0
BRDA:3308,306,1,0
BRDA:3308,307,0,0
BRDA:3308,307,1,0
BRDA:3308,308,0,0
BRDA:3308,308,1,0
BRDA:3308,309,0,0
BRDA:3308,309,1,0
BRDA:3308,310,0,0
BRDA:3308,310,1,0
BRDA:3308,311,0,0
BRDA:3308,311,1,0
BRDA:3335,312,0,0
BRDA:3335,312,1,0
BRDA:3419,313,0,0
BRDA:3419,313,1,0
BRDA:3441,314,0,0
BRDA:3441,314,1,0
BRDA:3441,315,0,0
BRDA:3441,315,1,0
BRDA:3441,315,2,0
BRDA:3441,315,3,0
BRDA:3442,316,0,0
BRDA:3442,316,1,0
BRDA:3442,317,0,0
BRDA:3442,317,1,0
BRDA:3447,318,0,0
BRDA:3447,318,1,0
BRDA:3452,319,0,0
BRDA:3452,319,1,0
BRDA:3452,320,0,0
BRDA:3452,320,1,0
BRDA:3458,321,0,0
BRDA:3458,321,1,0
BRDA:3463,322,0,0
BRDA:3463,322,1,0
BRDA:3468,323,0,0
BRDA:3468,323,1,0
BRDA:3473,324,0,0
BRDA:3473,324,1,0
BRDA:3478,325,0,0
BRDA:3478,325,1,0
BRDA:3483,326,0,0
BRDA:3483,326,1,0
BRDA:3488,327,0,0
BRDA:3488,327,1,0
BRDA:3493,328,0,0
BRDA:3493,328,1,0
BRDA:3498,329,0,0
BRDA:3498,329,1,0
BRDA:3503,330,0,0
BRDA:3503,330,1,0
BRDA:3506,331,0,0
BRDA:3506,331,1,0
BRDA:3528,332,0,0
BRDA:3528,332,1,0
BRDA:3612,333,0,0
BRDA:3612,333,1,0
BRDA:3685,334,0,0
BRDA:3685,334,1,0
BRDA:3685,335,0,0
BRDA:3685,335,1,0
BRDA:3687,336,0,0
BRDA:3687,336,1,0
BRDA:3699,337,0,0
BRDA:3699,337,1,0
BRDA:3720,338,0,0
BRDA:3720,338,1,0
BRDA:23,339,0,1
BRDA:23,339,1,1
BRDA:23,340,0,1
BRDA:23,340,1,1
BRDA:23,341,0,1
BRDA:23,341,1,1
BRDA:23,342,0,1
BRDA:23,342,1,1
BRF:706
BRH:8
end_of_record
TN:
SF:0. Script\Extensions\12\Other\3\Web Development\Method\13\1_0\Extension_Experience_The_Hear_Chapter_12_3_Page_13_ControlRequest_Handler_1_0.ts
FN:59,(anonymous_13)
FN:59,(anonymous_14)
FN:59,(anonymous_15)
FN:59,(anonymous_16)
FN:61,(anonymous_17)
FN:67,(anonymous_18)
FN:73,(anonymous_20)
FN:73,(anonymous_21)
FN:309,(anonymous_22)
FN:309,(anonymous_23)
FN:312,(anonymous_24)
FN:324,(anonymous_25)
FN:336,(anonymous_26)
FN:348,(anonymous_27)
FN:360,(anonymous_28)
FN:424,(anonymous_29)
FN:429,(anonymous_31)
FN:429,(anonymous_32)
FN:673,(anonymous_33)
FN:680,(anonymous_34)
FN:681,(anonymous_35)
FN:682,(anonymous_36)
FN:683,(anonymous_37)
FN:692,(anonymous_38)
FN:695,(anonymous_39)
FN:710,(anonymous_40)
FN:713,(anonymous_41)
FN:715,(anonymous_42)
FN:724,(anonymous_43)
FN:729,(anonymous_44)
FN:768,(anonymous_45)
FN:774,(anonymous_47)
FN:774,(anonymous_48)
FN:1139,(anonymous_49)
FN:1139,(anonymous_50)
FN:1143,(anonymous_51)
FNF:36
FNH:4
FNDA:1,(anonymous_13)
FNDA:1,(anonymous_14)
FNDA:1,(anonymous_15)
FNDA:1,(anonymous_16)
FNDA:0,(anonymous_17)
FNDA:0,(anonymous_18)
FNDA:0,(anonymous_20)
FNDA:0,(anonymous_21)
FNDA:0,(anonymous_22)
FNDA:0,(anonymous_23)
FNDA:0,(anonymous_24)
FNDA:0,(anonymous_25)
FNDA:0,(anonymous_26)
FNDA:0,(anonymous_27)
FNDA:0,(anonymous_28)
FNDA:0,(anonymous_29)
FNDA:0,(anonymous_31)
FNDA:0,(anonymous_32)
FNDA:0,(anonymous_33)
FNDA:0,(anonymous_34)
FNDA:0,(anonymous_35)
FNDA:0,(anonymous_36)
FNDA:0,(anonymous_37)
FNDA:0,(anonymous_38)
FNDA:0,(anonymous_39)
FNDA:0,(anonymous_40)
FNDA:0,(anonymous_41)
FNDA:0,(anonymous_42)
FNDA:0,(anonymous_43)
FNDA:0,(anonymous_44)
FNDA:0,(anonymous_45)
FNDA:0,(anonymous_47)
FNDA:0,(anonymous_48)
FNDA:0,(anonymous_49)
FNDA:0,(anonymous_50)
FNDA:0,(anonymous_51)
DA:5,1
DA:6,1
DA:7,1
DA:8,1
DA:9,1
DA:10,1
DA:11,1
DA:16,1
DA:19,0
DA:22,0
DA:23,0
DA:26,0
DA:29,0
DA:30,0
DA:32,0
DA:36,0
DA:37,0
DA:48,1
DA:49,1
DA:51,1
DA:53,1
DA:59,1
DA:60,1
DA:73,0
DA:84,0
DA:90,0
DA:96,0
DA:102,0
DA:108,0
DA:110,0
DA:113,0
DA:114,0
DA:115,0
DA:116,0
DA:117,0
DA:129,0
DA:130,0
DA:131,0
DA:132,0
DA:135,0
DA:136,0
DA:137,0
DA:140,0
DA:141,0
DA:142,0
DA:146,0
DA:147,0
DA:148,0
DA:151,0
DA:152,0
DA:153,0
DA:156,0
DA:157,0
DA:158,0
DA:161,0
DA:162,0
DA:163,0
DA:166,0
DA:167,0
DA:168,0
DA:171,0
DA:174,0
DA:175,0
DA:177,0
DA:178,0
DA:179,0
DA:181,0
DA:188,0
DA:197,0
DA:198,0
DA:200,0
DA:201,0
DA:202,0
DA:204,0
DA:211,0
DA:228,0
DA:238,0
DA:244,0
DA:245,0
DA:257,0
DA:263,0
DA:269,0
DA:271,0
DA:274,0
DA:275,0
DA:276,0
DA:277,0
DA:278,0
DA:279,0
DA:288,0
DA:290,0
DA:291,0
DA:292,0
DA:293,0
DA:304,0
DA:307,0
DA:309,0
DA:310,0
DA:312,0
DA:313,0
DA:314,0
DA:317,0
DA:321,0
DA:324,0
DA:325,0
DA:326,0
DA:329,0
DA:333,0
DA:336,0
DA:337,0
DA:338,0
DA:341,0
DA:345,0
DA:348,0
DA:349,0
DA:350,0
DA:353,0
DA:357,0
DA:360,0
DA:361,0
DA:362,0
DA:365,0
DA:369,0
DA:373,0
DA:380,0
DA:381,0
DA:383,0
DA:384,0
DA:385,0
DA:386,0
DA:388,0
DA:395,0
DA:403,0
DA:429,0
DA:440,0
DA:446,0
DA:452,0
DA:458,0
DA:464,0
DA:466,0
DA:469,0
DA:470,0
DA:471,0
DA:472,0
DA:473,0
DA:485,0
DA:486,0
DA:487,0
DA:488,0
DA:491,0
DA:492,0
DA:493,0
DA:496,0
DA:497,0
DA:498,0
DA:502,0
DA:503,0
DA:504,0
DA:507,0
DA:508,0
DA:509,0
DA:512,0
DA:515,0
DA:516,0
DA:518,0
DA:519,0
DA:520,0
DA:522,0
DA:529,0
DA:537,0
DA:538,0
DA:540,0
DA:541,0
DA:542,0
DA:544,0
DA:551,0
DA:568,0
DA:578,0
DA:584,0
DA:585,0
DA:597,0
DA:603,0
DA:609,0
DA:611,0
DA:614,0
DA:615,0
DA:616,0
DA:617,0
DA:618,0
DA:619,0
DA:628,0
DA:654,0
DA:656,0
DA:657,0
DA:658,0
DA:659,0
DA:660,0
DA:662,0
DA:664,0
DA:665,0
DA:666,0
DA:668,0
DA:671,0
DA:673,0
DA:674,0
DA:675,0
DA:676,0
DA:678,0
DA:680,0
DA:681,0
DA:682,0
DA:683,0
DA:684,0
DA:685,0
DA:686,0
DA:687,0
DA:688,0
DA:689,0
DA:690,0
DA:692,0
DA:693,0
DA:695,0
DA:696,0
DA:702,0
DA:710,0
DA:711,0
DA:712,0
DA:713,0
DA:714,0
DA:715,0
DA:716,0
DA:717,0
DA:719,0
DA:720,0
DA:721,0
DA:722,0
DA:724,0
DA:725,0
DA:726,0
DA:729,0
DA:730,0
DA:731,0
DA:738,0
DA:774,0
DA:779,0
DA:785,0
DA:791,0
DA:797,0
DA:803,0
DA:805,0
DA:808,0
DA:809,0
DA:810,0
DA:811,0
DA:812,0
DA:824,0
DA:825,0
DA:826,0
DA:827,0
DA:830,0
DA:831,0
DA:832,0
DA:835,0
DA:836,0
DA:837,0
DA:841,0
DA:842,0
DA:843,0
DA:846,0
DA:847,0
DA:848,0
DA:851,0
DA:852,0
DA:853,0
DA:856,0
DA:859,0
DA:860,0
DA:862,0
DA:863,0
DA:864,0
DA:866,0
DA:873,0
DA:882,0
DA:883,0
DA:885,0
DA:886,0
DA:887,0
DA:889,0
DA:896,0
DA:913,0
DA:923,0
DA:935,0
DA:943,0
DA:949,0
DA:955,0
DA:957,0
DA:960,0
DA:961,0
DA:962,0
DA:963,0
DA:964,0
DA:965,0
DA:972,0
DA:979,0
DA:986,0
DA:988,0
DA:989,0
DA:990,0
DA:991,0
DA:992,0
DA:994,0
DA:997,0
DA:1000,0
DA:1005,0
DA:1008,0
DA:1009,0
DA:1012,0
DA:1013,0
DA:1016,0
DA:1017,0
DA:1018,0
DA:1019,0
DA:1031,0
DA:1032,0
DA:1034,0
DA:1035,0
DA:1037,0
DA:1039,0
DA:1044,0
DA:1046,0
DA:1050,0
DA:1051,0
DA:1053,0
DA:1054,0
DA:1055,0
DA:1057,0
DA:1059,0
DA:1061,0
DA:1062,0
DA:1063,0
DA:1065,0
DA:1071,0
DA:1074,0
DA:1075,0
DA:1077,0
DA:1079,0
DA:1081,0
DA:1083,0
DA:1085,0
DA:1088,0
DA:1089,0
DA:1090,0
DA:1093,0
DA:1097,0
DA:1099,0
DA:1100,0
DA:1102,0
DA:1103,0
DA:1105,0
DA:1106,0
DA:1108,0
DA:1111,0
DA:1118,0
DA:1119,0
DA:1121,0
DA:1122,0
DA:1123,0
DA:1125,0
DA:1131,0
DA:1139,0
DA:1140,0
DA:1143,0
DA:1146,0
DA:1149,0
DA:1163,0
LF:375
LH:14
BRDA:16,0,0,0
BRDA:16,0,1,1
BRDA:108,1,0,0
BRDA:108,1,1,0
BRDA:129,2,0,0
BRDA:129,2,1,0
BRDA:129,3,0,0
BRDA:129,3,1,0
BRDA:129,3,2,0
BRDA:129,3,3,0
BRDA:130,4,0,0
BRDA:130,4,1,0
BRDA:130,5,0,0
BRDA:130,5,1,0
BRDA:135,6,0,0
BRDA:135,6,1,0
BRDA:140,7,0,0
BRDA:140,7,1,0
BRDA:140,8,0,0
BRDA:140,8,1,0
BRDA:146,9,0,0
BRDA:146,9,1,0
BRDA:151,10,0,0
BRDA:151,10,1,0
BRDA:156,11,0,0
BRDA:156,11,1,0
BRDA:161,12,0,0
BRDA:161,12,1,0
BRDA:166,13,0,0
BRDA:166,13,1,0
BRDA:171,14,0,0
BRDA:171,14,1,0
BRDA:174,15,0,0
BRDA:174,15,1,0
BRDA:197,16,0,0
BRDA:197,16,1,0
BRDA:269,17,0,0
BRDA:269,17,1,0
BRDA:304,18,0,0
BRDA:304,18,1,0
BRDA:311,19,0,0
BRDA:311,19,1,0
BRDA:311,19,2,0
BRDA:311,19,3,0
BRDA:311,19,4,0
BRDA:313,20,0,0
BRDA:313,20,1,0
BRDA:325,21,0,0
BRDA:325,21,1,0
BRDA:337,22,0,0
BRDA:337,22,1,0
BRDA:349,23,0,0
BRDA:349,23,1,0
BRDA:361,24,0,0
BRDA:361,24,1,0
BRDA:380,25,0,0
BRDA:380,25,1,0
BRDA:403,26,0,0
BRDA:403,26,1,0
BRDA:464,27,0,0
BRDA:464,27,1,0
BRDA:485,28,0,0
BRDA:485,28,1,0
BRDA:485,29,0,0
BRDA:485,29,1,0
BRDA:485,29,2,0
BRDA:485,29,3,0
BRDA:486,30,0,0
BRDA:486,30,1,0
BRDA:486,31,0,0
BRDA:486,31,1,0
BRDA:491,32,0,0
BRDA:491,32,1,0
BRDA:496,33,0,0
BRDA:496,33,1,0
BRDA:496,34,0,0
BRDA:496,34,1,0
BRDA:502,35,0,0
BRDA:502,35,1,0
BRDA:507,36,0,0
BRDA:507,36,1,0
BRDA:512,37,0,0
BRDA:512,37,1,0
BRDA:515,38,0,0
BRDA:515,38,1,0
BRDA:537,39,0,0
BRDA:537,39,1,0
BRDA:609,40,0,0
BRDA:609,40,1,0
BRDA:664,41,0,0
BRDA:664,41,1,0
BRDA:664,42,0,0
BRDA:664,42,1,0
BRDA:684,43,0,0
BRDA:684,43,1,0
BRDA:687,44,0,0
BRDA:687,44,1,0
BRDA:693,45,0,0
BRDA:693,45,1,0
BRDA:696,46,0,0
BRDA:696,46,1,0
BRDA:716,47,0,0
BRDA:716,47,1,0
BRDA:719,48,0,0
BRDA:719,48,1,0
BRDA:725,49,0,0
BRDA:725,49,1,0
BRDA:730,50,0,0
BRDA:730,50,1,0
BRDA:803,51,0,0
BRDA:803,51,1,0
BRDA:824,52,0,0
BRDA:824,52,1,0
BRDA:824,53,0,0
BRDA:824,53,1,0
BRDA:824,53,2,0
BRDA:824,53,3,0
BRDA:825,54,0,0
BRDA:825,54,1,0
BRDA:825,55,0,0
BRDA:825,55,1,0
BRDA:830,56,0,0
BRDA:830,56,1,0
BRDA:835,57,0,0
BRDA:835,57,1,0
BRDA:835,58,0,0
BRDA:835,58,1,0
BRDA:841,59,0,0
BRDA:841,59,1,0
BRDA:846,60,0,0
BRDA:846,60,1,0
BRDA:851,61,0,0
BRDA:851,61,1,0
BRDA:856,62,0,0
BRDA:856,62,1,0
BRDA:859,63,0,0
BRDA:859,63,1,0
BRDA:882,64,0,0
BRDA:882,64,1,0
BRDA:955,65,0,0
BRDA:955,65,1,0
BRDA:997,66,0,0
BRDA:997,66,1,0
BRDA:997,67,0,0
BRDA:997,67,1,0
BRDA:997,68,0,0
BRDA:997,68,1,0
BRDA:997,69,0,0
BRDA:997,69,1,0
BRDA:1000,70,0,0
BRDA:1000,70,1,0
BRDA:1000,71,0,0
BRDA:1000,71,1,0
BRDA:1000,72,0,0
BRDA:1000,72,1,0
BRDA:1000,73,0,0
BRDA:1000,73,1,0
BRDA:1005,74,0,0
BRDA:1005,74,1,0
BRDA:1005,75,0,0
BRDA:1005,75,1,0
BRDA:1005,76,0,0
BRDA:1005,76,1,0
BRDA:1005,77,0,0
BRDA:1005,77,1,0
BRDA:1005,78,0,0
BRDA:1005,78,1,0
BRDA:1005,79,0,0
BRDA:1005,79,1,0
BRDA:1008,80,0,0
BRDA:1008,80,1,0
BRDA:1008,81,0,0
BRDA:1008,81,1,0
BRDA:1008,82,0,0
BRDA:1008,82,1,0
BRDA:1008,83,0,0
BRDA:1008,83,1,0
BRDA:1008,84,0,0
BRDA:1008,84,1,0
BRDA:1008,85,0,0
BRDA:1008,85,1,0
BRDA:1009,86,0,0
BRDA:1009,86,1,0
BRDA:1009,87,0,0
BRDA:1009,87,1,0
BRDA:1009,88,0,0
BRDA:1009,88,1,0
BRDA:1009,89,0,0
BRDA:1009,89,1,0
BRDA:1009,90,0,0
BRDA:1009,90,1,0
BRDA:1009,91,0,0
BRDA:1009,91,1,0
BRDA:1012,92,0,0
BRDA:1012,92,1,0
BRDA:1012,93,0,0
BRDA:1012,93,1,0
BRDA:1012,94,0,0
BRDA:1012,94,1,0
BRDA:1012,95,0,0
BRDA:1012,95,1,0
BRDA:1012,96,0,0
BRDA:1012,96,1,0
BRDA:1012,97,0,0
BRDA:1012,97,1,0
BRDA:1013,98,0,0
BRDA:1013,98,1,0
BRDA:1013,99,0,0
BRDA:1013,99,1,0
BRDA:1013,100,0,0
BRDA:1013,100,1,0
BRDA:1013,101,0,0
BRDA:1013,101,1,0
BRDA:1013,102,0,0
BRDA:1013,102,1,0
BRDA:1013,103,0,0
BRDA:1013,103,1,0
BRDA:1016,104,0,0
BRDA:1016,104,1,0
BRDA:1016,105,0,0
BRDA:1016,105,1,0
BRDA:1016,106,0,0
BRDA:1016,106,1,0
BRDA:1016,107,0,0
BRDA:1016,107,1,0
BRDA:1016,108,0,0
BRDA:1016,108,1,0
BRDA:1016,109,0,0
BRDA:1016,109,1,0
BRDA:1017,110,0,0
BRDA:1017,110,1,0
BRDA:1017,111,0,0
BRDA:1017,111,1,0
BRDA:1017,112,0,0
BRDA:1017,112,1,0
BRDA:1017,113,0,0
BRDA:1017,113,1,0
BRDA:1017,114,0,0
BRDA:1017,114,1,0
BRDA:1017,115,0,0
BRDA:1017,115,1,0
BRDA:1018,116,0,0
BRDA:1018,116,1,0
BRDA:1018,117,0,0
BRDA:1018,117,1,0
BRDA:1018,118,0,0
BRDA:1018,118,1,0
BRDA:1018,119,0,0
BRDA:1018,119,1,0
BRDA:1018,120,0,0
BRDA:1018,120,1,0
BRDA:1018,121,0,0
BRDA:1018,121,1,0
BRDA:1019,122,0,0
BRDA:1019,122,1,0
BRDA:1019,123,0,0
BRDA:1019,123,1,0
BRDA:1019,124,0,0
BRDA:1019,124,1,0
BRDA:1019,125,0,0
BRDA:1019,125,1,0
BRDA:1019,126,0,0
BRDA:1019,126,1,0
BRDA:1019,127,0,0
BRDA:1019,127,1,0
BRDA:1031,128,0,0
BRDA:1031,128,1,0
BRDA:1044,129,0,0
BRDA:1044,129,1,0
BRDA:1050,130,0,0
BRDA:1050,130,1,0
BRDA:1118,131,0,0
BRDA:1118,131,1,0
BRDA:59,132,0,1
BRDA:59,132,1,1
BRDA:59,133,0,1
BRDA:59,133,1,1
BRDA:59,134,0,1
BRDA:59,134,1,1
BRDA:59,135,0,1
BRDA:59,135,1,1
BRF:281
BRH:9
end_of_record
TN:
SF:0. Script\Parameters\12\Other\2\Programming\Action Poco\1\1_0\Action_12_2_1_0.ts
FN:3,(anonymous_0)
FN:3,(anonymous_1)
FN:3,(anonymous_2)
FN:3,(anonymous_3)
FN:3,(anonymous_4)
FN:7,(anonymous_5)
FNF:6
FNH:5
FNDA:1,(anonymous_0)
FNDA:1,(anonymous_1)
FNDA:1,(anonymous_2)
FNDA:1,(anonymous_3)
FNDA:1,(anonymous_4)
FNDA:0,(anonymous_5)
DA:3,1
DA:5,1
DA:18,1
DA:20,1
DA:22,1
DA:24,1
DA:26,1
DA:28,1
DA:30,1
DA:32,1
DA:34,1
DA:36,1
DA:42,1
DA:44,1
DA:46,1
DA:48,1
DA:50,1
DA:52,1
DA:54,1
DA:56,1
DA:58,1
DA:60,1
DA:62,1
DA:64,1
DA:66,1
DA:68,1
DA:70,1
DA:72,1
DA:74,1
DA:76,1
DA:78,1
LF:31
LH:31
BRDA:3,0,0,1
BRDA:3,0,1,1
BRDA:3,1,0,1
BRDA:3,1,1,1
BRDA:3,2,0,1
BRDA:3,2,1,1
BRDA:3,3,0,1
BRDA:3,3,1,1
BRDA:3,4,0,1
BRDA:3,4,1,1
BRF:10
BRH:10
end_of_record
TN:
SF:0. Script\Parameters\12\Other\2\Programming\ExtraData Poco\1\1_0\ExtraData_12_2_1_0.ts
FN:4,(anonymous_6)
FN:4,(anonymous_7)
FN:4,(anonymous_8)
FN:4,(anonymous_9)
FN:4,(anonymous_10)
FN:8,(anonymous_11)
FNF:6
FNH:6
FNDA:1,(anonymous_6)
FNDA:1,(anonymous_7)
FNDA:1,(anonymous_8)
FNDA:1,(anonymous_9)
FNDA:1,(anonymous_10)
FNDA:6,(anonymous_11)
DA:1,1
DA:4,1
DA:6,1
DA:9,6
DA:12,6
DA:14,6
LF:6
LH:6
BRDA:4,0,0,1
BRDA:4,0,1,1
BRDA:4,1,0,1
BRDA:4,1,1,1
BRDA:4,2,0,1
BRDA:4,2,1,1
BRDA:4,3,0,1
BRDA:4,3,1,1
BRDA:4,4,0,1
BRDA:4,4,1,1
BRF:10
BRH:10
end_of_record
TN:
SF:0. Script\Parameters\12\Other\2\Programming\SingleParm Poco\1\1_0\SingleParmPoco_12_2_1_0.ts
FN:3,(anonymous_6)
FN:3,(anonymous_7)
FN:3,(anonymous_8)
FN:3,(anonymous_9)
FN:3,(anonymous_10)
FN:7,(anonymous_11)
FNF:6
FNH:6
FNDA:1,(anonymous_6)
FNDA:1,(anonymous_7)
FNDA:1,(anonymous_8)
FNDA:1,(anonymous_9)
FNDA:1,(anonymous_10)
FNDA:8,(anonymous_11)
DA:1,1
DA:3,1
DA:5,1
DA:8,8
LF:4
LH:4
BRDA:3,0,0,1
BRDA:3,0,1,1
BRDA:3,1,0,1
BRDA:3,1,1,1
BRDA:3,2,0,1
BRDA:3,2,1,1
BRDA:3,3,0,1
BRDA:3,3,1,1
BRDA:3,4,0,1
BRDA:3,4,1,1
BRF:10
BRH:10
end_of_record
TN:
SF:1. Storyline\1\Generate Brand Awareness\1\Advertising\Studio\0\1_0\Studio_AudienceTesting_Advertising_Chapter_1_1_Page_0_ControlNicheMaster_Handler_1_0.ts
FN:57,(anonymous_13)
FN:57,(anonymous_14)
FN:57,(anonymous_15)
FN:57,(anonymous_16)
FN:94,(anonymous_17)
FN:183,(anonymous_18)
FN:268,(anonymous_19)
FN:274,(anonymous_21)
FN:274,(anonymous_22)
FN:751,(anonymous_23)
FN:902,(anonymous_24)
FN:1053,(anonymous_25)
FNF:12
FNH:4
FNDA:1,(anonymous_13)
FNDA:1,(anonymous_14)
FNDA:1,(anonymous_15)
FNDA:1,(anonymous_16)
FNDA:0,(anonymous_17)
FNDA:0,(anonymous_18)
FNDA:0,(anonymous_19)
FNDA:0,(anonymous_21)
FNDA:0,(anonymous_22)
FNDA:0,(anonymous_23)
FNDA:0,(anonymous_24)
FNDA:0,(anonymous_25)
DA:8,1
DA:13,1
DA:16,1
DA:33,1
DA:35,1
DA:37,1
DA:39,1
DA:43,1
DA:45,1
DA:57,1
DA:58,1
DA:63,0
DA:85,0
DA:87,0
DA:95,0
DA:110,0
DA:142,0
DA:274,0
DA:289,0
DA:295,0
DA:323,0
DA:329,0
DA:335,0
DA:337,0
DA:339,0
DA:344,0
DA:349,0
DA:351,0
DA:352,0
DA:353,0
DA:354,0
DA:379,0
DA:381,0
DA:382,0
DA:383,0
DA:387,0
DA:388,0
DA:389,0
DA:392,0
DA:393,0
DA:394,0
DA:397,0
DA:398,0
DA:399,0
DA:403,0
DA:404,0
DA:405,0
DA:408,0
DA:409,0
DA:410,0
DA:413,0
DA:414,0
DA:415,0
DA:418,0
DA:419,0
DA:420,0
DA:424,0
DA:425,0
DA:426,0
DA:429,0
DA:430,0
DA:431,0
DA:434,0
DA:435,0
DA:436,0
DA:439,0
DA:440,0
DA:441,0
DA:444,0
DA:445,0
DA:446,0
DA:449,0
DA:450,0
DA:451,0
DA:455,0
DA:456,0
DA:457,0
DA:460,0
DA:463,0
DA:464,0
DA:471,0
DA:472,0
DA:475,0
DA:477,0
DA:484,0
DA:492,0
DA:493,0
DA:500,0
DA:501,0
DA:504,0
DA:506,0
DA:513,0
DA:530,0
DA:540,0
DA:555,0
DA:578,0
DA:579,0
DA:585,0
DA:586,0
DA:596,0
DA:602,0
DA:608,0
DA:609,0
DA:610,0
DA:616,0
DA:618,0
DA:620,0
DA:627,0
DA:630,0
DA:631,0
DA:632,0
DA:633,0
DA:634,0
DA:645,0
DA:647,0
DA:653,0
DA:654,0
DA:656,0
DA:662,0
DA:663,0
DA:684,0
DA:687,0
DA:689,0
DA:691,0
DA:693,0
DA:695,0
DA:704,0
DA:705,0
DA:712,0
DA:713,0
DA:716,0
DA:718,0
DA:725,0
DA:740,0
DA:765,0
DA:797,0
DA:803,0
DA:805,0
DA:807,0
DA:814,0
DA:817,0
DA:818,0
DA:819,0
DA:820,0
DA:821,0
DA:832,0
DA:834,0
DA:836,0
DA:837,0
DA:838,0
DA:840,0
DA:841,0
DA:864,0
DA:866,0
DA:867,0
DA:869,0
DA:871,0
DA:872,0
DA:874,0
DA:889,0
DA:916,0
DA:948,0
DA:954,0
DA:956,0
DA:958,0
DA:965,0
DA:968,0
DA:969,0
DA:970,0
DA:971,0
DA:972,0
DA:983,0
DA:985,0
DA:987,0
DA:988,0
DA:989,0
DA:991,0
DA:992,0
DA:1015,0
DA:1017,0
DA:1018,0
DA:1020,0
DA:1022,0
DA:1023,0
DA:1025,0
DA:1040,0
DA:1067,0
DA:1099,0
DA:1105,0
DA:1107,0
DA:1109,0
DA:1116,0
DA:1119,0
DA:1120,0
DA:1121,0
DA:1122,0
DA:1123,0
DA:1134,0
DA:1136,0
DA:1138,0
DA:1139,0
DA:1140,0
DA:1142,0
DA:1143,0
DA:1166,0
DA:1168,0
DA:1169,0
DA:1171,0
DA:1173,0
DA:1174,0
DA:1176,0
DA:1191,0
LF:212
LH:11
BRDA:142,0,0,0
BRDA:142,0,1,0
BRDA:379,1,0,0
BRDA:379,1,1,0
BRDA:379,2,0,0
BRDA:379,2,1,0
BRDA:381,3,0,0
BRDA:381,3,1,0
BRDA:387,4,0,0
BRDA:387,4,1,0
BRDA:392,5,0,0
BRDA:392,5,1,0
BRDA:397,6,0,0
BRDA:397,6,1,0
BRDA:403,7,0,0
BRDA:403,7,1,0
BRDA:408,8,0,0
BRDA:408,8,1,0
BRDA:413,9,0,0
BRDA:413,9,1,0
BRDA:418,10,0,0
BRDA:418,10,1,0
BRDA:424,11,0,0
BRDA:424,11,1,0
BRDA:429,12,0,0
BRDA:429,12,1,0
BRDA:434,13,0,0
BRDA:434,13,1,0
BRDA:439,14,0,0
BRDA:439,14,1,0
BRDA:444,15,0,0
BRDA:444,15,1,0
BRDA:449,16,0,0
BRDA:449,16,1,0
BRDA:455,17,0,0
BRDA:455,17,1,0
BRDA:460,18,0,0
BRDA:460,18,1,0
BRDA:463,19,0,0
BRDA:463,19,1,0
BRDA:492,20,0,0
BRDA:492,20,1,0
BRDA:618,21,0,0
BRDA:618,21,1,0
BRDA:618,22,0,0
BRDA:618,22,1,0
BRDA:618,23,0,0
BRDA:618,23,1,0
BRDA:618,24,0,0
BRDA:618,24,1,0
BRDA:618,25,0,0
BRDA:618,25,1,0
BRDA:645,26,0,0
BRDA:645,26,1,0
BRDA:688,27,0,0
BRDA:688,27,1,0
BRDA:704,28,0,0
BRDA:704,28,1,0
BRDA:797,29,0,0
BRDA:797,29,1,0
BRDA:805,30,0,0
BRDA:805,30,1,0
BRDA:805,31,0,0
BRDA:805,31,1,0
BRDA:805,32,0,0
BRDA:805,32,1,0
BRDA:805,33,0,0
BRDA:805,33,1,0
BRDA:805,34,0,0
BRDA:805,34,1,0
BRDA:805,35,0,0
BRDA:805,35,1,0
BRDA:805,36,0,0
BRDA:805,36,1,0
BRDA:865,37,0,0
BRDA:865,37,1,0
BRDA:948,38,0,0
BRDA:948,38,1,0
BRDA:956,39,0,0
BRDA:956,39,1,0
BRDA:956,40,0,0
BRDA:956,40,1,0
BRDA:956,41,0,0
BRDA:956,41,1,0
BRDA:956,42,0,0
BRDA:956,42,1,0
BRDA:956,43,0,0
BRDA:956,43,1,0
BRDA:956,44,0,0
BRDA:956,44,1,0
BRDA:956,45,0,0
BRDA:956,45,1,0
BRDA:1016,46,0,0
BRDA:1016,46,1,0
BRDA:1099,47,0,0
BRDA:1099,47,1,0
BRDA:1107,48,0,0
BRDA:1107,48,1,0
BRDA:1107,49,0,0
BRDA:1107,49,1,0
BRDA:1107,50,0,0
BRDA:1107,50,1,0
BRDA:1107,51,0,0
BRDA:1107,51,1,0
BRDA:1107,52,0,0
BRDA:1107,52,1,0
BRDA:1107,53,0,0
BRDA:1107,53,1,0
BRDA:1107,54,0,0
BRDA:1107,54,1,0
BRDA:1167,55,0,0
BRDA:1167,55,1,0
BRDA:57,56,0,1
BRDA:57,56,1,1
BRDA:57,57,0,1
BRDA:57,57,1,1
BRDA:57,58,0,1
BRDA:57,58,1,1
BRDA:57,59,0,1
BRDA:57,59,1,1
BRF:120
BRH:8
end_of_record
TN:
SF:1. Storyline\10\Perform Manual Task\1\Productivity\Studio\0\1_0\Studio_Strategy_Productivity_Chapter_10_1_Page_0_ControlNicheMaster_Handler_1_0.ts
FN:46,(anonymous_13)
FN:46,(anonymous_14)
FN:46,(anonymous_15)
FN:46,(anonymous_16)
FN:83,(anonymous_17)
FN:172,(anonymous_18)
FN:256,(anonymous_19)
FN:262,(anonymous_21)
FN:262,(anonymous_22)
FN:719,(anonymous_23)
FNF:10
FNH:4
FNDA:1,(anonymous_13)
FNDA:1,(anonymous_14)
FNDA:1,(anonymous_15)
FNDA:1,(anonymous_16)
FNDA:0,(anonymous_17)
FNDA:0,(anonymous_18)
FNDA:0,(anonymous_19)
FNDA:0,(anonymous_21)
FNDA:0,(anonymous_22)
FNDA:0,(anonymous_23)
DA:8,1
DA:13,1
DA:16,1
DA:46,1
DA:47,1
DA:52,0
DA:74,0
DA:76,0
DA:84,0
DA:99,0
DA:131,0
DA:262,0
DA:276,0
DA:282,0
DA:310,0
DA:316,0
DA:322,0
DA:324,0
DA:326,0
DA:331,0
DA:336,0
DA:338,0
DA:339,0
DA:340,0
DA:341,0
DA:366,0
DA:368,0
DA:369,0
DA:370,0
DA:374,0
DA:375,0
DA:376,0
DA:379,0
DA:380,0
DA:381,0
DA:384,0
DA:385,0
DA:386,0
DA:390,0
DA:391,0
DA:392,0
DA:395,0
DA:396,0
DA:397,0
DA:400,0
DA:401,0
DA:402,0
DA:405,0
DA:406,0
DA:407,0
DA:411,0
DA:412,0
DA:413,0
DA:416,0
DA:417,0
DA:418,0
DA:421,0
DA:422,0
DA:423,0
DA:426,0
DA:427,0
DA:428,0
DA:431,0
DA:432,0
DA:433,0
DA:436,0
DA:437,0
DA:438,0
DA:442,0
DA:443,0
DA:444,0
DA:447,0
DA:450,0
DA:451,0
DA:453,0
DA:454,0
DA:455,0
DA:457,0
DA:464,0
DA:472,0
DA:473,0
DA:480,0
DA:481,0
DA:484,0
DA:486,0
DA:493,0
DA:510,0
DA:520,0
DA:535,0
DA:558,0
DA:559,0
DA:565,0
DA:566,0
DA:576,0
DA:582,0
DA:588,0
DA:589,0
DA:590,0
DA:596,0
DA:598,0
DA:600,0
DA:607,0
DA:610,0
DA:611,0
DA:612,0
DA:613,0
DA:614,0
DA:625,0
DA:627,0
DA:633,0
DA:634,0
DA:636,0
DA:642,0
DA:643,0
DA:664,0
DA:668,0
DA:680,0
DA:681,0
DA:683,0
DA:684,0
DA:685,0
DA:687,0
DA:693,0
DA:708,0
DA:733,0
DA:765,0
DA:771,0
DA:773,0
DA:775,0
DA:782,0
DA:785,0
DA:786,0
DA:787,0
DA:788,0
DA:789,0
DA:800,0
DA:802,0
DA:804,0
DA:805,0
DA:806,0
DA:808,0
DA:809,0
DA:832,0
DA:834,0
DA:835,0
DA:837,0
DA:839,0
DA:840,0
DA:842,0
DA:857,0
LF:150
LH:5
BRDA:131,0,0,0
BRDA:131,0,1,0
BRDA:366,1,0,0
BRDA:366,1,1,0
BRDA:366,2,0,0
BRDA:366,2,1,0
BRDA:368,3,0,0
BRDA:368,3,1,0
BRDA:374,4,0,0
BRDA:374,4,1,0
BRDA:379,5,0,0
BRDA:379,5,1,0
BRDA:384,6,0,0
BRDA:384,6,1,0
BRDA:390,7,0,0
BRDA:390,7,1,0
BRDA:395,8,0,0
BRDA:395,8,1,0
BRDA:400,9,0,0
BRDA:400,9,1,0
BRDA:405,10,0,0
BRDA:405,10,1,0
BRDA:411,11,0,0
BRDA:411,11,1,0
BRDA:416,12,0,0
BRDA:416,12,1,0
BRDA:421,13,0,0
BRDA:421,13,1,0
BRDA:426,14,0,0
BRDA:426,14,1,0
BRDA:431,15,0,0
BRDA:431,15,1,0
BRDA:436,16,0,0
BRDA:436,16,1,0
BRDA:442,17,0,0
BRDA:442,17,1,0
BRDA:447,18,0,0
BRDA:447,18,1,0
BRDA:450,19,0,0
BRDA:450,19,1,0
BRDA:472,20,0,0
BRDA:472,20,1,0
BRDA:598,21,0,0
BRDA:598,21,1,0
BRDA:598,22,0,0
BRDA:598,22,1,0
BRDA:598,23,0,0
BRDA:598,23,1,0
BRDA:598,24,0,0
BRDA:598,24,1,0
BRDA:598,25,0,0
BRDA:598,25,1,0
BRDA:625,26,0,0
BRDA:625,26,1,0
BRDA:680,27,0,0
BRDA:680,27,1,0
BRDA:765,28,0,0
BRDA:765,28,1,0
BRDA:773,29,0,0
BRDA:773,29,1,0
BRDA:773,30,0,0
BRDA:773,30,1,0
BRDA:773,31,0,0
BRDA:773,31,1,0
BRDA:773,32,0,0
BRDA:773,32,1,0
BRDA:773,33,0,0
BRDA:773,33,1,0
BRDA:773,34,0,0
BRDA:773,34,1,0
BRDA:773,35,0,0
BRDA:773,35,1,0
BRDA:833,36,0,0
BRDA:833,36,1,0
BRDA:46,37,0,1
BRDA:46,37,1,1
BRDA:46,38,0,1
BRDA:46,38,1,1
BRDA:46,39,0,1
BRDA:46,39,1,1
BRDA:46,40,0,1
BRDA:46,40,1,1
BRF:82
BRH:8
end_of_record
TN:
SF:1. Storyline\11\Automate Manual Task\1\Risk Management\Studio\0\1_0\Studio_Strategy_RiskManagement_Chapter_11_1_Page_0_ControlNicheMaster_Handler_1_0.ts
FN:48,(anonymous_13)
FN:48,(anonymous_14)
FN:48,(anonymous_15)
FN:48,(anonymous_16)
FN:85,(anonymous_17)
FN:174,(anonymous_18)
FN:258,(anonymous_19)
FN:263,(anonymous_21)
FN:263,(anonymous_22)
FNF:9
FNH:4
FNDA:1,(anonymous_13)
FNDA:1,(anonymous_14)
FNDA:1,(anonymous_15)
FNDA:1,(anonymous_16)
FNDA:0,(anonymous_17)
FNDA:0,(anonymous_18)
FNDA:0,(anonymous_19)
FNDA:0,(anonymous_21)
FNDA:0,(anonymous_22)
DA:8,1
DA:13,1
DA:16,1
DA:48,1
DA:49,1
DA:54,0
DA:76,0
DA:78,0
DA:86,0
DA:101,0
DA:133,0
DA:263,0
DA:277,0
DA:283,0
DA:311,0
DA:317,0
DA:323,0
DA:325,0
DA:327,0
DA:332,0
DA:337,0
DA:339,0
DA:340,0
DA:341,0
DA:342,0
DA:367,0
DA:369,0
DA:370,0
DA:371,0
DA:375,0
DA:376,0
DA:377,0
DA:380,0
DA:381,0
DA:382,0
DA:385,0
DA:386,0
DA:387,0
DA:391,0
DA:392,0
DA:393,0
DA:396,0
DA:397,0
DA:398,0
DA:401,0
DA:402,0
DA:403,0
DA:406,0
DA:407,0
DA:408,0
DA:412,0
DA:413,0
DA:414,0
DA:417,0
DA:418,0
DA:419,0
DA:422,0
DA:423,0
DA:424,0
DA:427,0
DA:428,0
DA:429,0
DA:432,0
DA:433,0
DA:434,0
DA:437,0
DA:438,0
DA:439,0
DA:443,0
DA:444,0
DA:445,0
DA:448,0
DA:451,0
DA:452,0
DA:459,0
DA:460,0
DA:463,0
DA:465,0
DA:472,0
DA:480,0
DA:481,0
DA:488,0
DA:489,0
DA:492,0
DA:494,0
DA:501,0
DA:518,0
DA:528,0
DA:543,0
DA:566,0
DA:567,0
DA:573,0
DA:574,0
DA:584,0
DA:590,0
DA:596,0
DA:597,0
DA:598,0
DA:604,0
DA:606,0
DA:608,0
DA:615,0
DA:618,0
DA:619,0
DA:620,0
DA:621,0
DA:622,0
DA:633,0
DA:635,0
DA:641,0
DA:642,0
DA:644,0
DA:650,0
DA:651,0
DA:672,0
DA:690,0
DA:691,0
DA:693,0
DA:694,0
DA:695,0
DA:697,0
DA:703,0
DA:718,0
LF:123
LH:5
BRDA:133,0,0,0
BRDA:133,0,1,0
BRDA:367,1,0,0
BRDA:367,1,1,0
BRDA:367,2,0,0
BRDA:367,2,1,0
BRDA:369,3,0,0
BRDA:369,3,1,0
BRDA:375,4,0,0
BRDA:375,4,1,0
BRDA:380,5,0,0
BRDA:380,5,1,0
BRDA:385,6,0,0
BRDA:385,6,1,0
BRDA:391,7,0,0
BRDA:391,7,1,0
BRDA:396,8,0,0
BRDA:396,8,1,0
BRDA:401,9,0,0
BRDA:401,9,1,0
BRDA:406,10,0,0
BRDA:406,10,1,0
BRDA:412,11,0,0
BRDA:412,11,1,0
BRDA:417,12,0,0
BRDA:417,12,1,0
BRDA:422,13,0,0
BRDA:422,13,1,0
BRDA:427,14,0,0
BRDA:427,14,1,0
BRDA:432,15,0,0
BRDA:432,15,1,0
BRDA:437,16,0,0
BRDA:437,16,1,0
BRDA:443,17,0,0
BRDA:443,17,1,0
BRDA:448,18,0,0
BRDA:448,18,1,0
BRDA:451,19,0,0
BRDA:451,19,1,0
BRDA:480,20,0,0
BRDA:480,20,1,0
BRDA:606,21,0,0
BRDA:606,21,1,0
BRDA:606,22,0,0
BRDA:606,22,1,0
BRDA:606,23,0,0
BRDA:606,23,1,0
BRDA:606,24,0,0
BRDA:606,24,1,0
BRDA:606,25,0,0
BRDA:606,25,1,0
BRDA:633,26,0,0
BRDA:633,26,1,0
BRDA:690,27,0,0
BRDA:690,27,1,0
BRDA:48,28,0,1
BRDA:48,28,1,1
BRDA:48,29,0,1
BRDA:48,29,1,1
BRDA:48,30,0,1
BRDA:48,30,1,1
BRDA:48,31,0,1
BRDA:48,31,1,1
BRF:64
BRH:8
end_of_record
TN:
SF:1. Storyline\12\Other\1\Careers Employment\Studio\0\1_0\Studio_Strategy_CareersEmployment_Chapter_12_1_Page_0_ControlNicheMaster_Handler_1_0.ts
FN:46,(anonymous_13)
FN:46,(anonymous_14)
FN:46,(anonymous_15)
FN:46,(anonymous_16)
FN:83,(anonymous_17)
FN:172,(anonymous_18)
FN:256,(anonymous_19)
FN:261,(anonymous_21)
FN:261,(anonymous_22)
FN:723,(anonymous_23)
FNF:10
FNH:4
FNDA:1,(anonymous_13)
FNDA:1,(anonymous_14)
FNDA:1,(anonymous_15)
FNDA:1,(anonymous_16)
FNDA:0,(anonymous_17)
FNDA:0,(anonymous_18)
FNDA:0,(anonymous_19)
FNDA:0,(anonymous_21)
FNDA:0,(anonymous_22)
FNDA:0,(anonymous_23)
DA:8,1
DA:13,1
DA:16,1
DA:46,1
DA:47,1
DA:52,0
DA:74,0
DA:76,0
DA:84,0
DA:99,0
DA:131,0
DA:261,0
DA:275,0
DA:281,0
DA:309,0
DA:315,0
DA:321,0
DA:323,0
DA:325,0
DA:330,0
DA:335,0
DA:337,0
DA:338,0
DA:339,0
DA:340,0
DA:365,0
DA:367,0
DA:368,0
DA:369,0
DA:373,0
DA:374,0
DA:375,0
DA:378,0
DA:379,0
DA:380,0
DA:383,0
DA:384,0
DA:385,0
DA:389,0
DA:390,0
DA:391,0
DA:394,0
DA:395,0
DA:396,0
DA:399,0
DA:400,0
DA:401,0
DA:404,0
DA:405,0
DA:406,0
DA:410,0
DA:411,0
DA:412,0
DA:415,0
DA:416,0
DA:417,0
DA:420,0
DA:421,0
DA:422,0
DA:425,0
DA:426,0
DA:427,0
DA:430,0
DA:431,0
DA:432,0
DA:435,0
DA:436,0
DA:437,0
DA:441,0
DA:442,0
DA:443,0
DA:446,0
DA:449,0
DA:450,0
DA:452,0
DA:453,0
DA:454,0
DA:456,0
DA:463,0
DA:471,0
DA:472,0
DA:479,0
DA:480,0
DA:483,0
DA:485,0
DA:492,0
DA:509,0
DA:519,0
DA:534,0
DA:557,0
DA:558,0
DA:564,0
DA:565,0
DA:575,0
DA:581,0
DA:587,0
DA:588,0
DA:589,0
DA:595,0
DA:597,0
DA:599,0
DA:606,0
DA:609,0
DA:610,0
DA:611,0
DA:612,0
DA:613,0
DA:624,0
DA:626,0
DA:632,0
DA:633,0
DA:635,0
DA:641,0
DA:642,0
DA:663,0
DA:666,0
DA:677,0
DA:678,0
DA:685,0
DA:686,0
DA:689,0
DA:691,0
DA:697,0
DA:712,0
DA:728,0
DA:734,0
DA:736,0
DA:738,0
DA:741,0
DA:742,0
DA:743,0
DA:744,0
DA:745,0
DA:746,0
DA:761,0
DA:763,0
DA:765,0
DA:767,0
DA:768,0
DA:769,0
DA:771,0
DA:772,0
DA:774,0
DA:776,0
DA:777,0
DA:779,0
DA:781,0
DA:782,0
DA:784,0
DA:799,0
LF:150
LH:5
BRDA:131,0,0,0
BRDA:131,0,1,0
BRDA:365,1,0,0
BRDA:365,1,1,0
BRDA:365,2,0,0
BRDA:365,2,1,0
BRDA:367,3,0,0
BRDA:367,3,1,0
BRDA:373,4,0,0
BRDA:373,4,1,0
BRDA:378,5,0,0
BRDA:378,5,1,0
BRDA:383,6,0,0
BRDA:383,6,1,0
BRDA:389,7,0,0
BRDA:389,7,1,0
BRDA:394,8,0,0
BRDA:394,8,1,0
BRDA:399,9,0,0
BRDA:399,9,1,0
BRDA:404,10,0,0
BRDA:404,10,1,0
BRDA:410,11,0,0
BRDA:410,11,1,0
BRDA:415,12,0,0
BRDA:415,12,1,0
BRDA:420,13,0,0
BRDA:420,13,1,0
BRDA:425,14,0,0
BRDA:425,14,1,0
BRDA:430,15,0,0
BRDA:430,15,1,0
BRDA:435,16,0,0
BRDA:435,16,1,0
BRDA:441,17,0,0
BRDA:441,17,1,0
BRDA:446,18,0,0
BRDA:446,18,1,0
BRDA:449,19,0,0
BRDA:449,19,1,0
BRDA:471,20,0,0
BRDA:471,20,1,0
BRDA:597,21,0,0
BRDA:597,21,1,0
BRDA:597,22,0,0
BRDA:597,22,1,0
BRDA:597,23,0,0
BRDA:597,23,1,0
BRDA:597,24,0,0
BRDA:597,24,1,0
BRDA:597,25,0,0
BRDA:597,25,1,0
BRDA:624,26,0,0
BRDA:624,26,1,0
BRDA:677,27,0,0
BRDA:677,27,1,0
BRDA:728,28,0,0
BRDA:728,28,1,0
BRDA:736,29,0,0
BRDA:736,29,1,0
BRDA:736,30,0,0
BRDA:736,30,1,0
BRDA:736,31,0,0
BRDA:736,31,1,0
BRDA:736,32,0,0
BRDA:736,32,1,0
BRDA:736,33,0,0
BRDA:736,33,1,0
BRDA:736,34,0,0
BRDA:736,34,1,0
BRDA:736,35,0,0
BRDA:736,35,1,0
BRDA:736,36,0,0
BRDA:736,36,1,0
BRDA:736,37,0,0
BRDA:736,37,1,0
BRDA:775,38,0,0
BRDA:775,38,1,0
BRDA:46,39,0,1
BRDA:46,39,1,1
BRDA:46,40,0,1
BRDA:46,40,1,1
BRDA:46,41,0,1
BRDA:46,41,1,1
BRDA:46,42,0,1
BRDA:46,42,1,1
BRF:86
BRH:8
end_of_record
TN:
SF:1. Storyline\12\Other\2\Programming\Studio\0\1_0\Studio_Automation_Programming_Chapter_12_2_Page_0_ControlMasterLeader_Handler_1_0.ts
FN:74,(anonymous_6)
FN:74,(anonymous_7)
FN:74,(anonymous_8)
FN:74,(anonymous_9)
FN:100,(anonymous_10)
FN:191,(anonymous_11)
FN:271,(anonymous_12)
FN:277,(anonymous_13)
FN:788,(anonymous_14)
FN:993,(anonymous_15)
FN:1143,(anonymous_16)
FN:1267,(anonymous_17)
FN:1344,(anonymous_18)
FN:1444,(anonymous_19)
FN:1561,(anonymous_20)
FN:1566,(anonymous_21)
FN:1571,(anonymous_22)
FN:1576,(anonymous_23)
FN:1581,(anonymous_24)
FN:1586,(anonymous_25)
FN:1591,(anonymous_26)
FN:1596,(anonymous_27)
FN:1644,(anonymous_28)
FN:1800,(anonymous_29)
FN:1886,(anonymous_30)
FN:2395,(anonymous_31)
FN:2400,(anonymous_32)
FN:2405,(anonymous_33)
FN:2410,(anonymous_34)
FN:2415,(anonymous_35)
FN:2420,(anonymous_36)
FN:2425,(anonymous_37)
FN:2430,(anonymous_38)
FN:2435,(anonymous_39)
FN:2485,(anonymous_40)
FN:2641,(anonymous_41)
FN:2726,(anonymous_42)
FN:2926,(anonymous_43)
FN:2931,(anonymous_44)
FN:2936,(anonymous_45)
FN:2941,(anonymous_46)
FN:2946,(anonymous_47)
FN:2951,(anonymous_48)
FN:2956,(anonymous_49)
FN:2961,(anonymous_50)
FN:2966,(anonymous_51)
FN:3012,(anonymous_52)
FN:3134,(anonymous_53)
FN:3221,(anonymous_54)
FN:3344,(anonymous_55)
FN:3349,(anonymous_56)
FN:3354,(anonymous_57)
FN:3359,(anonymous_58)
FN:3364,(anonymous_59)
FN:3369,(anonymous_60)
FN:3374,(anonymous_61)
FN:3379,(anonymous_62)
FN:3384,(anonymous_63)
FN:3430,(anonymous_64)
FN:3552,(anonymous_65)
FN:3639,(anonymous_66)
FN:3762,(anonymous_67)
FN:3767,(anonymous_68)
FN:3772,(anonymous_69)
FN:3777,(anonymous_70)
FN:3782,(anonymous_71)
FN:3787,(anonymous_72)
FN:3792,(anonymous_73)
FN:3797,(anonymous_74)
FN:3802,(anonymous_75)
FN:3848,(anonymous_76)
FN:3970,(anonymous_77)
FN:4057,(anonymous_78)
FN:4180,(anonymous_79)
FN:4185,(anonymous_80)
FN:4190,(anonymous_81)
FN:4195,(anonymous_82)
FN:4200,(anonymous_83)
FN:4205,(anonymous_84)
FN:4210,(anonymous_85)
FN:4215,(anonymous_86)
FN:4220,(anonymous_87)
FNF:82
FNH:5
FNDA:1,(anonymous_6)
FNDA:1,(anonymous_7)
FNDA:1,(anonymous_8)
FNDA:1,(anonymous_9)
FNDA:0,(anonymous_10)
FNDA:0,(anonymous_11)
FNDA:0,(anonymous_12)
FNDA:0,(anonymous_13)
FNDA:0,(anonymous_14)
FNDA:0,(anonymous_15)
FNDA:0,(anonymous_16)
FNDA:0,(anonymous_17)
FNDA:0,(anonymous_18)
FNDA:0,(anonymous_19)
FNDA:0,(anonymous_20)
FNDA:0,(anonymous_21)
FNDA:0,(anonymous_22)
FNDA:0,(anonymous_23)
FNDA:0,(anonymous_24)
FNDA:0,(anonymous_25)
FNDA:0,(anonymous_26)
FNDA:0,(anonymous_27)
FNDA:0,(anonymous_28)
FNDA:0,(anonymous_29)
FNDA:0,(anonymous_30)
FNDA:0,(anonymous_31)
FNDA:0,(anonymous_32)
FNDA:0,(anonymous_33)
FNDA:0,(anonymous_34)
FNDA:0,(anonymous_35)
FNDA:0,(anonymous_36)
FNDA:0,(anonymous_37)
FNDA:0,(anonymous_38)
FNDA:0,(anonymous_39)
FNDA:0,(anonymous_40)
FNDA:0,(anonymous_41)
FNDA:0,(anonymous_42)
FNDA:0,(anonymous_43)
FNDA:0,(anonymous_44)
FNDA:0,(anonymous_45)
FNDA:0,(anonymous_46)
FNDA:0,(anonymous_47)
FNDA:0,(anonymous_48)
FNDA:0,(anonymous_49)
FNDA:0,(anonymous_50)
FNDA:0,(anonymous_51)
FNDA:1,(anonymous_52)
FNDA:0,(anonymous_53)
FNDA:0,(anonymous_54)
FNDA:0,(anonymous_55)
FNDA:0,(anonymous_56)
FNDA:0,(anonymous_57)
FNDA:0,(anonymous_58)
FNDA:0,(anonymous_59)
FNDA:0,(anonymous_60)
FNDA:0,(anonymous_61)
FNDA:0,(anonymous_62)
FNDA:0,(anonymous_63)
FNDA:0,(anonymous_64)
FNDA:0,(anonymous_65)
FNDA:0,(anonymous_66)
FNDA:0,(anonymous_67)
FNDA:0,(anonymous_68)
FNDA:0,(anonymous_69)
FNDA:0,(anonymous_70)
FNDA:0,(anonymous_71)
FNDA:0,(anonymous_72)
FNDA:0,(anonymous_73)
FNDA:0,(anonymous_74)
FNDA:0,(anonymous_75)
FNDA:0,(anonymous_76)
FNDA:0,(anonymous_77)
FNDA:0,(anonymous_78)
FNDA:0,(anonymous_79)
FNDA:0,(anonymous_80)
FNDA:0,(anonymous_81)
FNDA:0,(anonymous_82)
FNDA:0,(anonymous_83)
FNDA:0,(anonymous_84)
FNDA:0,(anonymous_85)
FNDA:0,(anonymous_86)
FNDA:0,(anonymous_87)
DA:8,1
DA:10,1
DA:13,1
DA:14,1
DA:19,1
DA:22,1
DA:23,1
DA:24,1
DA:27,1
DA:30,1
DA:33,1
DA:34,1
DA:35,1
DA:38,1
DA:41,1
DA:44,1
DA:47,1
DA:50,1
DA:53,1
DA:54,1
DA:57,1
DA:58,1
DA:59,1
DA:60,1
DA:61,1
DA:63,1
DA:74,1
DA:76,1
DA:83,0
DA:86,0
DA:89,0
DA:102,0
DA:117,0
DA:149,0
DA:172,0
DA:173,0
DA:206,0
DA:238,0
DA:277,0
DA:293,0
DA:299,0
DA:327,0
DA:333,0
DA:339,0
DA:341,0
DA:348,0
DA:351,0
DA:352,0
DA:353,0
DA:354,0
DA:355,0
DA:380,0
DA:382,0
DA:383,0
DA:384,0
DA:387,0
DA:388,0
DA:389,0
DA:392,0
DA:393,0
DA:394,0
DA:398,0
DA:399,0
DA:400,0
DA:403,0
DA:404,0
DA:405,0
DA:408,0
DA:409,0
DA:410,0
DA:413,0
DA:414,0
DA:415,0
DA:418,0
DA:419,0
DA:420,0
DA:424,0
DA:425,0
DA:426,0
DA:429,0
DA:430,0
DA:431,0
DA:434,0
DA:435,0
DA:436,0
DA:440,0
DA:441,0
DA:442,0
DA:445,0
DA:448,0
DA:449,0
DA:451,0
DA:452,0
DA:453,0
DA:455,0
DA:462,0
DA:470,0
DA:471,0
DA:473,0
DA:474,0
DA:475,0
DA:477,0
DA:484,0
DA:501,0
DA:511,0
DA:529,0
DA:533,0
DA:548,0
DA:558,0
DA:564,0
DA:565,0
DA:575,0
DA:577,0
DA:579,0
DA:585,0
DA:591,0
DA:593,0
DA:594,0
DA:596,0
DA:598,0
DA:605,0
DA:608,0
DA:609,0
DA:610,0
DA:611,0
DA:612,0
DA:617,0
DA:619,0
DA:620,0
DA:622,0
DA:623,0
DA:631,0
DA:632,0
DA:638,0
DA:639,0
DA:658,0
DA:664,0
DA:665,0
DA:667,0
DA:668,0
DA:670,0
DA:680,0
DA:682,0
DA:684,0
DA:686,0
DA:687,0
DA:689,0
DA:691,0
DA:692,0
DA:694,0
DA:696,0
DA:697,0
DA:699,0
DA:709,0
DA:714,0
DA:715,0
DA:716,0
DA:719,0
DA:720,0
DA:721,0
DA:722,0
DA:726,0
DA:739,0
DA:755,1
DA:760,0
DA:778,0
DA:780,0
DA:825,0
DA:831,0
DA:832,0
DA:834,0
DA:836,0
DA:846,0
DA:852,0
DA:858,0
DA:864,0
DA:865,0
DA:871,0
DA:872,0
DA:878,0
DA:880,0
DA:886,0
DA:887,0
DA:1008,0
DA:1009,0
DA:1032,0
DA:1042,0
DA:1064,0
DA:1068,0
DA:1069,0
DA:1077,0
DA:1092,0
DA:1110,1
DA:1115,0
DA:1120,0
DA:1121,0
DA:1133,0
DA:1135,0
DA:1145,0
DA:1182,0
DA:1188,0
DA:1189,0
DA:1191,0
DA:1201,0
DA:1207,0
DA:1213,0
DA:1219,0
DA:1225,0
DA:1227,0
DA:1233,0
DA:1234,0
DA:1414,0
DA:1416,0
DA:1420,0
DA:1435,0
DA:1459,0
DA:1460,0
DA:1492,0
DA:1513,0
DA:1517,0
DA:1518,0
DA:1525,0
DA:1526,0
DA:1535,0
DA:1550,0
DA:1563,0
DA:1568,0
DA:1573,0
DA:1578,0
DA:1583,0
DA:1588,0
DA:1593,0
DA:1598,0
DA:1608,1
DA:1613,0
DA:1620,0
DA:1621,0
DA:1635,0
DA:1637,0
DA:1646,0
DA:1683,0
DA:1689,0
DA:1690,0
DA:1692,0
DA:1702,0
DA:1708,0
DA:1714,0
DA:1715,0
DA:1717,0
DA:1720,0
DA:1721,0
DA:1723,0
DA:1726,0
DA:1727,0
DA:1729,0
DA:1736,0
DA:1742,0
DA:1748,0
DA:1750,0
DA:1756,0
DA:1762,0
DA:1768,0
DA:1769,0
DA:1896,0
DA:1898,0
DA:1899,0
DA:1900,0
DA:1902,0
DA:1904,0
DA:1906,0
DA:1907,0
DA:1908,0
DA:1910,0
DA:1912,0
DA:1914,0
DA:1916,0
DA:1918,0
DA:1920,0
DA:1922,0
DA:1923,0
DA:1924,0
DA:1925,0
DA:1926,0
DA:1954,0
DA:1960,0
DA:1961,0
DA:1971,0
DA:1977,0
DA:1983,0
DA:2004,0
DA:2008,0
DA:2012,0
DA:2014,0
DA:2015,0
DA:2017,0
DA:2018,0
DA:2020,0
DA:2022,0
DA:2031,0
DA:2033,0
DA:2035,0
DA:2036,0
DA:2038,0
DA:2039,0
DA:2041,0
DA:2043,0
DA:2050,0
DA:2052,0
DA:2054,0
DA:2055,0
DA:2057,0
DA:2058,0
DA:2060,0
DA:2062,0
DA:2065,0
DA:2067,0
DA:2069,0
DA:2070,0
DA:2072,0
DA:2073,0
DA:2075,0
DA:2077,0
DA:2080,0
DA:2082,0
DA:2084,0
DA:2085,0
DA:2087,0
DA:2088,0
DA:2090,0
DA:2092,0
DA:2099,0
DA:2101,0
DA:2103,0
DA:2104,0
DA:2106,0
DA:2107,0
DA:2109,0
DA:2111,0
DA:2118,0
DA:2120,0
DA:2122,0
DA:2123,0
DA:2125,0
DA:2126,0
DA:2128,0
DA:2130,0
DA:2137,0
DA:2139,0
DA:2141,0
DA:2142,0
DA:2144,0
DA:2145,0
DA:2147,0
DA:2149,0
DA:2152,0
DA:2154,0
DA:2156,0
DA:2157,0
DA:2159,0
DA:2160,0
DA:2162,0
DA:2164,0
DA:2167,0
DA:2169,0
DA:2171,0
DA:2172,0
DA:2174,0
DA:2175,0
DA:2177,0
DA:2179,0
DA:2186,0
DA:2188,0
DA:2190,0
DA:2191,0
DA:2193,0
DA:2194,0
DA:2196,0
DA:2198,0
DA:2205,0
DA:2207,0
DA:2209,0
DA:2210,0
DA:2212,0
DA:2213,0
DA:2215,0
DA:2217,0
DA:2224,0
DA:2226,0
DA:2228,0
DA:2229,0
DA:2231,0
DA:2232,0
DA:2234,0
DA:2236,0
DA:2243,0
DA:2245,0
DA:2247,0
DA:2248,0
DA:2250,0
DA:2251,0
DA:2253,0
DA:2255,0
DA:2262,0
DA:2264,0
DA:2266,0
DA:2267,0
DA:2269,0
DA:2270,0
DA:2272,0
DA:2274,0
DA:2281,0
DA:2283,0
DA:2285,0
DA:2286,0
DA:2288,0
DA:2289,0
DA:2291,0
DA:2293,0
DA:2300,0
DA:2302,0
DA:2304,0
DA:2305,0
DA:2307,0
DA:2308,0
DA:2310,0
DA:2312,0
DA:2315,0
DA:2317,0
DA:2319,0
DA:2320,0
DA:2322,0
DA:2323,0
DA:2325,0
DA:2327,0
DA:2330,0
DA:2332,0
DA:2334,0
DA:2335,0
DA:2337,0
DA:2338,0
DA:2340,0
DA:2342,0
DA:2345,0
DA:2347,0
DA:2349,0
DA:2350,0
DA:2352,0
DA:2353,0
DA:2355,0
DA:2357,0
DA:2369,0
DA:2384,0
DA:2397,0
DA:2402,0
DA:2407,0
DA:2412,0
DA:2417,0
DA:2422,0
DA:2427,0
DA:2432,0
DA:2437,0
DA:2449,1
DA:2454,0
DA:2461,0
DA:2462,0
DA:2476,0
DA:2478,0
DA:2487,0
DA:2524,0
DA:2530,0
DA:2531,0
DA:2533,0
DA:2543,0
DA:2549,0
DA:2555,0
DA:2556,0
DA:2558,0
DA:2561,0
DA:2562,0
DA:2564,0
DA:2567,0
DA:2568,0
DA:2570,0
DA:2577,0
DA:2583,0
DA:2589,0
DA:2591,0
DA:2597,0
DA:2603,0
DA:2609,0
DA:2610,0
DA:2736,0
DA:2738,0
DA:2765,0
DA:2771,0
DA:2772,0
DA:2782,0
DA:2788,0
DA:2794,0
DA:2815,0
DA:2825,0
[...]
DA:807,0
DA:915,0
DA:921,0
DA:972,0
DA:974,0
DA:976,0
DA:978,0
DA:979,0
DA:980,0
DA:981,0
DA:982,0
DA:983,0
DA:985,0
DA:987,0
DA:1001,0
DA:1015,1
DA:1034,0
DA:1035,0
DA:1036,0
DA:1039,0
DA:1042,0
DA:1051,0
DA:1052,0
DA:1057,0
DA:1066,0
DA:1104,0
DA:1110,0
DA:1111,0
DA:1113,0
DA:1123,0
DA:1129,0
DA:1135,0
DA:1136,0
DA:1137,0
DA:1143,0
DA:1149,0
DA:1155,0
DA:1156,0
DA:1162,0
DA:1168,0
DA:1170,0
DA:1172,0
DA:1195,0
DA:1196,0
DA:1197,0
DA:1198,0
DA:1199,0
DA:1200,0
DA:1201,0
DA:1202,0
DA:1203,0
DA:1204,0
DA:1206,0
DA:1325,0
DA:1353,0
DA:1355,0
DA:1382,0
DA:1383,0
DA:1386,0
DA:1397,0
DA:1431,0
DA:1459,0
DA:1461,0
DA:1490,0
DA:1498,0
DA:1503,0
DA:1516,0
DA:1550,0
DA:1578,0
DA:1580,0
DA:1610,0
DA:1612,0
DA:1614,0
DA:1615,0
DA:1617,0
DA:1618,0
DA:1619,0
DA:1621,0
DA:1623,0
DA:1637,0
DA:1675,0
DA:1703,0
DA:1705,0
DA:1732,0
DA:1733,0
DA:1736,0
DA:1748,0
DA:1778,0
DA:1806,0
DA:1808,0
DA:1843,0
DA:1873,0
DA:1901,0
DA:1903,0
DA:1938,0
DA:1968,0
DA:1996,0
DA:1998,0
DA:2033,0
DA:2063,0
DA:2091,0
DA:2093,0
DA:2128,0
DA:2158,0
DA:2186,0
DA:2188,0
DA:2215,0
DA:2216,0
DA:2219,0
DA:2230,0
DA:2260,0
DA:2288,0
DA:2290,0
DA:2325,0
DA:2355,0
DA:2383,0
DA:2385,0
DA:2420,0
DA:2450,0
DA:2478,0
DA:2480,0
DA:2507,0
DA:2508,0
DA:2511,0
DA:2522,0
DA:2550,0
DA:2603,0
DA:2614,0
DA:2627,0
DA:2651,0
DA:2704,0
DA:2715,0
DA:2728,0
DA:2752,0
DA:2805,0
DA:2816,0
DA:2829,0
DA:2853,0
DA:2906,0
DA:2917,0
DA:2930,0
DA:2954,0
DA:3007,0
DA:3018,0
DA:3031,0
DA:3061,0
DA:3089,0
DA:3091,0
DA:3120,0
DA:3131,0
DA:3144,0
DA:3168,0
DA:3221,0
DA:3232,0
DA:3245,0
DA:3269,0
DA:3322,0
DA:3333,0
DA:3346,0
DA:3370,0
DA:3423,0
DA:3435,0
DA:3448,0
LF:292
LH:10
BRDA:323,0,0,0
BRDA:323,0,1,0
BRDA:364,1,0,0
BRDA:364,1,1,0
BRDA:364,2,0,0
BRDA:364,2,1,0
BRDA:364,2,2,0
BRDA:364,2,3,0
BRDA:368,3,0,0
BRDA:368,3,1,0
BRDA:373,4,0,0
BRDA:373,4,1,0
BRDA:379,5,0,0
BRDA:379,5,1,0
BRDA:379,6,0,0
BRDA:379,6,1,0
BRDA:384,7,0,0
BRDA:384,7,1,0
BRDA:389,8,0,0
BRDA:389,8,1,0
BRDA:389,9,0,0
BRDA:389,9,1,0
BRDA:395,10,0,0
BRDA:395,10,1,0
BRDA:401,11,0,0
BRDA:401,11,1,0
BRDA:406,12,0,0
BRDA:406,12,1,0
BRDA:411,13,0,0
BRDA:411,13,1,0
BRDA:416,14,0,0
BRDA:416,14,1,0
BRDA:421,15,0,0
BRDA:421,15,1,0
BRDA:426,16,0,0
BRDA:426,16,1,0
BRDA:429,17,0,0
BRDA:429,17,1,0
BRDA:458,18,0,0
BRDA:458,18,1,0
BRDA:555,19,0,0
BRDA:555,19,1,0
BRDA:555,20,0,0
BRDA:555,20,1,0
BRDA:555,21,0,0
BRDA:555,21,1,0
BRDA:555,22,0,0
BRDA:555,22,1,0
BRDA:555,23,0,0
BRDA:555,23,1,0
BRDA:555,24,0,0
BRDA:555,24,1,0
BRDA:555,25,0,0
BRDA:555,25,1,0
BRDA:555,26,0,0
BRDA:555,26,1,0
BRDA:555,27,0,0
BRDA:555,27,1,0
BRDA:599,28,0,0
BRDA:599,28,1,0
BRDA:599,29,0,0
BRDA:599,29,1,0
BRDA:599,29,2,0
BRDA:772,30,0,0
BRDA:772,30,1,0
BRDA:1162,31,0,0
BRDA:1162,31,1,0
BRDA:34,32,0,1
BRDA:34,32,1,1
BRDA:34,33,0,1
BRDA:34,33,1,1
BRDA:34,34,0,1
BRDA:34,34,1,1
BRDA:34,35,0,1
BRDA:34,35,1,1
BRF:75
BRH:8
end_of_record
TN:
SF:7. Director\12\Other\3\Web Development\Director\8\1_0\Director_Of_WebDevelopment_Chapter_12_3_Page_8_OutputWebinarScreen_Handler_1_0.ts
FN:34,(anonymous_13)
FN:34,(anonymous_14)
FN:34,(anonymous_15)
FN:34,(anonymous_16)
FN:70,(anonymous_17)
FN:173,(anonymous_18)
FN:257,(anonymous_19)
FN:262,(anonymous_21)
FN:262,(anonymous_22)
FN:677,(anonymous_23)
FN:824,(anonymous_24)
FN:901,(anonymous_25)
FN:1065,(anonymous_27)
FN:1223,(anonymous_28)
FN:1305,(anonymous_29)
FN:1411,(anonymous_31)
FN:1530,(anonymous_33)
FN:1655,(anonymous_35)
FN:1758,(anonymous_37)
FN:1853,(anonymous_39)
FN:1948,(anonymous_41)
FN:2043,(anonymous_43)
FN:2138,(anonymous_45)
FN:2240,(anonymous_47)
FN:2335,(anonymous_49)
FN:2430,(anonymous_51)
FN:2536,(anonymous_53)
FN:2637,(anonymous_55)
FN:2738,(anonymous_57)
FN:2839,(anonymous_59)
FN:2940,(anonymous_61)
FN:3041,(anonymous_63)
FN:3154,(anonymous_65)
FN:3255,(anonymous_67)
FN:3356,(anonymous_69)
FNF:35
FNH:4
FNDA:1,(anonymous_13)
FNDA:1,(anonymous_14)
FNDA:1,(anonymous_15)
FNDA:1,(anonymous_16)
FNDA:0,(anonymous_17)
FNDA:0,(anonymous_18)
FNDA:0,(anonymous_19)
FNDA:0,(anonymous_21)
FNDA:0,(anonymous_22)
FNDA:0,(anonymous_23)
FNDA:0,(anonymous_24)
FNDA:0,(anonymous_25)
FNDA:0,(anonymous_27)
FNDA:0,(anonymous_28)
FNDA:0,(anonymous_29)
FNDA:0,(anonymous_31)
FNDA:0,(anonymous_33)
FNDA:0,(anonymous_35)
FNDA:0,(anonymous_37)
FNDA:0,(anonymous_39)
FNDA:0,(anonymous_41)
FNDA:0,(anonymous_43)
FNDA:0,(anonymous_45)
FNDA:0,(anonymous_47)
FNDA:0,(anonymous_49)
FNDA:0,(anonymous_51)
FNDA:0,(anonymous_53)
FNDA:0,(anonymous_55)
FNDA:0,(anonymous_57)
FNDA:0,(anonymous_59)
FNDA:0,(anonymous_61)
FNDA:0,(anonymous_63)
FNDA:0,(anonymous_65)
FNDA:0,(anonymous_67)
FNDA:0,(anonymous_69)
DA:5,1
DA:6,1
DA:10,1
DA:11,1
DA:13,1
DA:23,1
DA:34,1
DA:35,1
DA:39,0
DA:61,0
DA:63,0
DA:71,0
DA:86,0
DA:109,0
DA:119,0
DA:125,0
DA:131,0
DA:132,0
DA:133,0
DA:262,0
DA:277,0
DA:283,0
DA:311,0
DA:317,0
DA:323,0
DA:325,0
DA:332,0
DA:335,0
DA:336,0
DA:337,0
DA:338,0
DA:339,0
DA:364,0
DA:368,0
DA:369,0
DA:370,0
DA:373,0
DA:374,0
DA:375,0
DA:379,0
DA:380,0
DA:381,0
DA:384,0
DA:385,0
DA:386,0
DA:389,0
DA:390,0
DA:391,0
DA:395,0
DA:396,0
DA:397,0
DA:401,0
DA:402,0
DA:403,0
DA:406,0
DA:407,0
DA:408,0
DA:411,0
DA:412,0
DA:413,0
DA:416,0
DA:417,0
DA:418,0
DA:421,0
DA:422,0
DA:423,0
DA:426,0
DA:429,0
DA:430,0
DA:437,0
DA:438,0
DA:441,0
DA:443,0
DA:450,0
DA:458,0
DA:459,0
DA:466,0
DA:467,0
DA:470,0
DA:472,0
DA:479,0
DA:496,0
DA:506,0
DA:521,0
DA:553,0
DA:555,0
DA:557,0
DA:562,0
DA:567,0
DA:568,0
DA:569,0
DA:570,0
DA:571,0
DA:576,0
DA:599,0
DA:600,0
DA:601,0
DA:602,0
DA:603,0
DA:604,0
DA:605,0
DA:606,0
DA:607,0
DA:608,0
DA:612,0
DA:614,0
DA:628,0
DA:640,1
DA:644,0
DA:667,0
DA:669,0
DA:714,0
DA:720,0
DA:721,0
DA:723,0
DA:733,0
DA:739,0
DA:745,0
DA:746,0
DA:747,0
DA:753,0
DA:759,0
DA:765,0
DA:766,0
DA:772,0
DA:778,0
DA:780,0
DA:782,0
DA:805,0
DA:807,0
DA:915,0
DA:921,0
DA:972,0
DA:974,0
DA:976,0
DA:978,0
DA:979,0
DA:980,0
DA:981,0
DA:982,0
DA:983,0
DA:985,0
DA:987,0
DA:1001,0
DA:1015,1
DA:1034,0
DA:1035,0
DA:1036,0
DA:1039,0
DA:1042,0
DA:1051,0
DA:1052,0
DA:1057,0
DA:1066,0
DA:1104,0
DA:1110,0
DA:1111,0
DA:1113,0
DA:1123,0
DA:1129,0
DA:1135,0
DA:1136,0
DA:1137,0
DA:1143,0
DA:1149,0
DA:1155,0
DA:1156,0
DA:1162,0
DA:1168,0
DA:1170,0
DA:1172,0
DA:1195,0
DA:1196,0
DA:1197,0
DA:1198,0
DA:1199,0
DA:1200,0
DA:1201,0
DA:1202,0
DA:1203,0
DA:1204,0
DA:1206,0
DA:1325,0
DA:1353,0
DA:1355,0
DA:1382,0
DA:1383,0
DA:1386,0
DA:1397,0
DA:1431,0
DA:1459,0
DA:1461,0
DA:1490,0
DA:1498,0
DA:1503,0
DA:1516,0
DA:1550,0
DA:1578,0
DA:1580,0
DA:1610,0
DA:1612,0
DA:1614,0
DA:1615,0
DA:1617,0
DA:1618,0
DA:1619,0
DA:1621,0
DA:1623,0
DA:1637,0
DA:1675,0
DA:1703,0
DA:1705,0
DA:1732,0
DA:1733,0
DA:1736,0
DA:1748,0
DA:1778,0
DA:1806,0
DA:1808,0
DA:1843,0
DA:1873,0
DA:1901,0
DA:1903,0
DA:1938,0
DA:1968,0
DA:1996,0
DA:1998,0
DA:2033,0
DA:2063,0
DA:2091,0
DA:2093,0
DA:2128,0
DA:2158,0
DA:2186,0
DA:2188,0
DA:2215,0
DA:2216,0
DA:2219,0
DA:2230,0
DA:2260,0
DA:2288,0
DA:2290,0
DA:2325,0
DA:2355,0
DA:2383,0
DA:2385,0
DA:2420,0
DA:2450,0
DA:2478,0
DA:2480,0
DA:2507,0
DA:2508,0
DA:2511,0
DA:2522,0
DA:2550,0
DA:2603,0
DA:2614,0
DA:2627,0
DA:2651,0
DA:2704,0
DA:2715,0
DA:2728,0
DA:2752,0
DA:2805,0
DA:2816,0
DA:2829,0
DA:2853,0
DA:2906,0
DA:2917,0
DA:2930,0
DA:2954,0
DA:3007,0
DA:3018,0
DA:3031,0
DA:3061,0
DA:3089,0
DA:3091,0
DA:3120,0
DA:3131,0
DA:3144,0
DA:3168,0
DA:3221,0
DA:3232,0
DA:3245,0
DA:3269,0
DA:3322,0
DA:3333,0
DA:3346,0
DA:3370,0
DA:3423,0
DA:3435,0
DA:3448,0
LF:292
LH:10
BRDA:323,0,0,0
BRDA:323,0,1,0
BRDA:364,1,0,0
BRDA:364,1,1,0
BRDA:364,2,0,0
BRDA:364,2,1,0
BRDA:364,2,2,0
BRDA:364,2,3,0
BRDA:368,3,0,0
BRDA:368,3,1,0
BRDA:373,4,0,0
BRDA:373,4,1,0
BRDA:379,5,0,0
BRDA:379,5,1,0
BRDA:379,6,0,0
BRDA:379,6,1,0
BRDA:384,7,0,0
BRDA:384,7,1,0
BRDA:389,8,0,0
BRDA:389,8,1,0
BRDA:389,9,0,0
BRDA:389,9,1,0
BRDA:395,10,0,0
BRDA:395,10,1,0
BRDA:401,11,0,0
BRDA:401,11,1,0
BRDA:406,12,0,0
BRDA:406,12,1,0
BRDA:411,13,0,0
BRDA:411,13,1,0
BRDA:416,14,0,0
BRDA:416,14,1,0
BRDA:421,15,0,0
BRDA:421,15,1,0
BRDA:426,16,0,0
BRDA:426,16,1,0
BRDA:429,17,0,0
BRDA:429,17,1,0
BRDA:458,18,0,0
BRDA:458,18,1,0
BRDA:555,19,0,0
BRDA:555,19,1,0
BRDA:555,20,0,0
BRDA:555,20,1,0
BRDA:555,21,0,0
BRDA:555,21,1,0
BRDA:555,22,0,0
BRDA:555,22,1,0
BRDA:555,23,0,0
BRDA:555,23,1,0
BRDA:555,24,0,0
BRDA:555,24,1,0
BRDA:555,25,0,0
BRDA:555,25,1,0
BRDA:555,26,0,0
BRDA:555,26,1,0
BRDA:555,27,0,0
BRDA:555,27,1,0
BRDA:599,28,0,0
BRDA:599,28,1,0
BRDA:599,29,0,0
BRDA:599,29,1,0
BRDA:599,29,2,0
BRDA:772,30,0,0
BRDA:772,30,1,0
BRDA:1162,31,0,0
BRDA:1162,31,1,0
BRDA:34,32,0,1
BRDA:34,32,1,1
BRDA:34,33,0,1
BRDA:34,33,1,1
BRDA:34,34,0,1
BRDA:34,34,1,1
BRDA:34,35,0,1
BRDA:34,35,1,1
BRF:75
BRH:8
end_of_record
TN:
SF:7. Director\12\Other\3\Web Development\Director\9\1_0\Director_Of_WebDevelopment_Chapter_12_3_Page_9_OutputMembershipScreen_Handler_1_0.ts
FN:34,(anonymous_13)
FN:34,(anonymous_14)
FN:34,(anonymous_15)
FN:34,(anonymous_16)
FN:70,(anonymous_17)
FN:173,(anonymous_18)
FN:257,(anonymous_19)
FN:262,(anonymous_21)
FN:262,(anonymous_22)
FN:677,(anonymous_23)
FN:824,(anonymous_24)
FN:901,(anonymous_25)
FN:1065,(anonymous_27)
FN:1223,(anonymous_28)
FN:1305,(anonymous_29)
FN:1411,(anonymous_31)
FN:1530,(anonymous_33)
FN:1655,(anonymous_35)
FN:1758,(anonymous_37)
FN:1853,(anonymous_39)
FN:1948,(anonymous_41)
FN:2043,(anonymous_43)
FN:2138,(anonymous_45)
FN:2240,(anonymous_47)
FN:2335,(anonymous_49)
FN:2430,(anonymous_51)
FN:2536,(anonymous_53)
FN:2637,(anonymous_55)
FN:2738,(anonymous_57)
FN:2839,(anonymous_59)
FN:2940,(anonymous_61)
FN:3041,(anonymous_63)
FN:3154,(anonymous_65)
FN:3255,(anonymous_67)
FN:3356,(anonymous_69)
FNF:35
FNH:4
FNDA:1,(anonymous_13)
FNDA:1,(anonymous_14)
FNDA:1,(anonymous_15)
FNDA:1,(anonymous_16)
FNDA:0,(anonymous_17)
FNDA:0,(anonymous_18)
FNDA:0,(anonymous_19)
FNDA:0,(anonymous_21)
FNDA:0,(anonymous_22)
FNDA:0,(anonymous_23)
FNDA:0,(anonymous_24)
FNDA:0,(anonymous_25)
FNDA:0,(anonymous_27)
FNDA:0,(anonymous_28)
FNDA:0,(anonymous_29)
FNDA:0,(anonymous_31)
FNDA:0,(anonymous_33)
FNDA:0,(anonymous_35)
FNDA:0,(anonymous_37)
FNDA:0,(anonymous_39)
FNDA:0,(anonymous_41)
FNDA:0,(anonymous_43)
FNDA:0,(anonymous_45)
FNDA:0,(anonymous_47)
FNDA:0,(anonymous_49)
FNDA:0,(anonymous_51)
FNDA:0,(anonymous_53)
FNDA:0,(anonymous_55)
FNDA:0,(anonymous_57)
FNDA:0,(anonymous_59)
FNDA:0,(anonymous_61)
FNDA:0,(anonymous_63)
FNDA:0,(anonymous_65)
FNDA:0,(anonymous_67)
FNDA:0,(anonymous_69)
DA:5,1
DA:6,1
DA:10,1
DA:11,1
DA:13,1
DA:23,1
DA:34,1
DA:35,1
DA:39,0
DA:61,0
DA:63,0
DA:71,0
DA:86,0
DA:109,0
DA:119,0
DA:125,0
DA:131,0
DA:132,0
DA:133,0
DA:262,0
DA:277,0
DA:283,0
DA:311,0
DA:317,0
DA:323,0
DA:325,0
DA:332,0
DA:335,0
DA:336,0
DA:337,0
DA:338,0
DA:339,0
DA:364,0
DA:368,0
DA:369,0
DA:370,0
DA:373,0
DA:374,0
DA:375,0
DA:379,0
DA:380,0
DA:381,0
DA:384,0
DA:385,0
DA:386,0
DA:389,0
DA:390,0
DA:391,0
DA:395,0
DA:396,0
DA:397,0
DA:401,0
DA:402,0
DA:403,0
DA:406,0
DA:407,0
DA:408,0
DA:411,0
DA:412,0
DA:413,0
DA:416,0
DA:417,0
DA:418,0
DA:421,0
DA:422,0
DA:423,0
DA:426,0
DA:429,0
DA:430,0
DA:437,0
DA:438,0
DA:441,0
DA:443,0
DA:450,0
DA:458,0
DA:459,0
DA:466,0
DA:467,0
DA:470,0
DA:472,0
DA:479,0
DA:496,0
DA:506,0
DA:521,0
DA:553,0
DA:555,0
DA:557,0
DA:562,0
DA:567,0
DA:568,0
DA:569,0
DA:570,0
DA:571,0
DA:576,0
DA:599,0
DA:600,0
DA:601,0
DA:602,0
DA:603,0
DA:604,0
DA:605,0
DA:606,0
DA:607,0
DA:608,0
DA:612,0
DA:614,0
DA:628,0
DA:640,1
DA:644,0
DA:667,0
DA:669,0
DA:714,0
DA:720,0
DA:721,0
DA:723,0
DA:733,0
DA:739,0
DA:745,0
DA:746,0
DA:747,0
DA:753,0
DA:759,0
DA:765,0
DA:766,0
DA:772,0
DA:778,0
DA:780,0
DA:782,0
DA:805,0
DA:807,0
DA:915,0
DA:921,0
DA:972,0
DA:974,0
DA:976,0
DA:978,0
DA:979,0
DA:980,0
DA:981,0
DA:982,0
DA:983,0
DA:985,0
DA:987,0
DA:1001,0
DA:1015,1
DA:1034,0
DA:1035,0
DA:1036,0
DA:1039,0
DA:1042,0
DA:1051,0
DA:1052,0
DA:1057,0
DA:1066,0
DA:1104,0
DA:1110,0
DA:1111,0
DA:1113,0
DA:1123,0
DA:1129,0
DA:1135,0
DA:1136,0
DA:1137,0
DA:1143,0
DA:1149,0
DA:1155,0
DA:1156,0
DA:1162,0
DA:1168,0
DA:1170,0
DA:1172,0
DA:1195,0
DA:1196,0
DA:1197,0
DA:1198,0
DA:1199,0
DA:1200,0
DA:1201,0
DA:1202,0
DA:1203,0
DA:1204,0
DA:1206,0
DA:1325,0
DA:1353,0
DA:1355,0
DA:1382,0
DA:1383,0
DA:1386,0
DA:1397,0
DA:1431,0
DA:1459,0
DA:1461,0
DA:1490,0
DA:1498,0
DA:1503,0
DA:1516,0
DA:1550,0
DA:1578,0
DA:1580,0
DA:1610,0
DA:1612,0
DA:1614,0
DA:1615,0
DA:1617,0
DA:1618,0
DA:1619,0
DA:1621,0
DA:1623,0
DA:1637,0
DA:1675,0
DA:1703,0
DA:1705,0
DA:1732,0
DA:1733,0
DA:1736,0
DA:1748,0
DA:1778,0
DA:1806,0
DA:1808,0
DA:1843,0
DA:1873,0
DA:1901,0
DA:1903,0
DA:1938,0
DA:1968,0
DA:1996,0
DA:1998,0
DA:2033,0
DA:2063,0
DA:2091,0
DA:2093,0
DA:2128,0
DA:2158,0
DA:2186,0
DA:2188,0
DA:2215,0
DA:2216,0
DA:2219,0
DA:2230,0
DA:2260,0
DA:2288,0
DA:2290,0
DA:2325,0
DA:2355,0
DA:2383,0
DA:2385,0
DA:2420,0
DA:2450,0
DA:2478,0
DA:2480,0
DA:2507,0
DA:2508,0
DA:2511,0
DA:2522,0
DA:2550,0
DA:2603,0
DA:2614,0
DA:2627,0
DA:2651,0
DA:2704,0
DA:2715,0
DA:2728,0
DA:2752,0
DA:2805,0
DA:2816,0
DA:2829,0
DA:2853,0
DA:2906,0
DA:2917,0
DA:2930,0
DA:2954,0
DA:3007,0
DA:3018,0
DA:3031,0
DA:3061,0
DA:3089,0
DA:3091,0
DA:3120,0
DA:3131,0
DA:3144,0
DA:3168,0
DA:3221,0
DA:3232,0
DA:3245,0
DA:3269,0
DA:3322,0
DA:3333,0
DA:3346,0
DA:3370,0
DA:3423,0
DA:3435,0
DA:3448,0
LF:292
LH:10
BRDA:323,0,0,0
BRDA:323,0,1,0
BRDA:364,1,0,0
BRDA:364,1,1,0
BRDA:364,2,0,0
BRDA:364,2,1,0
BRDA:364,2,2,0
BRDA:364,2,3,0
BRDA:368,3,0,0
BRDA:368,3,1,0
BRDA:373,4,0,0
BRDA:373,4,1,0
BRDA:379,5,0,0
BRDA:379,5,1,0
BRDA:379,6,0,0
BRDA:379,6,1,0
BRDA:384,7,0,0
BRDA:384,7,1,0
BRDA:389,8,0,0
BRDA:389,8,1,0
BRDA:389,9,0,0
BRDA:389,9,1,0
BRDA:395,10,0,0
BRDA:395,10,1,0
BRDA:401,11,0,0
BRDA:401,11,1,0
BRDA:406,12,0,0
BRDA:406,12,1,0
BRDA:411,13,0,0
BRDA:411,13,1,0
BRDA:416,14,0,0
BRDA:416,14,1,0
BRDA:421,15,0,0
BRDA:421,15,1,0
BRDA:426,16,0,0
BRDA:426,16,1,0
BRDA:429,17,0,0
BRDA:429,17,1,0
BRDA:458,18,0,0
BRDA:458,18,1,0
BRDA:555,19,0,0
BRDA:555,19,1,0
BRDA:555,20,0,0
BRDA:555,20,1,0
BRDA:555,21,0,0
BRDA:555,21,1,0
BRDA:555,22,0,0
BRDA:555,22,1,0
BRDA:555,23,0,0
BRDA:555,23,1,0
BRDA:555,24,0,0
BRDA:555,24,1,0
BRDA:555,25,0,0
BRDA:555,25,1,0
BRDA:555,26,0,0
BRDA:555,26,1,0
BRDA:555,27,0,0
BRDA:555,27,1,0
BRDA:599,28,0,0
BRDA:599,28,1,0
BRDA:599,29,0,0
BRDA:599,29,1,0
BRDA:599,29,2,0
BRDA:772,30,0,0
BRDA:772,30,1,0
BRDA:1162,31,0,0
BRDA:1162,31,1,0
BRDA:34,32,0,1
BRDA:34,32,1,1
BRDA:34,33,0,1
BRDA:34,33,1,1
BRDA:34,34,0,1
BRDA:34,34,1,1
BRDA:34,35,0,1
BRDA:34,35,1,1
BRF:75
BRH:8
end_of_record
TN:
SF:7. Director\12\Other\5\Security\Director\1\1_0\Director_Of_Security_Chapter_12_5_Page_1_StoreAuthentication_Handler_1_0.ts
FN:34,(anonymous_13)
FN:34,(anonymous_14)
FN:34,(anonymous_15)
FN:34,(anonymous_16)
FN:70,(anonymous_17)
FN:173,(anonymous_18)
FN:258,(anonymous_19)
FN:263,(anonymous_21)
FN:263,(anonymous_22)
FN:719,(anonymous_23)
FN:866,(anonymous_24)
FN:943,(anonymous_25)
FN:1104,(anonymous_27)
FN:1262,(anonymous_28)
FN:1344,(anonymous_29)
FN:1451,(anonymous_31)
FN:1558,(anonymous_33)
FN:1684,(anonymous_35)
FN:1780,(anonymous_37)
FN:1875,(anonymous_39)
FN:1970,(anonymous_41)
FN:2065,(anonymous_43)
FN:2167,(anonymous_45)
FN:2262,(anonymous_47)
FN:2364,(anonymous_49)
FN:2459,(anonymous_51)
FN:2558,(anonymous_53)
FN:2659,(anonymous_55)
FN:2760,(anonymous_57)
FN:2861,(anonymous_59)
FN:2962,(anonymous_61)
FN:3075,(anonymous_63)
FN:3176,(anonymous_65)
FN:3289,(anonymous_67)
FN:3390,(anonymous_69)
FNF:35
FNH:4
FNDA:1,(anonymous_13)
FNDA:1,(anonymous_14)
FNDA:1,(anonymous_15)
FNDA:1,(anonymous_16)
FNDA:0,(anonymous_17)
FNDA:0,(anonymous_18)
FNDA:0,(anonymous_19)
FNDA:0,(anonymous_21)
FNDA:0,(anonymous_22)
FNDA:0,(anonymous_23)
FNDA:0,(anonymous_24)
FNDA:0,(anonymous_25)
FNDA:0,(anonymous_27)
FNDA:0,(anonymous_28)
FNDA:0,(anonymous_29)
FNDA:0,(anonymous_31)
FNDA:0,(anonymous_33)
FNDA:0,(anonymous_35)
FNDA:0,(anonymous_37)
FNDA:0,(anonymous_39)
FNDA:0,(anonymous_41)
FNDA:0,(anonymous_43)
FNDA:0,(anonymous_45)
FNDA:0,(anonymous_47)
FNDA:0,(anonymous_49)
FNDA:0,(anonymous_51)
FNDA:0,(anonymous_53)
FNDA:0,(anonymous_55)
FNDA:0,(anonymous_57)
FNDA:0,(anonymous_59)
FNDA:0,(anonymous_61)
FNDA:0,(anonymous_63)
FNDA:0,(anonymous_65)
FNDA:0,(anonymous_67)
FNDA:0,(anonymous_69)
DA:5,1
DA:6,1
DA:9,1
DA:10,1
DA:11,1
DA:13,1
DA:27,1
DA:34,1
DA:35,1
DA:39,0
DA:61,0
DA:63,0
DA:71,0
DA:86,0
DA:109,0
DA:119,0
DA:125,0
DA:131,0
DA:132,0
DA:133,0
DA:263,0
DA:278,0
DA:284,0
DA:312,0
DA:318,0
DA:324,0
DA:326,0
DA:333,0
DA:336,0
DA:337,0
DA:338,0
DA:339,0
DA:340,0
DA:365,0
DA:369,0
DA:370,0
DA:371,0
DA:374,0
DA:375,0
DA:376,0
DA:380,0
DA:381,0
DA:382,0
DA:385,0
DA:386,0
DA:387,0
DA:390,0
DA:391,0
DA:392,0
DA:396,0
DA:397,0
DA:398,0
DA:402,0
DA:403,0
DA:404,0
DA:407,0
DA:408,0
DA:409,0
DA:412,0
DA:413,0
DA:414,0
DA:417,0
DA:418,0
DA:419,0
DA:422,0
DA:423,0
DA:424,0
DA:427,0
DA:430,0
DA:431,0
DA:438,0
DA:439,0
DA:442,0
DA:444,0
DA:451,0
DA:459,0
DA:460,0
DA:467,0
DA:468,0
DA:471,0
DA:473,0
DA:480,0
DA:497,0
DA:507,0
DA:522,0
DA:554,0
DA:556,0
DA:558,0
DA:563,0
DA:568,0
DA:569,0
DA:570,0
DA:571,0
DA:572,0
DA:577,0
DA:598,0
DA:601,0
DA:602,0
DA:609,0
DA:612,0
DA:614,0
DA:622,0
DA:624,0
DA:631,0
DA:632,0
DA:639,0
DA:640,0
DA:643,0
DA:645,0
DA:652,0
DA:667,0
DA:682,1
DA:686,0
DA:709,0
DA:711,0
DA:756,0
DA:762,0
DA:763,0
DA:765,0
DA:775,0
DA:781,0
DA:787,0
DA:788,0
DA:789,0
DA:795,0
DA:801,0
DA:807,0
DA:808,0
DA:814,0
DA:820,0
DA:822,0
DA:824,0
DA:847,0
DA:849,0
DA:957,0
DA:963,0
DA:1014,0
DA:1016,0
DA:1018,0
DA:1020,0
DA:1021,0
DA:1022,0
DA:1023,0
DA:1024,0
DA:1025,0
DA:1027,0
DA:1029,0
DA:1043,0
DA:1058,1
DA:1077,0
DA:1078,0
DA:1079,0
DA:1082,0
DA:1085,0
DA:1093,0
DA:1094,0
DA:1105,0
DA:1143,0
DA:1149,0
DA:1150,0
DA:1152,0
DA:1162,0
DA:1168,0
DA:1174,0
DA:1175,0
DA:1176,0
DA:1182,0
DA:1188,0
DA:1194,0
DA:1195,0
DA:1201,0
DA:1207,0
DA:1209,0
DA:1211,0
DA:1234,0
DA:1235,0
DA:1236,0
DA:1237,0
DA:1238,0
DA:1239,0
DA:1240,0
DA:1241,0
DA:1242,0
DA:1243,0
DA:1245,0
DA:1364,0
DA:1392,0
DA:1394,0
DA:1421,0
DA:1422,0
DA:1426,0
DA:1437,0
DA:1465,0
DA:1518,0
DA:1526,0
DA:1531,0
DA:1544,0
DA:1578,0
DA:1606,0
DA:1608,0
DA:1639,0
DA:1641,0
DA:1643,0
DA:1644,0
DA:1646,0
DA:1647,0
DA:1648,0
DA:1650,0
DA:1652,0
DA:1666,0
DA:1704,0
DA:1732,0
DA:1734,0
DA:1769,0
DA:1800,0
DA:1828,0
DA:1830,0
DA:1865,0
DA:1895,0
DA:1923,0
DA:1925,0
DA:1960,0
DA:1990,0
DA:2018,0
DA:2020,0
DA:2055,0
DA:2085,0
DA:2113,0
DA:2115,0
DA:2142,0
DA:2143,0
DA:2146,0
DA:2157,0
DA:2187,0
DA:2215,0
DA:2217,0
DA:2252,0
DA:2282,0
DA:2310,0
DA:2312,0
DA:2339,0
DA:2340,0
DA:2343,0
DA:2354,0
DA:2384,0
DA:2412,0
DA:2414,0
DA:2449,0
DA:2479,0
DA:2507,0
DA:2509,0
DA:2544,0
DA:2572,0
DA:2625,0
DA:2636,0
DA:2649,0
DA:2673,0
DA:2726,0
DA:2737,0
DA:2750,0
DA:2774,0
DA:2827,0
DA:2838,0
DA:2851,0
DA:2875,0
DA:2928,0
DA:2939,0
DA:2952,0
DA:2982,0
DA:3010,0
DA:3012,0
DA:3041,0
DA:3044,0
DA:3052,0
DA:3065,0
DA:3089,0
DA:3142,0
DA:3153,0
DA:3166,0
DA:3196,0
DA:3224,0
DA:3226,0
DA:3255,0
DA:3266,0
DA:3279,0
DA:3303,0
DA:3356,0
DA:3367,0
DA:3380,0
DA:3404,0
DA:3457,0
DA:3460,0
DA:3467,0
DA:3480,0
LF:294
LH:11
BRDA:324,0,0,0
BRDA:324,0,1,0
BRDA:365,1,0,0
BRDA:365,1,1,0
BRDA:365,2,0,0
BRDA:365,2,1,0
BRDA:365,2,2,0
BRDA:365,2,3,0
BRDA:369,3,0,0
BRDA:369,3,1,0
BRDA:374,4,0,0
BRDA:374,4,1,0
BRDA:380,5,0,0
BRDA:380,5,1,0
BRDA:380,6,0,0
BRDA:380,6,1,0
BRDA:385,7,0,0
BRDA:385,7,1,0
BRDA:390,8,0,0
BRDA:390,8,1,0
BRDA:390,9,0,0
BRDA:390,9,1,0
BRDA:396,10,0,0
BRDA:396,10,1,0
BRDA:402,11,0,0
BRDA:402,11,1,0
BRDA:407,12,0,0
BRDA:407,12,1,0
BRDA:412,13,0,0
BRDA:412,13,1,0
BRDA:417,14,0,0
BRDA:417,14,1,0
BRDA:422,15,0,0
BRDA:422,15,1,0
BRDA:427,16,0,0
BRDA:427,16,1,0
BRDA:430,17,0,0
BRDA:430,17,1,0
BRDA:459,18,0,0
BRDA:459,18,1,0
BRDA:556,19,0,0
BRDA:556,19,1,0
BRDA:556,20,0,0
BRDA:556,20,1,0
BRDA:556,21,0,0
BRDA:556,21,1,0
BRDA:556,22,0,0
BRDA:556,22,1,0
BRDA:556,23,0,0
BRDA:556,23,1,0
BRDA:556,24,0,0
BRDA:556,24,1,0
BRDA:556,25,0,0
BRDA:556,25,1,0
BRDA:556,26,0,0
BRDA:556,26,1,0
BRDA:556,27,0,0
BRDA:556,27,1,0
BRDA:601,28,0,0
BRDA:601,28,1,0
BRDA:601,29,0,0
BRDA:601,29,1,0
BRDA:631,30,0,0
BRDA:631,30,1,0
BRDA:814,31,0,0
BRDA:814,31,1,0
BRDA:1201,32,0,0
BRDA:1201,32,1,0
BRDA:3044,33,0,0
BRDA:3044,33,1,0
BRDA:3460,34,0,0
BRDA:3460,34,1,0
BRDA:34,35,0,1
BRDA:34,35,1,1
BRDA:34,36,0,1
BRDA:34,36,1,1
BRDA:34,37,0,1
BRDA:34,37,1,1
BRDA:34,38,0,1
BRDA:34,38,1,1
BRF:80
BRH:8
end_of_record
