TN:
SF:0. Script\Abstracts\12\Other\2\Programming\Script\1\1_0\aClass_Programming_ScriptAction_12_2_1_0.ts
FN:6,(anonymous_6)
FN:6,(anonymous_7)
FN:6,(anonymous_8)
FN:6,(anonymous_9)
FN:42,(anonymous_10)
FNF:5
FNH:5
FNDA:1,(anonymous_6)
FNDA:1,(anonymous_7)
FNDA:1,(anonymous_8)
FNDA:1,(anonymous_9)
FNDA:3,(anonymous_10)
DA:4,1
DA:6,1
DA:8,1
DA:11,3
DA:15,3
DA:45,3
LF:6
LH:6
BRDA:6,0,0,1
BRDA:6,0,1,1
BRDA:6,1,0,1
BRDA:6,1,1,1
BRDA:6,2,0,1
BRDA:6,2,1,1
BRDA:6,3,0,1
BRDA:6,3,1,1
BRF:8
BRH:8
end_of_record
TN:
SF:0. Script\Abstracts\12\Other\2\Programming\Script\1\1_0\aClass_Programming_ScriptDirector_BuilderPattern_12_2_1_0.ts
FN:3,(anonymous_6)
FN:3,(anonymous_7)
FN:3,(anonymous_8)
FN:3,(anonymous_9)
FN:11,(anonymous_10)
FNF:5
FNH:5
FNDA:1,(anonymous_6)
FNDA:1,(anonymous_7)
FNDA:1,(anonymous_8)
FNDA:1,(anonymous_9)
FNDA:1,(anonymous_10)
DA:1,1
DA:3,1
DA:5,1
DA:13,1
DA:18,1
DA:20,1
LF:6
LH:6
BRDA:3,0,0,1
BRDA:3,0,1,1
BRDA:3,1,0,1
BRDA:3,1,1,1
BRDA:3,2,0,1
BRDA:3,2,1,1
BRDA:3,3,0,1
BRDA:3,3,1,1
BRF:8
BRH:8
end_of_record
TN:
SF:0. Script\Abstracts\12\Other\2\Programming\Script\1\1_0\aClass_Programming_ScriptExperience_BuilderPattern_12_2_1_0.ts
FN:3,(anonymous_6)
FN:3,(anonymous_7)
FN:3,(anonymous_8)
FN:3,(anonymous_9)
FN:11,(anonymous_10)
FNF:5
FNH:4
FNDA:1,(anonymous_6)
FNDA:1,(anonymous_7)
FNDA:1,(anonymous_8)
FNDA:1,(anonymous_9)
FNDA:0,(anonymous_10)
DA:1,1
DA:3,1
DA:5,1
DA:12,0
DA:17,0
DA:19,0
DA:21,0
LF:7
LH:3
BRDA:3,0,0,1
BRDA:3,0,1,1
BRDA:3,1,0,1
BRDA:3,1,1,1
BRDA:3,2,0,1
BRDA:3,2,1,1
BRDA:3,3,0,1
BRDA:3,3,1,1
BRF:8
BRH:8
end_of_record
TN:
SF:0. Script\Abstracts\12\Other\2\Programming\Script\1\1_0\aClass_Programming_ScriptMasterLeader_12_2_1_0.ts
FN:19,(anonymous_0)
FN:19,(anonymous_1)
FN:19,(anonymous_2)
FN:19,(anonymous_3)
FN:33,(anonymous_4)
FNF:5
FNH:5
FNDA:1,(anonymous_0)
FNDA:1,(anonymous_1)
FNDA:1,(anonymous_2)
FNDA:1,(anonymous_3)
FNDA:1,(anonymous_4)
DA:19,1
DA:21,1
DA:29,1
LF:3
LH:3
BRDA:19,0,0,1
BRDA:19,0,1,1
BRDA:19,1,0,1
BRDA:19,1,1,1
BRDA:19,2,0,1
BRDA:19,2,1,1
BRDA:19,3,0,1
BRDA:19,3,1,1
BRF:8
BRH:8
end_of_record
TN:
SF:0. Script\Abstracts\12\Other\2\Programming\Script\1\1_0\aClass_Programming_ScriptNicheMaster_12_2_1_0.ts
FN:6,(anonymous_0)
FN:6,(anonymous_1)
FN:6,(anonymous_2)
FN:6,(anonymous_3)
FN:24,(anonymous_4)
FNF:5
FNH:4
FNDA:1,(anonymous_0)
FNDA:1,(anonymous_1)
FNDA:1,(anonymous_2)
FNDA:1,(anonymous_3)
FNDA:0,(anonymous_4)
DA:6,1
DA:8,1
DA:11,0
DA:12,0
DA:13,0
DA:15,0
DA:16,0
DA:18,0
DA:20,0
LF:9
LH:2
BRDA:6,0,0,1
BRDA:6,0,1,1
BRDA:6,1,0,1
BRDA:6,1,1,1
BRDA:6,2,0,1
BRDA:6,2,1,1
BRDA:6,3,0,1
BRDA:6,3,1,1
BRF:8
BRH:8
end_of_record
TN:
SF:0. Script\Abstracts\12\Other\2\Programming\Script\1\1_0\aClass_Programming_ScriptPage_12_2_1_0.ts
FN:6,(anonymous_6)
FN:6,(anonymous_7)
FN:6,(anonymous_8)
FN:6,(anonymous_9)
FN:45,(anonymous_10)
FNF:5
FNH:4
FNDA:1,(anonymous_6)
FNDA:1,(anonymous_7)
FNDA:1,(anonymous_8)
FNDA:1,(anonymous_9)
FNDA:0,(anonymous_10)
DA:1,1
DA:6,1
DA:8,1
DA:11,0
DA:15,0
DA:17,0
DA:19,0
DA:21,0
DA:23,0
LF:9
LH:3
BRDA:6,0,0,1
BRDA:6,0,1,1
BRDA:6,1,0,1
BRDA:6,1,1,1
BRDA:6,2,0,1
BRDA:6,2,1,1
BRDA:6,3,0,1
BRDA:6,3,1,1
BRF:8
BRH:8
end_of_record
TN:
SF:0. Script\Abstracts\12\Other\2\Programming\Script\1\1_0\aClass_Programming_ScriptRoutable_12_2_1_0.ts
FN:8,(anonymous_0)
FN:8,(anonymous_1)
FN:8,(anonymous_2)
FN:8,(anonymous_3)
FN:47,(anonymous_4)
FNF:5
FNH:5
FNDA:1,(anonymous_0)
FNDA:1,(anonymous_1)
FNDA:1,(anonymous_2)
FNDA:1,(anonymous_3)
FNDA:1,(anonymous_4)
DA:8,1
DA:10,1
DA:13,1
DA:17,1
DA:19,1
DA:21,1
LF:6
LH:6
BRDA:8,0,0,1
BRDA:8,0,1,1
BRDA:8,1,0,1
BRDA:8,1,1,1
BRDA:8,2,0,1
BRDA:8,2,1,1
BRDA:8,3,0,1
BRDA:8,3,1,1
BRF:8
BRH:8
end_of_record
TN:
SF:0. Script\Extensions\11\Automate Manual Task\1\Risk Management\Method\0\1_0\Extension_Director_Of_RiskManagement_Chapter_11_1_Page_0_GoalHelper_Handler_1_0.ts
FN:19,(anonymous_13)
FN:19,(anonymous_14)
FN:19,(anonymous_15)
FN:19,(anonymous_16)
FN:19,(anonymous_17)
FN:41,(anonymous_18)
FN:57,(anonymous_19)
FN:64,(anonymous_21)
FN:70,(anonymous_23)
FN:321,(anonymous_24)
FN:321,(anonymous_25)
FNF:11
FNH:10
FNDA:1,(anonymous_13)
FNDA:1,(anonymous_14)
FNDA:1,(anonymous_15)
FNDA:1,(anonymous_16)
FNDA:1,(anonymous_17)
FNDA:0,(anonymous_18)
FNDA:1,(anonymous_19)
FNDA:1,(anonymous_21)
FNDA:1,(anonymous_23)
FNDA:1,(anonymous_24)
FNDA:1,(anonymous_25)
DA:4,1
DA:13,1
DA:19,1
DA:21,1
DA:23,1
DA:29,1
DA:32,1
DA:35,1
DA:37,1
DA:38,1
DA:39,1
DA:58,1
DA:59,1
DA:61,1
DA:70,1
DA:75,1
DA:81,1
DA:87,1
DA:93,1
DA:99,1
DA:101,1
DA:104,1
DA:105,1
DA:106,1
DA:107,1
DA:108,1
DA:121,1
DA:125,1
DA:126,0
DA:127,0
DA:131,1
DA:132,0
DA:133,0
DA:136,1
DA:137,0
DA:138,0
DA:141,1
DA:142,0
DA:143,0
DA:146,1
DA:147,0
DA:148,0
DA:152,1
DA:153,0
DA:154,0
DA:157,1
DA:158,0
DA:159,0
DA:162,1
DA:163,0
DA:164,0
DA:167,1
DA:168,0
DA:169,0
DA:172,1
DA:173,0
DA:174,0
DA:179,1
DA:182,0
DA:187,0
DA:188,0
DA:191,0
DA:194,0
DA:200,0
DA:208,0
DA:225,1
DA:235,1
DA:241,1
DA:242,1
DA:243,1
DA:244,1
DA:245,1
DA:247,1
DA:253,1
DA:259,1
DA:265,1
DA:275,1
DA:278,1
DA:279,1
DA:280,1
DA:281,1
DA:282,1
DA:283,1
DA:286,1
DA:288,1
DA:289,0
DA:291,1
DA:292,1
DA:294,1
DA:295,0
DA:297,1
DA:298,0
DA:300,1
DA:301,0
DA:307,1
DA:315,1
DA:321,1
DA:323,1
DA:324,1
DA:325,1
DA:328,0
DA:329,0
DA:332,0
DA:339,1
DA:340,0
DA:342,0
DA:351,1
DA:354,1
DA:355,1
DA:356,1
DA:357,1
DA:361,1
DA:363,1
DA:364,0
DA:365,0
DA:367,0
DA:370,0
DA:371,0
DA:372,0
DA:373,0
DA:375,0
DA:377,0
DA:380,0
DA:381,0
DA:383,0
DA:386,0
DA:387,0
DA:389,0
DA:392,0
DA:393,0
DA:395,0
DA:398,0
DA:404,1
DA:405,1
DA:406,0
DA:408,0
DA:411,1
DA:412,1
DA:413,1
DA:414,1
DA:416,1
DA:419,1
DA:422,0
DA:423,0
DA:426,0
DA:429,0
DA:430,0
DA:433,0
DA:436,0
DA:437,0
DA:440,0
DA:443,0
DA:450,0
DA:453,1
DA:463,0
DA:476,1
LF:156
LH:87
BRDA:99,0,0,1
BRDA:99,0,1,0
BRDA:121,1,0,1
BRDA:121,1,1,0
BRDA:121,2,0,1
BRDA:121,2,1,0
BRDA:121,2,2,0
BRDA:121,2,3,0
BRDA:125,3,0,0
BRDA:125,3,1,1
BRDA:131,4,0,0
BRDA:131,4,1,1
BRDA:136,5,0,0
BRDA:136,5,1,1
BRDA:141,6,0,0
BRDA:141,6,1,1
BRDA:146,7,0,0
BRDA:146,7,1,1
BRDA:146,8,0,1
BRDA:146,8,1,1
BRDA:152,9,0,0
BRDA:152,9,1,1
BRDA:157,10,0,0
BRDA:157,10,1,1
BRDA:162,11,0,0
BRDA:162,11,1,1
BRDA:167,12,0,0
BRDA:167,12,1,1
BRDA:172,13,0,0
BRDA:172,13,1,1
BRDA:179,14,0,0
BRDA:179,14,1,1
BRDA:286,15,0,1
BRDA:286,15,1,0
BRDA:288,16,0,0
BRDA:288,16,1,1
BRDA:291,17,0,1
BRDA:291,17,1,0
BRDA:294,18,0,0
BRDA:294,18,1,1
BRDA:297,19,0,0
BRDA:297,19,1,1
BRDA:300,20,0,0
BRDA:300,20,1,1
BRDA:323,21,0,1
BRDA:323,21,1,0
BRDA:324,22,0,1
BRDA:324,22,1,0
BRDA:324,23,0,1
BRDA:324,23,1,0
BRDA:328,24,0,0
BRDA:328,24,1,0
BRDA:339,25,0,0
BRDA:339,25,1,1
BRDA:355,26,0,0
BRDA:355,26,1,1
BRDA:361,27,0,1
BRDA:361,27,1,0
BRDA:363,28,0,0
BRDA:363,28,1,1
BRDA:364,29,0,0
BRDA:364,29,1,0
BRDA:370,30,0,0
BRDA:370,30,1,0
BRDA:380,31,0,0
BRDA:380,31,1,0
BRDA:386,32,0,0
BRDA:386,32,1,0
BRDA:392,33,0,0
BRDA:392,33,1,0
BRDA:404,34,0,1
BRDA:404,34,1,0
BRDA:405,35,0,0
BRDA:405,35,1,1
BRDA:411,36,0,1
BRDA:411,36,1,0
BRDA:422,37,0,0
BRDA:422,37,1,0
BRDA:429,38,0,0
BRDA:429,38,1,0
BRDA:436,39,0,0
BRDA:436,39,1,0
BRDA:19,40,0,1
BRDA:19,40,1,1
BRDA:19,41,0,1
BRDA:19,41,1,1
BRDA:19,42,0,1
BRDA:19,42,1,1
BRDA:19,43,0,1
BRDA:19,43,1,1
BRDA:19,44,0,1
BRDA:19,44,1,1
BRF:92
BRH:42
end_of_record
TN:
SF:0. Script\Extensions\12\Other\2\Programming\Method\0\1_0\Extension_Studio_Automation_Programming_Chapter_12_2_Page_0_ControlMasterLeader_Handler_1_0.ts
FN:19,(anonymous_13)
FN:19,(anonymous_14)
FN:19,(anonymous_15)
FN:19,(anonymous_16)
FN:35,(anonymous_17)
FN:52,(anonymous_18)
FN:58,(anonymous_20)
FN:58,(anonymous_21)
FN:395,(anonymous_22)
FN:406,(anonymous_23)
FN:435,(anonymous_24)
FN:439,(anonymous_26)
FN:446,(anonymous_28)
FN:802,(anonymous_29)
FN:802,(anonymous_30)
FN:843,(anonymous_31)
FN:849,(anonymous_33)
FN:1206,(anonymous_34)
FN:1206,(anonymous_35)
FNF:19
FNH:4
FNDA:1,(anonymous_13)
FNDA:1,(anonymous_14)
FNDA:1,(anonymous_15)
FNDA:1,(anonymous_16)
FNDA:0,(anonymous_17)
FNDA:0,(anonymous_18)
FNDA:0,(anonymous_20)
FNDA:0,(anonymous_21)
FNDA:0,(anonymous_22)
FNDA:0,(anonymous_23)
FNDA:0,(anonymous_24)
FNDA:0,(anonymous_26)
FNDA:0,(anonymous_28)
FNDA:0,(anonymous_29)
FNDA:0,(anonymous_30)
FNDA:0,(anonymous_31)
FNDA:0,(anonymous_33)
FNDA:0,(anonymous_34)
FNDA:0,(anonymous_35)
DA:5,1
DA:11,1
DA:13,1
DA:19,1
DA:21,1
DA:24,1
DA:30,1
DA:33,1
DA:58,0
DA:74,0
DA:80,0
DA:108,0
DA:114,0
DA:120,0
DA:126,0
DA:128,0
DA:135,0
DA:138,0
DA:139,0
DA:140,0
DA:141,0
DA:142,0
DA:167,0
DA:173,0
DA:174,0
DA:175,0
DA:178,0
DA:179,0
DA:180,0
DA:183,0
DA:184,0
DA:185,0
DA:189,0
DA:190,0
DA:191,0
DA:194,0
DA:195,0
DA:196,0
DA:199,0
DA:200,0
DA:201,0
DA:205,0
DA:206,0
DA:207,0
DA:210,0
DA:214,0
DA:221,0
DA:222,0
DA:225,0
DA:227,0
DA:233,0
DA:242,0
DA:259,0
DA:269,0
DA:279,0
DA:285,0
DA:286,0
DA:292,0
DA:293,0
DA:312,0
DA:322,0
DA:328,0
DA:334,0
DA:336,0
DA:343,0
DA:346,0
DA:347,0
DA:348,0
DA:349,0
DA:350,0
DA:359,0
DA:361,0
DA:362,0
DA:372,0
DA:390,0
DA:391,0
DA:393,0
DA:396,0
DA:397,0
DA:398,0
DA:402,0
DA:406,0
DA:409,0
DA:423,0
DA:424,0
DA:426,0
DA:446,0
DA:461,0
DA:467,0
DA:495,0
DA:501,0
DA:507,0
DA:513,0
DA:515,0
DA:522,0
DA:525,0
DA:526,0
DA:527,0
DA:528,0
DA:529,0
DA:554,0
DA:558,0
DA:559,0
DA:560,0
DA:564,0
DA:565,0
DA:566,0
DA:569,0
DA:570,0
DA:571,0
DA:574,0
DA:575,0
DA:576,0
DA:579,0
DA:580,0
DA:581,0
DA:586,0
DA:587,0
DA:588,0
DA:591,0
DA:592,0
DA:593,0
DA:596,0
DA:597,0
DA:598,0
DA:601,0
DA:602,0
DA:603,0
DA:606,0
DA:607,0
DA:608,0
DA:611,0
DA:612,0
DA:613,0
DA:616,0
DA:617,0
DA:618,0
DA:621,0
DA:624,0
DA:631,0
DA:632,0
DA:635,0
DA:637,0
DA:643,0
DA:652,0
DA:669,0
DA:679,0
DA:700,0
DA:719,0
DA:729,0
DA:735,0
DA:741,0
DA:743,0
DA:750,0
DA:753,0
DA:754,0
DA:755,0
DA:756,0
DA:757,0
DA:760,0
DA:777,0
DA:778,0
DA:779,0
DA:781,0
DA:782,0
DA:784,0
DA:785,0
DA:786,0
DA:787,0
DA:788,0
DA:802,0
DA:803,0
DA:805,0
DA:806,0
DA:807,0
DA:809,0
DA:810,0
DA:811,0
DA:812,0
DA:813,0
DA:815,0
DA:818,0
DA:834,0
DA:849,0
DA:864,0
DA:870,0
DA:898,0
DA:904,0
DA:910,0
DA:916,0
DA:918,0
DA:925,0
DA:928,0
DA:929,0
DA:930,0
DA:931,0
DA:932,0
DA:957,0
DA:961,0
DA:962,0
DA:963,0
DA:967,0
DA:968,0
DA:969,0
DA:973,0
DA:974,0
DA:975,0
DA:978,0
DA:979,0
DA:980,0
DA:983,0
DA:984,0
DA:985,0
DA:990,0
DA:991,0
DA:992,0
DA:995,0
DA:996,0
DA:997,0
DA:1000,0
DA:1001,0
DA:1002,0
DA:1005,0
DA:1006,0
DA:1007,0
DA:1010,0
DA:1011,0
DA:1012,0
DA:1015,0
DA:1016,0
DA:1017,0
DA:1020,0
DA:1021,0
DA:1022,0
DA:1025,0
DA:1028,0
DA:1035,0
DA:1036,0
DA:1039,0
DA:1041,0
DA:1047,0
DA:1056,0
DA:1073,0
DA:1083,0
DA:1104,0
DA:1123,0
DA:1133,0
DA:1139,0
DA:1145,0
DA:1147,0
DA:1154,0
DA:1157,0
DA:1158,0
DA:1159,0
DA:1160,0
DA:1161,0
DA:1164,0
DA:1181,0
DA:1182,0
DA:1183,0
DA:1185,0
DA:1186,0
DA:1188,0
DA:1189,0
DA:1190,0
DA:1191,0
DA:1192,0
DA:1206,0
DA:1207,0
DA:1209,0
DA:1210,0
DA:1211,0
DA:1213,0
DA:1214,0
DA:1215,0
DA:1216,0
DA:1217,0
DA:1219,0
DA:1222,0
DA:1238,0
LF:280
LH:8
BRDA:126,0,0,0
BRDA:126,0,1,0
BRDA:167,1,0,0
BRDA:167,1,1,0
BRDA:173,2,0,0
BRDA:173,2,1,0
BRDA:178,3,0,0
BRDA:178,3,1,0
BRDA:183,4,0,0
BRDA:183,4,1,0
BRDA:189,5,0,0
BRDA:189,5,1,0
BRDA:194,6,0,0
BRDA:194,6,1,0
BRDA:199,7,0,0
BRDA:199,7,1,0
BRDA:205,8,0,0
BRDA:205,8,1,0
BRDA:210,9,0,0
BRDA:210,9,1,0
BRDA:334,10,0,0
BRDA:334,10,1,0
BRDA:390,11,0,0
BRDA:390,11,1,0
BRDA:396,12,0,0
BRDA:396,12,1,0
BRDA:397,13,0,0
BRDA:397,13,1,0
BRDA:423,14,0,0
BRDA:423,14,1,0
BRDA:423,15,0,0
BRDA:423,15,1,0
BRDA:513,16,0,0
BRDA:513,16,1,0
BRDA:554,17,0,0
BRDA:554,17,1,0
BRDA:554,18,0,0
BRDA:554,18,1,0
BRDA:554,18,2,0
BRDA:554,18,3,0
BRDA:558,19,0,0
BRDA:558,19,1,0
BRDA:564,20,0,0
BRDA:564,20,1,0
BRDA:569,21,0,0
BRDA:569,21,1,0
BRDA:574,22,0,0
BRDA:574,22,1,0
BRDA:579,23,0,0
BRDA:579,23,1,0
BRDA:579,24,0,0
BRDA:579,24,1,0
BRDA:586,25,0,0
BRDA:586,25,1,0
BRDA:591,26,0,0
BRDA:591,26,1,0
BRDA:596,27,0,0
BRDA:596,27,1,0
BRDA:601,28,0,0
BRDA:601,28,1,0
BRDA:606,29,0,0
BRDA:606,29,1,0
BRDA:611,30,0,0
BRDA:611,30,1,0
BRDA:616,31,0,0
BRDA:616,31,1,0
BRDA:621,32,0,0
BRDA:621,32,1,0
BRDA:916,33,0,0
BRDA:916,33,1,0
BRDA:957,34,0,0
BRDA:957,34,1,0
BRDA:957,35,0,0
BRDA:957,35,1,0
BRDA:957,35,2,0
BRDA:957,35,3,0
BRDA:961,36,0,0
BRDA:961,36,1,0
BRDA:967,37,0,0
BRDA:967,37,1,0
BRDA:973,38,0,0
BRDA:973,38,1,0
BRDA:978,39,0,0
BRDA:978,39,1,0
BRDA:983,40,0,0
BRDA:983,40,1,0
BRDA:983,41,0,0
BRDA:983,41,1,0
BRDA:990,42,0,0
BRDA:990,42,1,0
BRDA:995,43,0,0
BRDA:995,43,1,0
BRDA:1000,44,0,0
BRDA:1000,44,1,0
BRDA:1005,45,0,0
BRDA:1005,45,1,0
BRDA:1010,46,0,0
BRDA:1010,46,1,0
BRDA:1015,47,0,0
BRDA:1015,47,1,0
BRDA:1020,48,0,0
BRDA:1020,48,1,0
BRDA:1025,49,0,0
BRDA:1025,49,1,0
BRDA:19,50,0,1
BRDA:19,50,1,1
BRDA:19,51,0,1
BRDA:19,51,1,1
BRDA:19,52,0,1
BRDA:19,52,1,1
BRDA:19,53,0,1
BRDA:19,53,1,1
BRF:112
BRH:8
end_of_record
TN:
SF:0. Script\Extensions\12\Other\2\Programming\Method\3\1_0\Extension_Director_Of_Programming_Chapter_12_2_Page_3_StorageRequest_Handler_1_0.ts
FN:44,(anonymous_13)
FN:44,(anonymous_14)
FN:44,(anonymous_15)
FN:44,(anonymous_16)
FN:46,(anonymous_17)
FN:63,(anonymous_18)
FN:69,(anonymous_20)
FN:69,(anonymous_21)
FN:407,(anonymous_22)
FN:411,(anonymous_23)
FN:438,(anonymous_24)
FN:488,(anonymous_25)
FN:494,(anonymous_27)
FN:494,(anonymous_28)
FN:728,(anonymous_29)
FN:728,(anonymous_30)
FNF:16
FNH:4
FNDA:1,(anonymous_13)
FNDA:1,(anonymous_14)
FNDA:1,(anonymous_15)
FNDA:1,(anonymous_16)
FNDA:0,(anonymous_17)
FNDA:0,(anonymous_18)
FNDA:0,(anonymous_20)
FNDA:0,(anonymous_21)
FNDA:0,(anonymous_22)
FNDA:0,(anonymous_23)
FNDA:0,(anonymous_24)
FNDA:0,(anonymous_25)
FNDA:0,(anonymous_27)
FNDA:0,(anonymous_28)
FNDA:0,(anonymous_29)
FNDA:0,(anonymous_30)
DA:5,1
DA:6,1
DA:7,1
DA:8,1
DA:10,1
DA:13,0
DA:14,0
DA:15,0
DA:18,0
DA:19,0
DA:35,1
DA:36,1
DA:38,1
DA:44,1
DA:45,1
DA:69,0
DA:80,0
DA:86,0
DA:92,0
DA:98,0
DA:104,0
DA:106,0
DA:109,0
DA:110,0
DA:111,0
DA:112,0
DA:113,0
DA:125,0
DA:126,0
DA:127,0
DA:128,0
DA:131,0
DA:132,0
DA:133,0
DA:136,0
DA:137,0
DA:138,0
DA:142,0
DA:143,0
DA:144,0
DA:147,0
DA:148,0
DA:149,0
DA:152,0
DA:153,0
DA:154,0
DA:157,0
DA:158,0
DA:159,0
DA:162,0
DA:163,0
DA:164,0
DA:167,0
DA:168,0
DA:169,0
DA:172,0
DA:173,0
DA:174,0
DA:177,0
DA:178,0
DA:179,0
DA:182,0
DA:185,0
DA:186,0
DA:188,0
DA:189,0
DA:190,0
DA:192,0
DA:199,0
DA:208,0
DA:209,0
DA:211,0
DA:212,0
DA:213,0
DA:215,0
DA:222,0
DA:239,0
DA:249,0
DA:255,0
DA:256,0
DA:268,0
DA:269,0
DA:275,0
DA:282,0
DA:288,0
DA:294,0
DA:300,0
DA:302,0
DA:305,0
DA:306,0
DA:307,0
DA:308,0
DA:309,0
DA:310,0
DA:313,0
DA:319,0
DA:325,0
DA:331,0
DA:332,0
DA:333,0
DA:334,0
DA:336,0
DA:337,0
DA:343,0
DA:350,0
DA:351,0
DA:352,0
DA:353,0
DA:366,0
DA:370,0
DA:372,0
DA:373,0
DA:374,0
DA:375,0
DA:376,0
DA:377,0
DA:378,0
DA:379,0
DA:380,0
DA:382,0
DA:385,0
DA:388,0
DA:393,0
DA:396,0
DA:402,0
DA:403,0
DA:404,0
DA:405,0
DA:407,0
DA:408,0
DA:411,0
DA:412,0
DA:419,0
DA:425,0
DA:426,0
DA:428,0
DA:429,0
DA:431,0
DA:434,0
DA:435,0
DA:437,0
DA:438,0
DA:479,0
DA:494,0
DA:500,0
DA:506,0
DA:512,0
DA:518,0
DA:524,0
DA:526,0
DA:529,0
DA:530,0
DA:531,0
DA:532,0
DA:533,0
DA:545,0
DA:546,0
DA:547,0
DA:548,0
DA:551,0
DA:552,0
DA:553,0
DA:556,0
DA:557,0
DA:558,0
DA:562,0
DA:563,0
DA:564,0
DA:567,0
DA:568,0
DA:569,0
DA:572,0
DA:573,0
DA:574,0
DA:577,0
DA:578,0
DA:579,0
DA:582,0
DA:585,0
DA:586,0
DA:588,0
DA:589,0
DA:590,0
DA:592,0
DA:599,0
DA:608,0
DA:609,0
DA:611,0
DA:612,0
DA:613,0
DA:615,0
DA:622,0
DA:639,0
DA:649,0
DA:655,0
DA:661,0
DA:662,0
DA:663,0
DA:669,0
DA:675,0
DA:681,0
DA:683,0
DA:686,0
DA:687,0
DA:688,0
DA:689,0
DA:690,0
DA:691,0
DA:697,0
DA:698,0
DA:699,0
DA:700,0
DA:706,0
DA:713,0
DA:714,0
DA:715,0
DA:716,0
DA:726,0
DA:728,0
DA:732,0
DA:734,0
DA:737,0
DA:738,0
DA:741,0
DA:742,0
DA:743,0
DA:744,0
DA:747,0
DA:748,0
DA:750,0
DA:758,0
DA:759,0
DA:761,0
DA:762,0
DA:763,0
DA:765,0
DA:772,0
DA:779,0
DA:783,0
DA:784,0
DA:787,0
DA:788,0
DA:790,0
DA:791,0
DA:793,0
DA:794,0
DA:803,0
DA:812,0
DA:818,0
DA:819,0
DA:821,0
DA:822,0
DA:823,0
DA:825,0
DA:832,0
DA:847,0
LF:256
LH:10
BRDA:10,0,0,0
BRDA:10,0,1,1
BRDA:104,1,0,0
BRDA:104,1,1,0
BRDA:125,2,0,0
BRDA:125,2,1,0
BRDA:125,3,0,0
BRDA:125,3,1,0
BRDA:125,3,2,0
BRDA:125,3,3,0
BRDA:126,4,0,0
BRDA:126,4,1,0
BRDA:126,5,0,0
BRDA:126,5,1,0
BRDA:131,6,0,0
BRDA:131,6,1,0
BRDA:136,7,0,0
BRDA:136,7,1,0
BRDA:136,8,0,0
BRDA:136,8,1,0
BRDA:142,9,0,0
BRDA:142,9,1,0
BRDA:147,10,0,0
BRDA:147,10,1,0
BRDA:152,11,0,0
BRDA:152,11,1,0
BRDA:157,12,0,0
BRDA:157,12,1,0
BRDA:162,13,0,0
BRDA:162,13,1,0
BRDA:167,14,0,0
BRDA:167,14,1,0
BRDA:172,15,0,0
BRDA:172,15,1,0
BRDA:177,16,0,0
BRDA:177,16,1,0
BRDA:182,17,0,0
BRDA:182,17,1,0
BRDA:185,18,0,0
BRDA:185,18,1,0
BRDA:208,19,0,0
BRDA:208,19,1,0
BRDA:300,20,0,0
BRDA:300,20,1,0
BRDA:336,21,0,0
BRDA:336,21,1,0
BRDA:366,22,0,0
BRDA:366,22,1,0
BRDA:385,23,0,0
BRDA:385,23,1,0
BRDA:425,24,0,0
BRDA:425,24,1,0
BRDA:437,25,0,0
BRDA:437,25,1,0
BRDA:437,26,0,0
BRDA:437,26,1,0
BRDA:438,27,0,0
BRDA:438,27,1,0
BRDA:438,28,0,0
BRDA:438,28,1,0
BRDA:438,29,0,0
BRDA:438,29,1,0
BRDA:438,30,0,0
BRDA:438,30,1,0
BRDA:438,31,0,0
BRDA:438,31,1,0
BRDA:438,32,0,0
BRDA:438,32,1,0
BRDA:438,33,0,0
BRDA:438,33,1,0
BRDA:438,34,0,0
BRDA:438,34,1,0
BRDA:524,35,0,0
BRDA:524,35,1,0
BRDA:545,36,0,0
BRDA:545,36,1,0
BRDA:545,37,0,0
BRDA:545,37,1,0
BRDA:545,37,2,0
BRDA:545,37,3,0
BRDA:546,38,0,0
BRDA:546,38,1,0
BRDA:546,39,0,0
BRDA:546,39,1,0
BRDA:551,40,0,0
BRDA:551,40,1,0
BRDA:556,41,0,0
BRDA:556,41,1,0
BRDA:556,42,0,0
BRDA:556,42,1,0
BRDA:562,43,0,0
BRDA:562,43,1,0
BRDA:567,44,0,0
BRDA:567,44,1,0
BRDA:572,45,0,0
BRDA:572,45,1,0
BRDA:577,46,0,0
BRDA:577,46,1,0
BRDA:582,47,0,0
BRDA:582,47,1,0
BRDA:585,48,0,0
BRDA:585,48,1,0
BRDA:608,49,0,0
BRDA:608,49,1,0
BRDA:681,50,0,0
BRDA:681,50,1,0
BRDA:737,51,0,0
BRDA:737,51,1,0
BRDA:747,52,0,0
BRDA:747,52,1,0
BRDA:750,53,0,0
BRDA:750,53,1,0
BRDA:750,54,0,0
BRDA:750,54,1,0
BRDA:758,55,0,0
BRDA:758,55,1,0
BRDA:779,56,0,0
BRDA:779,56,1,0
BRDA:783,57,0,0
BRDA:783,57,1,0
BRDA:785,58,0,0
BRDA:785,58,1,0
BRDA:785,58,2,0
BRDA:785,58,3,0
BRDA:803,59,0,0
BRDA:803,59,1,0
BRDA:818,60,0,0
BRDA:818,60,1,0
BRDA:44,61,0,1
BRDA:44,61,1,1
BRDA:44,62,0,1
BRDA:44,62,1,1
BRDA:44,63,0,1
BRDA:44,63,1,1
BRDA:44,64,0,1
BRDA:44,64,1,1
BRF:136
BRH:9
end_of_record
TN:
SF:0. Script\Extensions\12\Other\3\Web Development\Method\0\1_0\Extension_Director_Of_WebDevelopment_Chapter_12_3_Page_0_GoalHelper_Handler_1_0.ts
FN:23,(anonymous_13)
FN:23,(anonymous_14)
FN:23,(anonymous_15)
FN:23,(anonymous_16)
FN:25,(anonymous_17)
FN:43,(anonymous_18)
FN:48,(anonymous_20)
FN:48,(anonymous_21)
FN:459,(anonymous_22)
FN:459,(anonymous_23)
FN:510,(anonymous_24)
FN:510,(anonymous_25)
FN:564,(anonymous_26)
FN:564,(anonymous_27)
FN:617,(anonymous_28)
FN:617,(anonymous_29)
FN:671,(anonymous_30)
FN:671,(anonymous_31)
FN:721,(anonymous_32)
FN:721,(anonymous_33)
FN:735,(anonymous_34)
FN:735,(anonymous_35)
FN:748,(anonymous_36)
FN:748,(anonymous_37)
FN:782,(anonymous_38)
FN:782,(anonymous_39)
FN:790,(anonymous_40)
FN:875,(anonymous_41)
FN:880,(anonymous_42)
FN:1226,(anonymous_43)
FN:1288,(anonymous_44)
FN:1294,(anonymous_46)
FN:1294,(anonymous_47)
FN:1641,(anonymous_48)
FN:1641,(anonymous_49)
FN:1706,(anonymous_50)
FN:1711,(anonymous_52)
FN:1711,(anonymous_53)
FN:2058,(anonymous_54)
FN:2058,(anonymous_55)
FN:2060,(anonymous_56)
FN:2126,(anonymous_57)
FN:2131,(anonymous_59)
FN:2131,(anonymous_60)
FN:2480,(anonymous_61)
FN:2480,(anonymous_62)
FN:2482,(anonymous_63)
FN:2559,(anonymous_64)
FN:2564,(anonymous_66)
FN:2564,(anonymous_67)
FN:2912,(anonymous_68)
FN:2912,(anonymous_69)
FN:2914,(anonymous_70)
FN:2943,(anonymous_71)
FN:3014,(anonymous_72)
FN:3019,(anonymous_74)
FN:3019,(anonymous_75)
FN:3382,(anonymous_76)
FN:3382,(anonymous_77)
FN:3384,(anonymous_78)
FN:3385,(anonymous_79)
FN:3392,(anonymous_80)
FN:3393,(anonymous_81)
FN:3401,(anonymous_82)
FN:3406,(anonymous_83)
FN:3411,(anonymous_84)
FN:3420,(anonymous_85)
FN:3424,(anonymous_86)
FN:3428,(anonymous_87)
FN:3446,(anonymous_88)
FN:3447,(anonymous_89)
FN:3456,(anonymous_90)
FN:3466,(anonymous_91)
FN:3475,(anonymous_92)
FN:3496,(anonymous_93)
FN:3510,(anonymous_94)
FN:3514,(anonymous_95)
FN:3590,(anonymous_96)
FN:3595,(anonymous_98)
FN:3595,(anonymous_99)
FN:3948,(anonymous_100)
FN:3948,(anonymous_101)
FN:4007,(anonymous_102)
FN:4012,(anonymous_104)
FN:4012,(anonymous_105)
FN:4365,(anonymous_106)
FN:4365,(anonymous_107)
FN:4424,(anonymous_108)
FN:4429,(anonymous_110)
FN:4429,(anonymous_111)
FN:4816,(anonymous_112)
FN:4816,(anonymous_113)
FN:4887,(anonymous_114)
FN:4887,(anonymous_115)
FNF:94
FNH:4
FNDA:1,(anonymous_13)
FNDA:1,(anonymous_14)
FNDA:1,(anonymous_15)
FNDA:1,(anonymous_16)
FNDA:0,(anonymous_17)
FNDA:0,(anonymous_18)
FNDA:0,(anonymous_20)
FNDA:0,(anonymous_21)
FNDA:0,(anonymous_22)
FNDA:0,(anonymous_23)
FNDA:0,(anonymous_24)
FNDA:0,(anonymous_25)
FNDA:0,(anonymous_26)
FNDA:0,(anonymous_27)
FNDA:0,(anonymous_28)
FNDA:0,(anonymous_29)
FNDA:0,(anonymous_30)
FNDA:0,(anonymous_31)
FNDA:0,(anonymous_32)
FNDA:0,(anonymous_33)
FNDA:0,(anonymous_34)
FNDA:0,(anonymous_35)
FNDA:0,(anonymous_36)
FNDA:0,(anonymous_37)
FNDA:0,(anonymous_38)
FNDA:0,(anonymous_39)
FNDA:0,(anonymous_40)
FNDA:0,(anonymous_41)
FNDA:0,(anonymous_42)
FNDA:0,(anonymous_43)
FNDA:0,(anonymous_44)
FNDA:0,(anonymous_46)
FNDA:0,(anonymous_47)
FNDA:0,(anonymous_48)
FNDA:0,(anonymous_49)
FNDA:0,(anonymous_50)
FNDA:0,(anonymous_52)
FNDA:0,(anonymous_53)
FNDA:0,(anonymous_54)
FNDA:0,(anonymous_55)
FNDA:0,(anonymous_56)
FNDA:0,(anonymous_57)
FNDA:0,(anonymous_59)
FNDA:0,(anonymous_60)
FNDA:0,(anonymous_61)
FNDA:0,(anonymous_62)
FNDA:0,(anonymous_63)
FNDA:0,(anonymous_64)
FNDA:0,(anonymous_66)
FNDA:0,(anonymous_67)
FNDA:0,(anonymous_68)
FNDA:0,(anonymous_69)
FNDA:0,(anonymous_70)
FNDA:0,(anonymous_71)
FNDA:0,(anonymous_72)
FNDA:0,(anonymous_74)
FNDA:0,(anonymous_75)
FNDA:0,(anonymous_76)
FNDA:0,(anonymous_77)
FNDA:0,(anonymous_78)
FNDA:0,(anonymous_79)
FNDA:0,(anonymous_80)
FNDA:0,(anonymous_81)
FNDA:0,(anonymous_82)
FNDA:0,(anonymous_83)
FNDA:0,(anonymous_84)
FNDA:0,(anonymous_85)
FNDA:0,(anonymous_86)
FNDA:0,(anonymous_87)
FNDA:0,(anonymous_88)
FNDA:0,(anonymous_89)
FNDA:0,(anonymous_90)
FNDA:0,(anonymous_91)
FNDA:0,(anonymous_92)
FNDA:0,(anonymous_93)
FNDA:0,(anonymous_94)
FNDA:0,(anonymous_95)
FNDA:0,(anonymous_96)
FNDA:0,(anonymous_98)
FNDA:0,(anonymous_99)
FNDA:0,(anonymous_100)
FNDA:0,(anonymous_101)
FNDA:0,(anonymous_102)
FNDA:0,(anonymous_104)
FNDA:0,(anonymous_105)
FNDA:0,(anonymous_106)
FNDA:0,(anonymous_107)
FNDA:0,(anonymous_108)
FNDA:0,(anonymous_110)
FNDA:0,(anonymous_111)
FNDA:0,(anonymous_112)
FNDA:0,(anonymous_113)
FNDA:0,(anonymous_114)
FNDA:0,(anonymous_115)
DA:13,1
DA:14,1
DA:15,1
DA:17,1
DA:23,1
DA:24,1
DA:48,0
DA:63,0
DA:69,0
DA:88,0
DA:98,0
DA:104,0
DA:110,0
DA:112,0
DA:119,0
DA:122,0
DA:123,0
DA:124,0
DA:125,0
DA:126,0
DA:150,0
DA:157,0
DA:158,0
DA:159,0
DA:162,0
DA:163,0
DA:164,0
DA:168,0
DA:169,0
DA:170,0
DA:173,0
DA:174,0
DA:175,0
DA:178,0
DA:179,0
DA:180,0
DA:183,0
DA:184,0
DA:185,0
DA:188,0
DA:189,0
DA:190,0
DA:193,0
DA:194,0
DA:195,0
DA:198,0
DA:201,0
DA:202,0
DA:209,0
DA:210,0
DA:213,0
DA:215,0
DA:222,0
DA:230,0
DA:231,0
DA:238,0
DA:239,0
DA:242,0
DA:244,0
DA:251,0
DA:268,0
DA:278,0
DA:290,0
DA:291,0
DA:292,0
DA:293,0
DA:295,0
DA:296,0
DA:309,0
DA:310,0
DA:331,0
DA:341,0
DA:347,0
DA:353,0
DA:355,0
DA:357,0
DA:362,0
DA:367,0
DA:368,0
DA:369,0
DA:370,0
DA:371,0
DA:382,0
DA:388,0
DA:389,0
DA:390,0
DA:396,0
DA:397,0
DA:399,0
DA:400,0
DA:402,0
DA:412,0
DA:414,0
DA:415,0
DA:416,0
DA:417,0
DA:418,0
DA:420,0
DA:425,0
DA:428,0
DA:429,0
DA:430,0
DA:433,0
DA:434,0
DA:435,0
DA:436,0
DA:437,0
DA:438,0
DA:439,0
DA:441,0
DA:453,0
DA:458,0
DA:459,0
DA:460,0
DA:467,0
DA:468,0
DA:469,0
DA:470,0
DA:471,0
DA:474,0
DA:476,0
DA:480,0
DA:485,0
DA:488,0
DA:489,0
DA:490,0
DA:491,0
DA:495,0
DA:497,0
DA:500,0
DA:503,0
DA:509,0
DA:510,0
DA:511,0
DA:518,0
DA:519,0
DA:520,0
DA:521,0
DA:522,0
DA:525,0
DA:527,0
DA:531,0
DA:537,0
DA:540,0
DA:541,0
DA:542,0
DA:543,0
DA:546,0
DA:548,0
DA:550,0
DA:553,0
DA:556,0
DA:563,0
DA:564,0
DA:565,0
DA:572,0
DA:573,0
DA:574,0
DA:575,0
DA:576,0
DA:578,0
DA:580,0
DA:584,0
DA:590,0
DA:593,0
DA:594,0
DA:595,0
DA:596,0
DA:599,0
DA:601,0
DA:603,0
DA:606,0
DA:609,0
DA:616,0
DA:617,0
DA:618,0
DA:625,0
DA:626,0
DA:627,0
DA:628,0
DA:629,0
DA:632,0
DA:634,0
DA:638,0
DA:644,0
DA:647,0
DA:648,0
DA:649,0
DA:650,0
DA:653,0
DA:655,0
DA:657,0
DA:660,0
DA:663,0
DA:670,0
DA:671,0
DA:672,0
DA:679,0
DA:680,0
DA:681,0
DA:682,0
DA:683,0
DA:686,0
DA:688,0
DA:692,0
DA:697,0
DA:700,0
DA:701,0
DA:702,0
DA:703,0
DA:706,0
DA:709,0
DA:712,0
DA:720,0
DA:721,0
DA:726,0
DA:734,0
DA:735,0
DA:740,0
DA:747,0
DA:748,0
DA:749,0
DA:754,0
DA:755,0
DA:756,0
DA:757,0
DA:758,0
DA:759,0
DA:762,0
DA:763,0
DA:764,0
DA:765,0
DA:768,0
DA:771,0
DA:774,0
DA:781,0
DA:782,0
DA:783,0
DA:784,0
DA:786,0
DA:790,0
DA:791,0
DA:792,0
DA:794,0
DA:796,0
DA:798,0
DA:801,0
DA:807,0
DA:808,0
DA:812,0
DA:815,0
DA:818,0
DA:828,0
DA:829,0
DA:836,0
DA:837,0
DA:838,0
DA:839,0
DA:842,0
DA:844,0
DA:851,0
DA:866,0
DA:880,0
DA:895,0
DA:901,0
DA:920,0
DA:930,0
DA:936,0
DA:942,0
DA:944,0
DA:951,0
DA:954,0
DA:955,0
DA:956,0
DA:957,0
DA:958,0
DA:982,0
DA:989,0
DA:990,0
DA:991,0
DA:994,0
DA:995,0
DA:996,0
DA:1000,0
DA:1001,0
DA:1002,0
DA:1005,0
DA:1006,0
DA:1007,0
DA:1010,0
DA:1011,0
DA:1012,0
DA:1015,0
DA:1016,0
DA:1017,0
DA:1022,0
DA:1025,0
DA:1026,0
DA:1028,0
DA:1029,0
DA:1031,0
DA:1033,0
DA:1040,0
DA:1048,0
DA:1049,0
DA:1056,0
DA:1057,0
DA:1060,0
DA:1062,0
DA:1069,0
DA:1086,0
DA:1096,0
DA:1118,0
DA:1137,0
DA:1147,0
DA:1153,0
DA:1159,0
DA:1165,0
DA:1167,0
DA:1169,0
DA:1174,0
DA:1179,0
DA:1180,0
DA:1181,0
DA:1182,0
DA:1183,0
DA:1194,0
DA:1200,0
DA:1201,0
DA:1202,0
DA:1226,0
DA:1227,0
DA:1228,0
DA:1229,0
DA:1232,0
DA:1237,0
DA:1238,0
DA:1245,0
DA:1246,0
DA:1247,0
DA:1250,0
DA:1252,0
DA:1259,0
DA:1265,0
DA:1279,0
DA:1294,0
DA:1309,0
DA:1315,0
DA:1334,0
DA:1344,0
DA:1350,0
DA:1356,0
DA:1358,0
DA:1365,0
DA:1368,0
DA:1369,0
DA:1370,0
DA:1371,0
DA:1372,0
DA:1396,0
DA:1402,0
DA:1403,0
DA:1404,0
DA:1407,0
DA:1408,0
DA:1409,0
DA:1413,0
DA:1414,0
DA:1415,0
DA:1418,0
DA:1419,0
DA:1420,0
DA:1423,0
DA:1424,0
DA:1425,0
DA:1428,0
DA:1429,0
DA:1430,0
DA:1435,0
DA:1438,0
DA:1439,0
DA:1446,0
DA:1447,0
DA:1450,0
DA:1452,0
DA:1459,0
DA:1467,0
DA:1468,0
DA:1475,0
DA:1476,0
DA:1479,0
DA:1481,0
DA:1488,0
DA:1505,0
DA:1515,0
DA:1537,0
DA:1556,0
DA:1562,0
DA:1572,0
DA:1578,0
DA:1584,0
DA:1590,0
DA:1592,0
DA:1597,0
DA:1602,0
DA:1603,0
DA:1604,0
DA:1605,0
DA:1606,0
DA:1617,0
DA:1641,0
DA:1642,0
DA:1644,0
DA:1645,0
DA:1647,0
DA:1650,0
DA:1655,0
DA:1656,0
DA:1663,0
DA:1664,0
DA:1665,0
DA:1668,0
DA:1670,0
DA:1677,0
DA:1683,0
DA:1697,0
DA:1711,0
DA:1726,0
DA:1732,0
DA:1751,0
DA:1761,0
DA:1767,0
DA:1773,0
DA:1775,0
DA:1782,0
DA:1785,0
DA:1786,0
DA:1787,0
DA:1788,0
DA:1789,0
DA:1813,0
DA:1820,0
DA:1821,0
DA:1822,0
DA:1825,0
DA:1826,0
DA:1827,0
DA:1831,0
DA:1832,0
DA:1833,0
DA:1836,0
DA:1837,0
DA:1838,0
DA:1841,0
DA:1842,0
DA:1843,0
DA:1846,0
DA:1847,0
DA:1848,0
DA:1851,0
DA:1852,0
DA:1853,0
DA:1857,0
DA:1860,0
DA:1861,0
DA:1868,0
DA:1869,0
DA:1872,0
DA:1874,0
DA:1881,0
DA:1889,0
DA:1890,0
DA:1897,0
DA:1898,0
DA:1901,0
DA:1903,0
DA:1910,0
DA:1927,0
DA:1937,0
DA:1959,0
DA:1960,0
DA:1979,0
DA:1985,0
DA:1995,0
DA:2001,0
DA:2007,0
DA:2013,0
DA:2015,0
DA:2018,0
DA:2020,0
DA:2021,0
DA:2022,0
DA:2023,0
DA:2024,0
DA:2033,0
DA:2044,0
DA:2058,0
DA:2059,0
DA:2060,0
DA:2061,0
DA:2062,0
DA:2064,0
DA:2067,0
DA:2070,0
DA:2075,0
DA:2076,0
DA:2083,0
DA:2084,0
DA:2085,0
DA:2088,0
DA:2090,0
DA:2097,0
DA:2103,0
DA:2117,0
DA:2131,0
DA:2146,0
DA:2152,0
DA:2171,0
DA:2181,0
DA:2187,0
DA:2193,0
DA:2195,0
DA:2202,0
DA:2205,0
DA:2206,0
DA:2207,0
DA:2208,0
DA:2209,0
DA:2233,0
DA:2240,0
DA:2241,0
DA:2242,0
DA:2245,0
DA:2246,0
DA:2247,0
DA:2251,0
DA:2252,0
DA:2253,0
DA:2256,0
DA:2257,0
DA:2258,0
DA:2261,0
DA:2262,0
DA:2263,0
DA:2266,0
DA:2267,0
DA:2268,0
DA:2271,0
DA:2272,0
DA:2273,0
DA:2278,0
DA:2281,0
DA:2282,0
DA:2289,0
DA:2290,0
DA:2293,0
DA:2295,0
DA:2302,0
DA:2310,0
DA:2311,0
DA:2318,0
DA:2319,0
DA:2322,0
DA:2324,0
DA:2331,0
DA:2348,0
DA:2358,0
DA:2375,0
DA:2381,0
DA:2382,0
DA:2401,0
DA:2407,0
DA:2417,0
DA:2423,0
DA:2429,0
DA:2435,0
DA:2437,0
DA:2440,0
DA:2442,0
DA:2443,0
DA:2444,0
DA:2445,0
DA:2446,0
DA:2455,0
DA:2466,0
DA:2480,0
DA:2481,0
DA:2482,0
DA:2486,0
DA:2487,0
DA:2489,0
DA:2492,0
DA:2495,0
DA:2503,0
DA:2508,0
DA:2509,0
DA:2516,0
DA:2517,0
DA:2518,0
DA:2521,0
DA:2523,0
DA:2530,0
DA:2536,0
DA:2550,0
DA:2564,0
DA:2579,0
DA:2585,0
DA:2604,0
DA:2614,0
DA:2620,0
DA:2626,0
DA:2628,0
DA:2635,0
DA:2638,0
DA:2639,0
DA:2640,0
DA:2641,0
DA:2642,0
DA:2666,0
DA:2672,0
DA:2673,0
DA:2674,0
DA:2677,0
DA:2678,0
DA:2679,0
DA:2683,0
DA:2684,0
DA:2685,0
DA:2688,0
DA:2689,0
DA:2690,0
DA:2693,0
DA:2694,0
DA:2695,0
DA:2698,0
DA:2699,0
DA:2700,0
DA:2703,0
DA:2704,0
DA:2705,0
DA:2710,0
DA:2713,0
DA:2714,0
DA:2721,0
DA:2722,0
DA:2725,0
DA:2727,0
DA:2734,0
DA:2742,0
DA:2743,0
DA:2750,0
DA:2751,0
DA:2754,0
DA:2756,0
DA:2763,0
DA:2780,0
DA:2790,0
DA:2806,0
DA:2812,0
DA:2813,0
DA:2814,0
DA:2833,0
DA:2839,0
DA:2849,0
DA:2855,0
DA:2861,0
DA:2867,0
DA:2869,0
DA:2872,0
DA:2874,0
DA:2875,0
DA:2876,0
DA:2877,0
DA:2878,0
DA:2887,0
DA:2898,0
DA:2912,0
DA:2913,0
DA:2914,0
DA:2920,0
DA:2921,0
DA:2923,0
DA:2924,0
DA:2926,0
DA:2929,0
DA:2933,0
DA:2934,0
DA:2936,0
DA:2939,0
DA:2943,0
DA:2948,0
DA:2950,0
DA:2953,0
DA:2955,0
DA:2958,0
DA:2963,0
DA:2964,0
DA:2971,0
DA:2972,0
DA:2973,0
DA:2976,0
DA:2978,0
DA:2985,0
DA:2991,0
DA:3005,0
DA:3019,0
DA:3034,0
DA:3040,0
DA:3059,0
DA:3069,0
DA:3075,0
DA:3081,0
DA:3083,0
DA:3090,0
DA:3093,0
DA:3094,0
DA:3095,0
DA:3096,0
DA:3097,0
DA:3121,0
DA:3127,0
DA:3128,0
DA:3129,0
DA:3132,0
DA:3133,0
DA:3134,0
DA:3138,0
DA:3139,0
DA:3140,0
DA:3143,0
DA:3144,0
DA:3145,0
DA:3148,0
DA:3149,0
DA:3150,0
DA:3153,0
DA:3154,0
DA:3155,0
DA:3159,0
DA:3160,0
DA:3161,0
DA:3164,0
DA:3165,0
DA:3166,0
DA:3171,0
DA:3174,0
DA:3175,0
DA:3182,0
DA:3183,0
DA:3186,0
DA:3188,0
DA:3195,0
DA:3203,0
DA:3204,0
DA:3211,0
DA:3212,0
DA:3215,0
DA:3217,0
DA:3224,0
DA:3241,0
DA:3251,0
DA:3267,0
DA:3268,0
DA:3269,0
DA:3275,0
DA:3276,0
DA:3295,0
DA:3301,0
DA:3311,0
DA:3317,0
DA:3323,0
DA:3329,0
DA:3331,0
DA:3334,0
DA:3336,0
DA:3337,0
DA:3338,0
DA:3339,0
DA:3340,0
DA:3349,0
DA:3350,0
DA:3357,0
DA:3368,0
DA:3382,0
DA:3383,0
DA:3384,0
DA:3385,0
DA:3386,0
DA:3387,0
DA:3389,0
DA:3390,0
DA:3392,0
DA:3393,0
DA:3394,0
DA:3395,0
DA:3397,0
DA:3401,0
DA:3402,0
DA:3403,0
DA:3404,0
DA:3405,0
DA:3406,0
DA:3407,0
DA:3409,0
DA:3411,0
DA:3412,0
DA:3414,0
DA:3420,0
DA:3421,0
DA:3422,0
DA:3423,0
DA:3424,0
DA:3425,0
DA:3428,0
DA:3429,0
DA:3437,0
DA:3438,0
DA:3439,0
DA:3441,0
DA:3443,0
DA:3444,0
DA:3446,0
DA:3447,0
DA:3448,0
DA:3449,0
DA:3451,0
DA:3456,0
DA:3457,0
DA:3458,0
DA:3462,0
DA:3463,0
DA:3464,0
DA:3466,0
DA:3467,0
DA:3468,0
DA:3470,0
DA:3475,0
DA:3476,0
DA:3477,0
DA:3481,0
DA:3482,0
DA:3483,0
DA:3486,0
DA:3491,0
DA:3496,0
DA:3497,0
DA:3498,0
DA:3499,0
DA:3502,0
DA:3503,0
DA:3505,0
DA:3510,0
DA:3511,0
DA:3512,0
DA:3514,0
DA:3515,0
DA:3516,0
DA:3518,0
DA:3519,0
DA:3521,0
DA:3525,0
DA:3528,0
DA:3530,0
DA:3531,0
DA:3534,0
DA:3539,0
DA:3540,0
DA:3547,0
DA:3548,0
DA:3549,0
DA:3552,0
DA:3554,0
DA:3561,0
DA:3567,0
DA:3581,0
DA:3595,0
DA:3610,0
DA:3616,0
DA:3635,0
DA:3645,0
DA:3651,0
DA:3657,0
DA:3659,0
DA:3666,0
DA:3669,0
DA:3670,0
DA:3671,0
DA:3672,0
DA:3673,0
DA:3697,0
DA:3704,0
DA:3705,0
DA:3706,0
DA:3709,0
DA:3710,0
DA:3711,0
DA:3715,0
DA:3716,0
DA:3717,0
DA:3720,0
DA:3721,0
DA:3722,0
DA:3725,0
DA:3726,0
DA:3727,0
DA:3730,0
DA:3731,0
DA:3732,0
DA:3736,0
DA:3737,0
DA:3738,0
DA:3741,0
DA:3742,0
DA:3743,0
DA:3747,0
DA:3750,0
DA:3751,0
DA:3758,0
DA:3759,0
DA:3762,0
DA:3764,0
DA:3771,0
DA:3779,0
DA:3780,0
DA:3787,0
DA:3788,0
DA:3791,0
DA:3793,0
DA:3800,0
DA:3817,0
DA:3827,0
DA:3843,0
DA:3849,0
DA:3850,0
DA:3869,0
DA:3875,0
DA:3885,0
DA:3891,0
DA:3897,0
DA:3903,0
DA:3905,0
DA:3908,0
DA:3910,0
DA:3911,0
DA:3912,0
DA:3913,0
DA:3914,0
DA:3923,0
DA:3934,0
DA:3948,0
DA:3949,0
DA:3951,0
DA:3956,0
DA:3957,0
DA:3964,0
DA:3965,0
DA:3966,0
DA:3969,0
DA:3971,0
DA:3978,0
DA:3984,0
DA:3998,0
DA:4012,0
DA:4027,0
DA:4033,0
DA:4052,0
DA:4062,0
DA:4068,0
DA:4074,0
DA:4076,0
DA:4083,0
DA:4086,0
DA:4087,0
DA:4088,0
DA:4089,0
DA:4090,0
DA:4114,0
DA:4120,0
DA:4121,0
DA:4122,0
DA:4125,0
DA:4126,0
DA:4127,0
DA:4131,0
DA:4132,0
DA:4133,0
DA:4136,0
DA:4137,0
DA:4138,0
DA:4141,0
DA:4142,0
DA:4143,0
DA:4146,0
DA:4147,0
DA:4148,0
DA:4152,0
DA:4153,0
DA:4154,0
DA:4157,0
DA:4158,0
DA:4159,0
DA:4164,0
DA:4167,0
DA:4168,0
DA:4175,0
DA:4176,0
DA:4179,0
DA:4181,0
DA:4188,0
DA:4196,0
DA:4197,0
DA:4204,0
DA:4205,0
DA:4208,0
DA:4210,0
DA:4217,0
DA:4234,0
DA:4244,0
DA:4260,0
DA:4266,0
DA:4267,0
DA:4286,0
DA:4292,0
DA:4302,0
DA:4308,0
DA:4314,0
DA:4320,0
DA:4322,0
DA:4325,0
DA:4327,0
DA:4328,0
DA:4329,0
DA:4330,0
DA:4331,0
DA:4340,0
DA:4351,0
DA:4365,0
DA:4366,0
DA:4368,0
DA:4373,0
DA:4374,0
DA:4381,0
DA:4382,0
DA:4383,0
DA:4386,0
DA:4388,0
DA:4395,0
DA:4401,0
DA:4415,0
DA:4429,0
DA:4444,0
DA:4450,0
DA:4469,0
DA:4479,0
DA:4485,0
DA:4491,0
DA:4493,0
DA:4500,0
DA:4503,0
DA:4504,0
DA:4505,0
DA:4506,0
DA:4507,0
DA:4531,0
DA:4535,0
DA:4536,0
DA:4537,0
DA:4540,0
DA:4541,0
DA:4542,0
DA:4545,0
DA:4546,0
DA:4547,0
DA:4550,0
DA:4551,0
DA:4552,0
DA:4555,0
DA:4556,0
DA:4557,0
DA:4560,0
DA:4561,0
DA:4562,0
DA:4566,0
DA:4567,0
DA:4568,0
DA:4571,0
DA:4572,0
DA:4573,0
DA:4577,0
DA:4578,0
DA:4579,0
DA:4582,0
DA:4583,0
DA:4584,0
DA:4587,0
DA:4588,0
DA:4589,0
DA:4594,0
DA:4597,0
DA:4598,0
DA:4605,0
DA:4606,0
DA:4609,0
DA:4611,0
DA:4618,0
DA:4626,0
DA:4627,0
DA:4634,0
DA:4635,0
DA:4638,0
DA:4640,0
DA:4647,0
DA:4664,0
DA:4674,0
DA:4690,0
DA:4696,0
DA:4697,0
DA:4716,0
DA:4723,0
DA:4736,0
DA:4737,0
DA:4738,0
DA:4739,0
DA:4740,0
DA:4741,0
DA:4751,0
DA:4757,0
DA:4763,0
DA:4769,0
DA:4771,0
DA:4774,0
DA:4776,0
DA:4777,0
DA:4778,0
DA:4779,0
DA:4780,0
DA:4789,0
DA:4800,0
DA:4816,0
DA:4817,0
DA:4818,0
DA:4825,0
DA:4826,0
DA:4827,0
DA:4828,0
DA:4829,0
DA:4830,0
DA:4831,0
DA:4832,0
DA:4833,0
DA:4836,0
DA:4837,0
DA:4839,0
DA:4840,0
DA:4842,0
DA:4845,0
DA:4851,0
DA:4852,0
DA:4859,0
DA:4860,0
DA:4861,0
DA:4864,0
DA:4866,0
DA:4873,0
DA:4879,0
DA:4880,0
DA:4887,0
DA:4888,0
DA:4889,0
DA:4890,0
DA:4891,0
DA:4892,0
DA:4893,0
DA:4895,0
DA:4898,0
DA:4913,0
LF:1176
LH:6
BRDA:110,0,0,0
BRDA:110,0,1,0
BRDA:150,1,0,0
BRDA:150,1,1,0
BRDA:150,2,0,0
BRDA:150,2,1,0
BRDA:150,2,2,0
BRDA:150,2,3,0
BRDA:157,3,0,0
BRDA:157,3,1,0
BRDA:162,4,0,0
BRDA:162,4,1,0
BRDA:162,5,0,0
BRDA:162,5,1,0
BRDA:168,6,0,0
BRDA:168,6,1,0
BRDA:173,7,0,0
BRDA:173,7,1,0
BRDA:178,8,0,0
BRDA:178,8,1,0
BRDA:183,9,0,0
BRDA:183,9,1,0
BRDA:188,10,0,0
BRDA:188,10,1,0
BRDA:193,11,0,0
BRDA:193,11,1,0
BRDA:198,12,0,0
BRDA:198,12,1,0
BRDA:201,13,0,0
BRDA:201,13,1,0
BRDA:230,14,0,0
BRDA:230,14,1,0
BRDA:355,15,0,0
BRDA:355,15,1,0
BRDA:355,16,0,0
BRDA:355,16,1,0
BRDA:355,17,0,0
BRDA:355,17,1,0
BRDA:355,18,0,0
BRDA:355,18,1,0
BRDA:355,19,0,0
BRDA:355,19,1,0
BRDA:355,20,0,0
BRDA:355,20,1,0
BRDA:355,21,0,0
BRDA:355,21,1,0
BRDA:355,22,0,0
BRDA:355,22,1,0
BRDA:355,23,0,0
BRDA:355,23,1,0
BRDA:791,24,0,0
BRDA:791,24,1,0
BRDA:791,25,0,0
BRDA:791,25,1,0
BRDA:807,26,0,0
BRDA:807,26,1,0
BRDA:828,27,0,0
BRDA:828,27,1,0
BRDA:942,28,0,0
BRDA:942,28,1,0
BRDA:982,29,0,0
BRDA:982,29,1,0
BRDA:982,30,0,0
BRDA:982,30,1,0
BRDA:982,30,2,0
BRDA:982,30,3,0
BRDA:989,31,0,0
BRDA:989,31,1,0
BRDA:994,32,0,0
BRDA:994,32,1,0
BRDA:994,33,0,0
BRDA:994,33,1,0
BRDA:1000,34,0,0
BRDA:1000,34,1,0
BRDA:1005,35,0,0
BRDA:1005,35,1,0
BRDA:1010,36,0,0
BRDA:1010,36,1,0
BRDA:1015,37,0,0
BRDA:1015,37,1,0
BRDA:1022,38,0,0
BRDA:1022,38,1,0
BRDA:1025,39,0,0
BRDA:1025,39,1,0
BRDA:1048,40,0,0
BRDA:1048,40,1,0
BRDA:1167,41,0,0
BRDA:1167,41,1,0
BRDA:1167,42,0,0
BRDA:1167,42,1,0
BRDA:1167,43,0,0
BRDA:1167,43,1,0
BRDA:1167,44,0,0
BRDA:1167,44,1,0
BRDA:1167,45,0,0
BRDA:1167,45,1,0
BRDA:1167,46,0,0
BRDA:1167,46,1,0
BRDA:1167,47,0,0
BRDA:1167,47,1,0
BRDA:1167,48,0,0
BRDA:1167,48,1,0
BRDA:1167,49,0,0
BRDA:1167,49,1,0
BRDA:1237,50,0,0
BRDA:1237,50,1,0
BRDA:1356,51,0,0
BRDA:1356,51,1,0
BRDA:1396,52,0,0
BRDA:1396,52,1,0
BRDA:1396,53,0,0
BRDA:1396,53,1,0
BRDA:1396,53,2,0
BRDA:1396,53,3,0
BRDA:1402,54,0,0
BRDA:1402,54,1,0
BRDA:1407,55,0,0
BRDA:1407,55,1,0
BRDA:1407,56,0,0
BRDA:1407,56,1,0
BRDA:1413,57,0,0
BRDA:1413,57,1,0
BRDA:1418,58,0,0
BRDA:1418,58,1,0
BRDA:1423,59,0,0
BRDA:1423,59,1,0
BRDA:1428,60,0,0
BRDA:1428,60,1,0
BRDA:1435,61,0,0
BRDA:1435,61,1,0
BRDA:1438,62,0,0
BRDA:1438,62,1,0
BRDA:1467,63,0,0
BRDA:1467,63,1,0
BRDA:1590,64,0,0
BRDA:1590,64,1,0
BRDA:1655,65,0,0
BRDA:1655,65,1,0
BRDA:1773,66,0,0
BRDA:1773,66,1,0
BRDA:1813,67,0,0
BRDA:1813,67,1,0
BRDA:1813,68,0,0
BRDA:1813,68,1,0
BRDA:1813,68,2,0
BRDA:1813,68,3,0
BRDA:1820,69,0,0
BRDA:1820,69,1,0
BRDA:1825,70,0,0
BRDA:1825,70,1,0
BRDA:1825,71,0,0
BRDA:1825,71,1,0
BRDA:1831,72,0,0
BRDA:1831,72,1,0
BRDA:1836,73,0,0
BRDA:1836,73,1,0
BRDA:1841,74,0,0
BRDA:1841,74,1,0
BRDA:1846,75,0,0
BRDA:1846,75,1,0
BRDA:1851,76,0,0
BRDA:1851,76,1,0
BRDA:1857,77,0,0
BRDA:1857,77,1,0
BRDA:1860,78,0,0
BRDA:1860,78,1,0
BRDA:1889,79,0,0
BRDA:1889,79,1,0
BRDA:2013,80,0,0
BRDA:2013,80,1,0
BRDA:2075,81,0,0
BRDA:2075,81,1,0
BRDA:2193,82,0,0
BRDA:2193,82,1,0
BRDA:2233,83,0,0
BRDA:2233,83,1,0
BRDA:2233,84,0,0
BRDA:2233,84,1,0
BRDA:2233,84,2,0
BRDA:2233,84,3,0
BRDA:2240,85,0,0
BRDA:2240,85,1,0
BRDA:2245,86,0,0
BRDA:2245,86,1,0
BRDA:2245,87,0,0
BRDA:2245,87,1,0
BRDA:2251,88,0,0
BRDA:2251,88,1,0
BRDA:2256,89,0,0
BRDA:2256,89,1,0
BRDA:2261,90,0,0
BRDA:2261,90,1,0
BRDA:2266,91,0,0
BRDA:2266,91,1,0
BRDA:2271,92,0,0
BRDA:2271,92,1,0
BRDA:2278,93,0,0
BRDA:2278,93,1,0
BRDA:2281,94,0,0
BRDA:2281,94,1,0
BRDA:2310,95,0,0
BRDA:2310,95,1,0
BRDA:2435,96,0,0
BRDA:2435,96,1,0
BRDA:2508,97,0,0
BRDA:2508,97,1,0
BRDA:2626,98,0,0
BRDA:2626,98,1,0
BRDA:2666,99,0,0
BRDA:2666,99,1,0
BRDA:2666,100,0,0
BRDA:2666,100,1,0
BRDA:2666,100,2,0
BRDA:2666,100,3,0
BRDA:2672,101,0,0
BRDA:2672,101,1,0
BRDA:2677,102,0,0
BRDA:2677,102,1,0
BRDA:2677,103,0,0
BRDA:2677,103,1,0
BRDA:2683,104,0,0
BRDA:2683,104,1,0
BRDA:2688,105,0,0
BRDA:2688,105,1,0
BRDA:2693,106,0,0
BRDA:2693,106,1,0
BRDA:2698,107,0,0
BRDA:2698,107,1,0
BRDA:2703,108,0,0
BRDA:2703,108,1,0
BRDA:2710,109,0,0
BRDA:2710,109,1,0
BRDA:2713,110,0,0
BRDA:2713,110,1,0
BRDA:2742,111,0,0
BRDA:2742,111,1,0
BRDA:2867,112,0,0
BRDA:2867,112,1,0
BRDA:2920,113,0,0
BRDA:2920,113,1,0
BRDA:2953,114,0,0
BRDA:2953,114,1,0
BRDA:2963,115,0,0
BRDA:2963,115,1,0
BRDA:3081,116,0,0
BRDA:3081,116,1,0
BRDA:3121,117,0,0
BRDA:3121,117,1,0
BRDA:3121,118,0,0
BRDA:3121,118,1,0
BRDA:3121,118,2,0
BRDA:3121,118,3,0
BRDA:3127,119,0,0
BRDA:3127,119,1,0
BRDA:3132,120,0,0
BRDA:3132,120,1,0
BRDA:3132,121,0,0
BRDA:3132,121,1,0
BRDA:3138,122,0,0
BRDA:3138,122,1,0
BRDA:3143,123,0,0
BRDA:3143,123,1,0
BRDA:3148,124,0,0
BRDA:3148,124,1,0
BRDA:3148,125,0,0
BRDA:3148,125,1,0
BRDA:3148,126,0,0
BRDA:3148,126,1,0
BRDA:3148,127,0,0
BRDA:3148,127,1,0
BRDA:3148,128,0,0
BRDA:3148,128,1,0
BRDA:3148,129,0,0
BRDA:3148,129,1,0
BRDA:3148,130,0,0
BRDA:3148,130,1,0
BRDA:3148,131,0,0
BRDA:3148,131,1,0
BRDA:3148,132,0,0
BRDA:3148,132,1,0
BRDA:3148,133,0,0
BRDA:3148,133,1,0
BRDA:3148,134,0,0
BRDA:3148,134,1,0
BRDA:3153,135,0,0
BRDA:3153,135,1,0
BRDA:3153,136,0,0
BRDA:3153,136,1,0
BRDA:3153,137,0,0
BRDA:3153,137,1,0
BRDA:3153,138,0,0
BRDA:3153,138,1,0
BRDA:3153,139,0,0
BRDA:3153,139,1,0
BRDA:3153,140,0,0
BRDA:3153,140,1,0
BRDA:3153,141,0,0
BRDA:3153,141,1,0
BRDA:3153,142,0,0
BRDA:3153,142,1,0
BRDA:3153,143,0,0
BRDA:3153,143,1,0
BRDA:3153,144,0,0
BRDA:3153,144,1,0
BRDA:3153,145,0,0
BRDA:3153,145,1,0
BRDA:3159,146,0,0
BRDA:3159,146,1,0
BRDA:3164,147,0,0
BRDA:3164,147,1,0
BRDA:3171,148,0,0
BRDA:3171,148,1,0
BRDA:3174,149,0,0
BRDA:3174,149,1,0
BRDA:3203,150,0,0
BRDA:3203,150,1,0
BRDA:3329,151,0,0
BRDA:3329,151,1,0
BRDA:3349,152,0,0
BRDA:3349,152,1,0
BRDA:3349,153,0,0
BRDA:3349,153,1,0
BRDA:3349,154,0,0
BRDA:3349,154,1,0
BRDA:3349,155,0,0
BRDA:3349,155,1,0
BRDA:3349,156,0,0
BRDA:3349,156,1,0
BRDA:3349,157,0,0
BRDA:3349,157,1,0
BRDA:3349,158,0,0
BRDA:3349,158,1,0
BRDA:3349,159,0,0
BRDA:3349,159,1,0
BRDA:3349,160,0,0
BRDA:3349,160,1,0
BRDA:3349,161,0,0
BRDA:3349,161,1,0
BRDA:3350,162,0,0
BRDA:3350,162,1,0
BRDA:3350,163,0,0
BRDA:3350,163,1,0
BRDA:3350,164,0,0
BRDA:3350,164,1,0
BRDA:3350,165,0,0
BRDA:3350,165,1,0
BRDA:3350,166,0,0
BRDA:3350,166,1,0
BRDA:3350,167,0,0
BRDA:3350,167,1,0
BRDA:3350,168,0,0
BRDA:3350,168,1,0
BRDA:3350,169,0,0
BRDA:3350,169,1,0
BRDA:3386,170,0,0
BRDA:3386,170,1,0
BRDA:3386,171,0,0
BRDA:3386,171,1,0
BRDA:3387,172,0,0
BRDA:3387,172,1,0
BRDA:3389,173,0,0
BRDA:3389,173,1,0
BRDA:3394,174,0,0
BRDA:3394,174,1,0
BRDA:3402,175,0,0
BRDA:3402,175,1,0
BRDA:3404,176,0,0
BRDA:3404,176,1,0
BRDA:3421,177,0,0
BRDA:3421,177,1,0
BRDA:3422,178,0,0
BRDA:3422,178,1,0
BRDA:3437,179,0,0
BRDA:3437,179,1,0
BRDA:3437,180,0,0
BRDA:3437,180,1,0
BRDA:3439,181,0,0
BRDA:3439,181,1,0
BRDA:3443,182,0,0
BRDA:3443,182,1,0
BRDA:3448,183,0,0
BRDA:3448,183,1,0
BRDA:3457,184,0,0
BRDA:3457,184,1,0
BRDA:3462,185,0,0
BRDA:3462,185,1,0
BRDA:3467,186,0,0
BRDA:3467,186,1,0
BRDA:3476,187,0,0
BRDA:3476,187,1,0
BRDA:3481,188,0,0
BRDA:3481,188,1,0
BRDA:3498,189,0,0
BRDA:3498,189,1,0
BRDA:3502,190,0,0
BRDA:3502,190,1,0
BRDA:3515,191,0,0
BRDA:3515,191,1,0
BRDA:3518,192,0,0
BRDA:3518,192,1,0
BRDA:3530,193,0,0
BRDA:3530,193,1,0
BRDA:3539,194,0,0
BRDA:3539,194,1,0
BRDA:3657,195,0,0
BRDA:3657,195,1,0
BRDA:3697,196,0,0
BRDA:3697,196,1,0
BRDA:3697,197,0,0
BRDA:3697,197,1,0
BRDA:3697,197,2,0
BRDA:3697,197,3,0
BRDA:3704,198,0,0
BRDA:3704,198,1,0
BRDA:3709,199,0,0
BRDA:3709,199,1,0
BRDA:3709,200,0,0
BRDA:3709,200,1,0
BRDA:3715,201,0,0
BRDA:3715,201,1,0
BRDA:3720,202,0,0
BRDA:3720,202,1,0
BRDA:3725,203,0,0
BRDA:3725,203,1,0
BRDA:3725,204,0,0
BRDA:3725,204,1,0
BRDA:3725,205,0,0
BRDA:3725,205,1,0
BRDA:3725,206,0,0
BRDA:3725,206,1,0
BRDA:3725,207,0,0
BRDA:3725,207,1,0
BRDA:3725,208,0,0
BRDA:3725,208,1,0
BRDA:3725,209,0,0
BRDA:3725,209,1,0
BRDA:3725,210,0,0
BRDA:3725,210,1,0
BRDA:3725,211,0,0
BRDA:3725,211,1,0
BRDA:3725,212,0,0
BRDA:3725,212,1,0
BRDA:3725,213,0,0
BRDA:3725,213,1,0
BRDA:3730,214,0,0
BRDA:3730,214,1,0
BRDA:3730,215,0,0
BRDA:3730,215,1,0
BRDA:3730,216,0,0
BRDA:3730,216,1,0
BRDA:3730,217,0,0
BRDA:3730,217,1,0
BRDA:3730,218,0,0
BRDA:3730,218,1,0
BRDA:3730,219,0,0
BRDA:3730,219,1,0
BRDA:3730,220,0,0
BRDA:3730,220,1,0
BRDA:3730,221,0,0
BRDA:3730,221,1,0
BRDA:3730,222,0,0
BRDA:3730,222,1,0
BRDA:3730,223,0,0
BRDA:3730,223,1,0
BRDA:3730,224,0,0
BRDA:3730,224,1,0
BRDA:3736,225,0,0
BRDA:3736,225,1,0
BRDA:3741,226,0,0
BRDA:3741,226,1,0
BRDA:3747,227,0,0
BRDA:3747,227,1,0
BRDA:3750,228,0,0
BRDA:3750,228,1,0
BRDA:3779,229,0,0
BRDA:3779,229,1,0
BRDA:3903,230,0,0
BRDA:3903,230,1,0
BRDA:3956,231,0,0
BRDA:3956,231,1,0
BRDA:4074,232,0,0
BRDA:4074,232,1,0
BRDA:4114,233,0,0
BRDA:4114,233,1,0
BRDA:4114,234,0,0
BRDA:4114,234,1,0
BRDA:4114,234,2,0
BRDA:4114,234,3,0
BRDA:4120,235,0,0
BRDA:4120,235,1,0
BRDA:4125,236,0,0
BRDA:4125,236,1,0
BRDA:4125,237,0,0
BRDA:4125,237,1,0
BRDA:4131,238,0,0
BRDA:4131,238,1,0
BRDA:4136,239,0,0
BRDA:4136,239,1,0
BRDA:4141,240,0,0
BRDA:4141,240,1,0
BRDA:4141,241,0,0
BRDA:4141,241,1,0
BRDA:4141,242,0,0
BRDA:4141,242,1,0
BRDA:4141,243,0,0
BRDA:4141,243,1,0
BRDA:4141,244,0,0
BRDA:4141,244,1,0
BRDA:4141,245,0,0
BRDA:4141,245,1,0
BRDA:4141,246,0,0
BRDA:4141,246,1,0
BRDA:4141,247,0,0
BRDA:4141,247,1,0
BRDA:4141,248,0,0
BRDA:4141,248,1,0
BRDA:4141,249,0,0
BRDA:4141,249,1,0
BRDA:4141,250,0,0
BRDA:4141,250,1,0
BRDA:4146,251,0,0
BRDA:4146,251,1,0
BRDA:4146,252,0,0
BRDA:4146,252,1,0
BRDA:4146,253,0,0
BRDA:4146,253,1,0
BRDA:4146,254,0,0
BRDA:4146,254,1,0
BRDA:4146,255,0,0
BRDA:4146,255,1,0
BRDA:4146,256,0,0
BRDA:4146,256,1,0
BRDA:4146,257,0,0
BRDA:4146,257,1,0
BRDA:4146,258,0,0
BRDA:4146,258,1,0
BRDA:4146,259,0,0
BRDA:4146,259,1,0
BRDA:4146,260,0,0
BRDA:4146,260,1,0
BRDA:4146,261,0,0
BRDA:4146,261,1,0
BRDA:4152,262,0,0
BRDA:4152,262,1,0
BRDA:4157,263,0,0
BRDA:4157,263,1,0
BRDA:4164,264,0,0
BRDA:4164,264,1,0
BRDA:4167,265,0,0
BRDA:4167,265,1,0
BRDA:4196,266,0,0
BRDA:4196,266,1,0
BRDA:4320,267,0,0
BRDA:4320,267,1,0
BRDA:4373,268,0,0
BRDA:4373,268,1,0
BRDA:4491,269,0,0
BRDA:4491,269,1,0
BRDA:4531,270,0,0
BRDA:4531,270,1,0
BRDA:4531,271,0,0
BRDA:4531,271,1,0
BRDA:4531,271,2,0
BRDA:4531,271,3,0
BRDA:4535,272,0,0
BRDA:4535,272,1,0
BRDA:4540,273,0,0
BRDA:4540,273,1,0
BRDA:4545,274,0,0
BRDA:4545,274,1,0
BRDA:4550,275,0,0
BRDA:4550,275,1,0
BRDA:4555,276,0,0
BRDA:4555,276,1,0
BRDA:4560,277,0,0
BRDA:4560,277,1,0
BRDA:4566,278,0,0
BRDA:4566,278,1,0
BRDA:4571,279,0,0
BRDA:4571,279,1,0
BRDA:4571,280,0,0
BRDA:4571,280,1,0
BRDA:4577,281,0,0
BRDA:4577,281,1,0
BRDA:4582,282,0,0
BRDA:4582,282,1,0
BRDA:4587,283,0,0
BRDA:4587,283,1,0
BRDA:4594,284,0,0
BRDA:4594,284,1,0
BRDA:4597,285,0,0
BRDA:4597,285,1,0
BRDA:4626,286,0,0
BRDA:4626,286,1,0
BRDA:4769,287,0,0
BRDA:4769,287,1,0
BRDA:4837,288,0,0
BRDA:4837,288,1,0
BRDA:4837,289,0,0
BRDA:4837,289,1,0
BRDA:4839,290,0,0
BRDA:4839,290,1,0
BRDA:4851,291,0,0
BRDA:4851,291,1,0
BRDA:4879,292,0,0
BRDA:4879,292,1,0
BRDA:23,293,0,1
BRDA:23,293,1,1
BRDA:23,294,0,1
BRDA:23,294,1,1
BRDA:23,295,0,1
BRDA:23,295,1,1
BRDA:23,296,0,1
BRDA:23,296,1,1
BRF:614
BRH:8
end_of_record
TN:
SF:0. Script\Extensions\12\Other\3\Web Development\Method\13\1_0\Extension_Experience_The_Hear_Chapter_12_3_Page_13_ControlRequest_Handler_1_0.ts
FN:59,(anonymous_13)
FN:59,(anonymous_14)
FN:59,(anonymous_15)
FN:59,(anonymous_16)
FN:61,(anonymous_17)
FN:67,(anonymous_18)
FN:73,(anonymous_20)
FN:73,(anonymous_21)
FN:309,(anonymous_22)
FN:309,(anonymous_23)
FN:312,(anonymous_24)
FN:324,(anonymous_25)
FN:336,(anonymous_26)
FN:348,(anonymous_27)
FN:360,(anonymous_28)
FN:424,(anonymous_29)
FN:429,(anonymous_31)
FN:429,(anonymous_32)
FN:673,(anonymous_33)
FN:680,(anonymous_34)
FN:681,(anonymous_35)
FN:682,(anonymous_36)
FN:683,(anonymous_37)
FN:692,(anonymous_38)
FN:695,(anonymous_39)
FN:710,(anonymous_40)
FN:713,(anonymous_41)
FN:715,(anonymous_42)
FN:724,(anonymous_43)
FN:729,(anonymous_44)
FN:768,(anonymous_45)
FN:774,(anonymous_47)
FN:774,(anonymous_48)
FN:1139,(anonymous_49)
FN:1139,(anonymous_50)
FN:1143,(anonymous_51)
FNF:36
FNH:4
FNDA:1,(anonymous_13)
FNDA:1,(anonymous_14)
FNDA:1,(anonymous_15)
FNDA:1,(anonymous_16)
FNDA:0,(anonymous_17)
FNDA:0,(anonymous_18)
FNDA:0,(anonymous_20)
FNDA:0,(anonymous_21)
FNDA:0,(anonymous_22)
FNDA:0,(anonymous_23)
FNDA:0,(anonymous_24)
FNDA:0,(anonymous_25)
FNDA:0,(anonymous_26)
FNDA:0,(anonymous_27)
FNDA:0,(anonymous_28)
FNDA:0,(anonymous_29)
FNDA:0,(anonymous_31)
FNDA:0,(anonymous_32)
FNDA:0,(anonymous_33)
FNDA:0,(anonymous_34)
FNDA:0,(anonymous_35)
FNDA:0,(anonymous_36)
FNDA:0,(anonymous_37)
FNDA:0,(anonymous_38)
FNDA:0,(anonymous_39)
FNDA:0,(anonymous_40)
FNDA:0,(anonymous_41)
FNDA:0,(anonymous_42)
FNDA:0,(anonymous_43)
FNDA:0,(anonymous_44)
FNDA:0,(anonymous_45)
FNDA:0,(anonymous_47)
FNDA:0,(anonymous_48)
FNDA:0,(anonymous_49)
FNDA:0,(anonymous_50)
FNDA:0,(anonymous_51)
DA:5,1
DA:6,1
DA:7,1
DA:8,1
DA:9,1
DA:10,1
DA:11,1
DA:16,1
DA:19,0
DA:22,0
DA:23,0
DA:26,0
DA:29,0
DA:30,0
DA:32,0
DA:36,0
DA:37,0
DA:48,1
DA:49,1
DA:51,1
DA:53,1
DA:59,1
DA:60,1
DA:73,0
DA:84,0
DA:90,0
DA:96,0
DA:102,0
DA:108,0
DA:110,0
DA:113,0
DA:114,0
DA:115,0
DA:116,0
DA:117,0
DA:129,0
DA:130,0
DA:131,0
DA:132,0
DA:135,0
DA:136,0
DA:137,0
DA:140,0
DA:141,0
DA:142,0
DA:146,0
DA:147,0
DA:148,0
DA:151,0
DA:152,0
DA:153,0
DA:156,0
DA:157,0
DA:158,0
DA:161,0
DA:162,0
DA:163,0
DA:166,0
DA:167,0
DA:168,0
DA:171,0
DA:174,0
DA:175,0
DA:177,0
DA:178,0
DA:179,0
DA:181,0
DA:188,0
DA:197,0
DA:198,0
DA:200,0
DA:201,0
DA:202,0
DA:204,0
DA:211,0
DA:228,0
DA:238,0
DA:244,0
DA:245,0
DA:257,0
DA:263,0
DA:269,0
DA:271,0
DA:274,0
DA:275,0
DA:276,0
DA:277,0
DA:278,0
DA:279,0
DA:288,0
DA:290,0
DA:291,0
DA:292,0
DA:293,0
DA:304,0
DA:307,0
DA:309,0
DA:310,0
DA:312,0
DA:313,0
DA:314,0
DA:317,0
DA:321,0
DA:324,0
DA:325,0
DA:326,0
DA:329,0
DA:333,0
DA:336,0
DA:337,0
DA:338,0
DA:341,0
DA:345,0
DA:348,0
DA:349,0
DA:350,0
DA:353,0
DA:357,0
DA:360,0
DA:361,0
DA:362,0
DA:365,0
DA:369,0
DA:373,0
DA:380,0
DA:381,0
DA:383,0
DA:384,0
DA:385,0
DA:386,0
DA:388,0
DA:395,0
DA:403,0
DA:429,0
DA:440,0
DA:446,0
DA:452,0
DA:458,0
DA:464,0
DA:466,0
DA:469,0
DA:470,0
DA:471,0
DA:472,0
DA:473,0
DA:485,0
DA:486,0
DA:487,0
DA:488,0
DA:491,0
DA:492,0
DA:493,0
DA:496,0
DA:497,0
DA:498,0
DA:502,0
DA:503,0
DA:504,0
DA:507,0
DA:508,0
DA:509,0
DA:512,0
DA:515,0
DA:516,0
DA:518,0
DA:519,0
DA:520,0
DA:522,0
DA:529,0
DA:537,0
DA:538,0
DA:540,0
DA:541,0
DA:542,0
DA:544,0
DA:551,0
DA:568,0
DA:578,0
DA:584,0
DA:585,0
DA:597,0
DA:603,0
DA:609,0
DA:611,0
DA:614,0
DA:615,0
DA:616,0
DA:617,0
DA:618,0
DA:619,0
DA:628,0
DA:654,0
DA:656,0
DA:657,0
DA:658,0
DA:659,0
DA:660,0
DA:662,0
DA:664,0
DA:665,0
DA:666,0
DA:668,0
DA:671,0
DA:673,0
DA:674,0
DA:675,0
DA:676,0
DA:678,0
DA:680,0
DA:681,0
DA:682,0
DA:683,0
DA:684,0
DA:685,0
DA:686,0
DA:687,0
DA:688,0
DA:689,0
DA:690,0
DA:692,0
DA:693,0
DA:695,0
DA:696,0
DA:702,0
DA:710,0
DA:711,0
DA:712,0
DA:713,0
DA:714,0
DA:715,0
DA:716,0
DA:717,0
DA:719,0
DA:720,0
DA:721,0
DA:722,0
DA:724,0
DA:725,0
DA:726,0
DA:729,0
DA:730,0
DA:731,0
DA:738,0
DA:774,0
DA:779,0
DA:785,0
DA:791,0
DA:797,0
DA:803,0
DA:805,0
DA:808,0
DA:809,0
DA:810,0
DA:811,0
DA:812,0
DA:824,0
DA:825,0
DA:826,0
DA:827,0
DA:830,0
DA:831,0
DA:832,0
DA:835,0
DA:836,0
DA:837,0
DA:841,0
DA:842,0
DA:843,0
DA:846,0
DA:847,0
DA:848,0
DA:851,0
DA:852,0
DA:853,0
DA:856,0
DA:859,0
DA:860,0
DA:862,0
DA:863,0
DA:864,0
DA:866,0
DA:873,0
DA:882,0
DA:883,0
DA:885,0
DA:886,0
DA:887,0
DA:889,0
DA:896,0
DA:913,0
DA:923,0
DA:935,0
DA:943,0
DA:949,0
DA:955,0
DA:957,0
DA:960,0
DA:961,0
DA:962,0
DA:963,0
DA:964,0
DA:965,0
DA:972,0
DA:979,0
DA:986,0
DA:988,0
DA:989,0
DA:990,0
DA:991,0
DA:992,0
DA:994,0
DA:997,0
DA:1000,0
DA:1005,0
DA:1008,0
DA:1009,0
DA:1012,0
DA:1013,0
DA:1016,0
DA:1017,0
DA:1018,0
DA:1019,0
DA:1031,0
DA:1032,0
DA:1034,0
DA:1035,0
DA:1037,0
DA:1039,0
DA:1044,0
DA:1046,0
DA:1050,0
DA:1051,0
DA:1053,0
DA:1054,0
DA:1055,0
DA:1057,0
DA:1059,0
DA:1061,0
DA:1062,0
DA:1063,0
DA:1065,0
DA:1071,0
DA:1074,0
DA:1075,0
DA:1077,0
DA:1079,0
DA:1081,0
DA:1083,0
DA:1085,0
DA:1088,0
DA:1089,0
DA:1090,0
DA:1093,0
DA:1097,0
DA:1099,0
DA:1100,0
DA:1102,0
DA:1103,0
DA:1105,0
DA:1106,0
DA:1108,0
DA:1111,0
DA:1118,0
DA:1119,0
DA:1121,0
DA:1122,0
DA:1123,0
DA:1125,0
DA:1131,0
DA:1139,0
DA:1140,0
DA:1143,0
DA:1146,0
DA:1149,0
DA:1163,0
LF:375
LH:14
BRDA:16,0,0,0
BRDA:16,0,1,1
BRDA:108,1,0,0
BRDA:108,1,1,0
BRDA:129,2,0,0
BRDA:129,2,1,0
BRDA:129,3,0,0
BRDA:129,3,1,0
BRDA:129,3,2,0
BRDA:129,3,3,0
BRDA:130,4,0,0
BRDA:130,4,1,0
BRDA:130,5,0,0
BRDA:130,5,1,0
BRDA:135,6,0,0
BRDA:135,6,1,0
BRDA:140,7,0,0
BRDA:140,7,1,0
BRDA:140,8,0,0
BRDA:140,8,1,0
BRDA:146,9,0,0
BRDA:146,9,1,0
BRDA:151,10,0,0
BRDA:151,10,1,0
BRDA:156,11,0,0
BRDA:156,11,1,0
BRDA:161,12,0,0
BRDA:161,12,1,0
BRDA:166,13,0,0
BRDA:166,13,1,0
BRDA:171,14,0,0
BRDA:171,14,1,0
BRDA:174,15,0,0
BRDA:174,15,1,0
BRDA:197,16,0,0
BRDA:197,16,1,0
BRDA:269,17,0,0
BRDA:269,17,1,0
BRDA:304,18,0,0
BRDA:304,18,1,0
BRDA:311,19,0,0
BRDA:311,19,1,0
BRDA:311,19,2,0
BRDA:311,19,3,0
BRDA:311,19,4,0
BRDA:313,20,0,0
BRDA:313,20,1,0
BRDA:325,21,0,0
BRDA:325,21,1,0
BRDA:337,22,0,0
BRDA:337,22,1,0
BRDA:349,23,0,0
BRDA:349,23,1,0
BRDA:361,24,0,0
BRDA:361,24,1,0
BRDA:380,25,0,0
BRDA:380,25,1,0
BRDA:403,26,0,0
BRDA:403,26,1,0
BRDA:464,27,0,0
BRDA:464,27,1,0
BRDA:485,28,0,0
BRDA:485,28,1,0
BRDA:485,29,0,0
BRDA:485,29,1,0
BRDA:485,29,2,0
BRDA:485,29,3,0
BRDA:486,30,0,0
BRDA:486,30,1,0
BRDA:486,31,0,0
BRDA:486,31,1,0
BRDA:491,32,0,0
BRDA:491,32,1,0
BRDA:496,33,0,0
BRDA:496,33,1,0
BRDA:496,34,0,0
BRDA:496,34,1,0
BRDA:502,35,0,0
BRDA:502,35,1,0
BRDA:507,36,0,0
BRDA:507,36,1,0
BRDA:512,37,0,0
BRDA:512,37,1,0
BRDA:515,38,0,0
BRDA:515,38,1,0
BRDA:537,39,0,0
BRDA:537,39,1,0
BRDA:609,40,0,0
BRDA:609,40,1,0
BRDA:664,41,0,0
BRDA:664,41,1,0
BRDA:664,42,0,0
BRDA:664,42,1,0
BRDA:684,43,0,0
BRDA:684,43,1,0
BRDA:687,44,0,0
BRDA:687,44,1,0
BRDA:693,45,0,0
BRDA:693,45,1,0
BRDA:696,46,0,0
BRDA:696,46,1,0
BRDA:716,47,0,0
BRDA:716,47,1,0
BRDA:719,48,0,0
BRDA:719,48,1,0
BRDA:725,49,0,0
BRDA:725,49,1,0
BRDA:730,50,0,0
BRDA:730,50,1,0
BRDA:803,51,0,0
BRDA:803,51,1,0
BRDA:824,52,0,0
BRDA:824,52,1,0
BRDA:824,53,0,0
BRDA:824,53,1,0
BRDA:824,53,2,0
BRDA:824,53,3,0
BRDA:825,54,0,0
BRDA:825,54,1,0
BRDA:825,55,0,0
BRDA:825,55,1,0
BRDA:830,56,0,0
BRDA:830,56,1,0
BRDA:835,57,0,0
BRDA:835,57,1,0
BRDA:835,58,0,0
BRDA:835,58,1,0
BRDA:841,59,0,0
BRDA:841,59,1,0
BRDA:846,60,0,0
BRDA:846,60,1,0
BRDA:851,61,0,0
BRDA:851,61,1,0
BRDA:856,62,0,0
BRDA:856,62,1,0
BRDA:859,63,0,0
BRDA:859,63,1,0
BRDA:882,64,0,0
BRDA:882,64,1,0
BRDA:955,65,0,0
BRDA:955,65,1,0
BRDA:997,66,0,0
BRDA:997,66,1,0
BRDA:997,67,0,0
BRDA:997,67,1,0
BRDA:997,68,0,0
BRDA:997,68,1,0
BRDA:997,69,0,0
BRDA:997,69,1,0
BRDA:1000,70,0,0
BRDA:1000,70,1,0
BRDA:1000,71,0,0
BRDA:1000,71,1,0
BRDA:1000,72,0,0
BRDA:1000,72,1,0
BRDA:1000,73,0,0
BRDA:1000,73,1,0
BRDA:1005,74,0,0
BRDA:1005,74,1,0
BRDA:1005,75,0,0
BRDA:1005,75,1,0
BRDA:1005,76,0,0
BRDA:1005,76,1,0
BRDA:1005,77,0,0
BRDA:1005,77,1,0
BRDA:1005,78,0,0
BRDA:1005,78,1,0
BRDA:1005,79,0,0
BRDA:1005,79,1,0
BRDA:1008,80,0,0
BRDA:1008,80,1,0
BRDA:1008,81,0,0
BRDA:1008,81,1,0
BRDA:1008,82,0,0
BRDA:1008,82,1,0
BRDA:1008,83,0,0
BRDA:1008,83,1,0
BRDA:1008,84,0,0
BRDA:1008,84,1,0
BRDA:1008,85,0,0
BRDA:1008,85,1,0
BRDA:1009,86,0,0
BRDA:1009,86,1,0
BRDA:1009,87,0,0
BRDA:1009,87,1,0
BRDA:1009,88,0,0
BRDA:1009,88,1,0
BRDA:1009,89,0,0
BRDA:1009,89,1,0
BRDA:1009,90,0,0
BRDA:1009,90,1,0
BRDA:1009,91,0,0
BRDA:1009,91,1,0
BRDA:1012,92,0,0
BRDA:1012,92,1,0
BRDA:1012,93,0,0
BRDA:1012,93,1,0
BRDA:1012,94,0,0
BRDA:1012,94,1,0
BRDA:1012,95,0,0
BRDA:1012,95,1,0
BRDA:1012,96,0,0
BRDA:1012,96,1,0
BRDA:1012,97,0,0
BRDA:1012,97,1,0
BRDA:1013,98,0,0
BRDA:1013,98,1,0
BRDA:1013,99,0,0
BRDA:1013,99,1,0
BRDA:1013,100,0,0
BRDA:1013,100,1,0
BRDA:1013,101,0,0
BRDA:1013,101,1,0
BRDA:1013,102,0,0
BRDA:1013,102,1,0
BRDA:1013,103,0,0
BRDA:1013,103,1,0
BRDA:1016,104,0,0
BRDA:1016,104,1,0
BRDA:1016,105,0,0
BRDA:1016,105,1,0
BRDA:1016,106,0,0
BRDA:1016,106,1,0
BRDA:1016,107,0,0
BRDA:1016,107,1,0
BRDA:1016,108,0,0
BRDA:1016,108,1,0
BRDA:1016,109,0,0
BRDA:1016,109,1,0
BRDA:1017,110,0,0
BRDA:1017,110,1,0
BRDA:1017,111,0,0
BRDA:1017,111,1,0
BRDA:1017,112,0,0
BRDA:1017,112,1,0
BRDA:1017,113,0,0
BRDA:1017,113,1,0
BRDA:1017,114,0,0
BRDA:1017,114,1,0
BRDA:1017,115,0,0
BRDA:1017,115,1,0
BRDA:1018,116,0,0
BRDA:1018,116,1,0
BRDA:1018,117,0,0
BRDA:1018,117,1,0
BRDA:1018,118,0,0
BRDA:1018,118,1,0
BRDA:1018,119,0,0
BRDA:1018,119,1,0
BRDA:1018,120,0,0
BRDA:1018,120,1,0
BRDA:1018,121,0,0
BRDA:1018,121,1,0
BRDA:1019,122,0,0
BRDA:1019,122,1,0
BRDA:1019,123,0,0
BRDA:1019,123,1,0
BRDA:1019,124,0,0
BRDA:1019,124,1,0
BRDA:1019,125,0,0
BRDA:1019,125,1,0
BRDA:1019,126,0,0
BRDA:1019,126,1,0
BRDA:1019,127,0,0
BRDA:1019,127,1,0
BRDA:1031,128,0,0
BRDA:1031,128,1,0
BRDA:1044,129,0,0
BRDA:1044,129,1,0
BRDA:1050,130,0,0
BRDA:1050,130,1,0
BRDA:1118,131,0,0
BRDA:1118,131,1,0
BRDA:59,132,0,1
BRDA:59,132,1,1
BRDA:59,133,0,1
BRDA:59,133,1,1
BRDA:59,134,0,1
BRDA:59,134,1,1
BRDA:59,135,0,1
BRDA:59,135,1,1
BRF:281
BRH:9
end_of_record
TN:
SF:0. Script\Parameters\12\Other\2\Programming\Action Poco\1\1_0\Action_12_2_1_0.ts
FN:3,(anonymous_0)
FN:3,(anonymous_1)
FN:3,(anonymous_2)
FN:3,(anonymous_3)
FN:3,(anonymous_4)
FN:7,(anonymous_5)
FNF:6
FNH:5
FNDA:1,(anonymous_0)
FNDA:1,(anonymous_1)
FNDA:1,(anonymous_2)
FNDA:1,(anonymous_3)
FNDA:1,(anonymous_4)
FNDA:0,(anonymous_5)
DA:3,1
DA:5,1
DA:18,1
DA:20,1
DA:22,1
DA:24,1
DA:26,1
DA:28,1
DA:30,1
DA:32,1
DA:34,1
DA:36,1
DA:42,1
DA:44,1
DA:46,1
DA:48,1
DA:50,1
DA:52,1
DA:54,1
DA:56,1
DA:58,1
DA:60,1
DA:62,1
DA:64,1
DA:66,1
DA:68,1
DA:70,1
DA:72,1
DA:74,1
DA:76,1
DA:78,1
LF:31
LH:31
BRDA:3,0,0,1
BRDA:3,0,1,1
BRDA:3,1,0,1
BRDA:3,1,1,1
BRDA:3,2,0,1
BRDA:3,2,1,1
BRDA:3,3,0,1
BRDA:3,3,1,1
BRDA:3,4,0,1
BRDA:3,4,1,1
BRF:10
BRH:10
end_of_record
TN:
SF:0. Script\Parameters\12\Other\2\Programming\ExtraData Poco\1\1_0\ExtraData_12_2_1_0.ts
FN:4,(anonymous_6)
FN:4,(anonymous_7)
FN:4,(anonymous_8)
FN:4,(anonymous_9)
FN:4,(anonymous_10)
FN:8,(anonymous_11)
FNF:6
FNH:6
FNDA:1,(anonymous_6)
FNDA:1,(anonymous_7)
FNDA:1,(anonymous_8)
FNDA:1,(anonymous_9)
FNDA:1,(anonymous_10)
FNDA:8,(anonymous_11)
DA:1,1
DA:4,1
DA:6,1
DA:9,8
DA:12,8
DA:14,8
LF:6
LH:6
BRDA:4,0,0,1
BRDA:4,0,1,1
BRDA:4,1,0,1
BRDA:4,1,1,1
BRDA:4,2,0,1
BRDA:4,2,1,1
BRDA:4,3,0,1
BRDA:4,3,1,1
BRDA:4,4,0,1
BRDA:4,4,1,1
BRF:10
BRH:10
end_of_record
TN:
SF:0. Script\Parameters\12\Other\2\Programming\SingleParm Poco\1\1_0\SingleParmPoco_12_2_1_0.ts
FN:3,(anonymous_6)
FN:3,(anonymous_7)
FN:3,(anonymous_8)
FN:3,(anonymous_9)
FN:3,(anonymous_10)
FN:7,(anonymous_11)
FNF:6
FNH:6
FNDA:1,(anonymous_6)
FNDA:1,(anonymous_7)
FNDA:1,(anonymous_8)
FNDA:1,(anonymous_9)
FNDA:1,(anonymous_10)
FNDA:6,(anonymous_11)
DA:1,1
DA:3,1
DA:5,1
DA:8,6
LF:4
LH:4
BRDA:3,0,0,1
BRDA:3,0,1,1
BRDA:3,1,0,1
BRDA:3,1,1,1
BRDA:3,2,0,1
BRDA:3,2,1,1
BRDA:3,3,0,1
BRDA:3,3,1,1
BRDA:3,4,0,1
BRDA:3,4,1,1
BRF:10
BRH:10
end_of_record
TN:
SF:1. Storyline\1\Generate Brand Awareness\1\Advertising\Studio\0\1_0\Studio_AudienceTesting_Advertising_Chapter_1_1_Page_0_ControlNicheMaster_Handler_1_0.ts
FN:57,(anonymous_13)
FN:57,(anonymous_14)
FN:57,(anonymous_15)
FN:57,(anonymous_16)
FN:94,(anonymous_17)
FN:183,(anonymous_18)
FN:268,(anonymous_19)
FN:274,(anonymous_21)
FN:274,(anonymous_22)
FN:751,(anonymous_23)
FN:902,(anonymous_24)
FN:1053,(anonymous_25)
FNF:12
FNH:4
FNDA:1,(anonymous_13)
FNDA:1,(anonymous_14)
FNDA:1,(anonymous_15)
FNDA:1,(anonymous_16)
FNDA:0,(anonymous_17)
FNDA:0,(anonymous_18)
FNDA:0,(anonymous_19)
FNDA:0,(anonymous_21)
FNDA:0,(anonymous_22)
FNDA:0,(anonymous_23)
FNDA:0,(anonymous_24)
FNDA:0,(anonymous_25)
DA:8,1
DA:13,1
DA:16,1
DA:33,1
DA:35,1
DA:37,1
DA:39,1
DA:43,1
DA:45,1
DA:57,1
DA:58,1
DA:63,0
DA:85,0
DA:87,0
DA:95,0
DA:110,0
DA:142,0
DA:274,0
DA:289,0
DA:295,0
DA:323,0
DA:329,0
DA:335,0
DA:337,0
DA:339,0
DA:344,0
DA:349,0
DA:351,0
DA:352,0
DA:353,0
DA:354,0
DA:379,0
DA:381,0
DA:382,0
DA:383,0
DA:387,0
DA:388,0
DA:389,0
DA:392,0
DA:393,0
DA:394,0
DA:397,0
DA:398,0
DA:399,0
DA:403,0
DA:404,0
DA:405,0
DA:408,0
DA:409,0
DA:410,0
DA:413,0
DA:414,0
DA:415,0
DA:418,0
DA:419,0
DA:420,0
DA:424,0
DA:425,0
DA:426,0
DA:429,0
DA:430,0
DA:431,0
DA:434,0
DA:435,0
DA:436,0
DA:439,0
DA:440,0
DA:441,0
DA:444,0
DA:445,0
DA:446,0
DA:449,0
DA:450,0
DA:451,0
DA:455,0
DA:456,0
DA:457,0
DA:460,0
DA:463,0
DA:464,0
DA:471,0
DA:472,0
DA:475,0
DA:477,0
DA:484,0
DA:492,0
DA:493,0
DA:500,0
DA:501,0
DA:504,0
DA:506,0
DA:513,0
DA:530,0
DA:540,0
DA:555,0
DA:578,0
DA:579,0
DA:585,0
DA:586,0
DA:596,0
DA:602,0
DA:608,0
DA:609,0
DA:610,0
DA:616,0
DA:618,0
DA:620,0
DA:627,0
DA:630,0
DA:631,0
DA:632,0
DA:633,0
DA:634,0
DA:645,0
DA:647,0
DA:653,0
DA:654,0
DA:656,0
DA:662,0
DA:663,0
DA:684,0
DA:687,0
DA:689,0
DA:691,0
DA:693,0
DA:695,0
DA:704,0
DA:705,0
DA:712,0
DA:713,0
DA:716,0
DA:718,0
DA:725,0
DA:740,0
DA:765,0
DA:797,0
DA:803,0
DA:805,0
DA:807,0
DA:814,0
DA:817,0
DA:818,0
DA:819,0
DA:820,0
DA:821,0
DA:832,0
DA:834,0
DA:836,0
DA:837,0
DA:838,0
DA:840,0
DA:841,0
DA:864,0
DA:866,0
DA:867,0
DA:869,0
DA:871,0
DA:872,0
DA:874,0
DA:889,0
DA:916,0
DA:948,0
DA:954,0
DA:956,0
DA:958,0
DA:965,0
DA:968,0
DA:969,0
DA:970,0
DA:971,0
DA:972,0
DA:983,0
DA:985,0
DA:987,0
DA:988,0
DA:989,0
DA:991,0
DA:992,0
DA:1015,0
DA:1017,0
DA:1018,0
DA:1020,0
DA:1022,0
DA:1023,0
DA:1025,0
DA:1040,0
DA:1067,0
DA:1099,0
DA:1105,0
DA:1107,0
DA:1109,0
DA:1116,0
DA:1119,0
DA:1120,0
DA:1121,0
DA:1122,0
DA:1123,0
DA:1134,0
DA:1136,0
DA:1138,0
DA:1139,0
DA:1140,0
DA:1142,0
DA:1143,0
DA:1166,0
DA:1168,0
DA:1169,0
DA:1171,0
DA:1173,0
DA:1174,0
DA:1176,0
DA:1191,0
LF:212
LH:11
BRDA:142,0,0,0
BRDA:142,0,1,0
BRDA:379,1,0,0
BRDA:379,1,1,0
BRDA:379,2,0,0
BRDA:379,2,1,0
BRDA:381,3,0,0
BRDA:381,3,1,0
BRDA:387,4,0,0
BRDA:387,4,1,0
BRDA:392,5,0,0
BRDA:392,5,1,0
BRDA:397,6,0,0
BRDA:397,6,1,0
BRDA:403,7,0,0
BRDA:403,7,1,0
BRDA:408,8,0,0
BRDA:408,8,1,0
BRDA:413,9,0,0
BRDA:413,9,1,0
BRDA:418,10,0,0
BRDA:418,10,1,0
BRDA:424,11,0,0
BRDA:424,11,1,0
BRDA:429,12,0,0
BRDA:429,12,1,0
BRDA:434,13,0,0
BRDA:434,13,1,0
BRDA:439,14,0,0
BRDA:439,14,1,0
BRDA:444,15,0,0
BRDA:444,15,1,0
BRDA:449,16,0,0
BRDA:449,16,1,0
BRDA:455,17,0,0
BRDA:455,17,1,0
BRDA:460,18,0,0
BRDA:460,18,1,0
BRDA:463,19,0,0
BRDA:463,19,1,0
BRDA:492,20,0,0
BRDA:492,20,1,0
BRDA:618,21,0,0
BRDA:618,21,1,0
BRDA:618,22,0,0
BRDA:618,22,1,0
BRDA:618,23,0,0
BRDA:618,23,1,0
BRDA:618,24,0,0
BRDA:618,24,1,0
BRDA:618,25,0,0
BRDA:618,25,1,0
BRDA:645,26,0,0
BRDA:645,26,1,0
BRDA:688,27,0,0
BRDA:688,27,1,0
BRDA:704,28,0,0
BRDA:704,28,1,0
BRDA:797,29,0,0
BRDA:797,29,1,0
BRDA:805,30,0,0
BRDA:805,30,1,0
BRDA:805,31,0,0
BRDA:805,31,1,0
BRDA:805,32,0,0
BRDA:805,32,1,0
BRDA:805,33,0,0
BRDA:805,33,1,0
BRDA:805,34,0,0
BRDA:805,34,1,0
BRDA:805,35,0,0
BRDA:805,35,1,0
BRDA:805,36,0,0
BRDA:805,36,1,0
BRDA:865,37,0,0
BRDA:865,37,1,0
BRDA:948,38,0,0
BRDA:948,38,1,0
BRDA:956,39,0,0
BRDA:956,39,1,0
BRDA:956,40,0,0
BRDA:956,40,1,0
BRDA:956,41,0,0
BRDA:956,41,1,0
BRDA:956,42,0,0
BRDA:956,42,1,0
BRDA:956,43,0,0
BRDA:956,43,1,0
BRDA:956,44,0,0
BRDA:956,44,1,0
BRDA:956,45,0,0
BRDA:956,45,1,0
BRDA:1016,46,0,0
BRDA:1016,46,1,0
BRDA:1099,47,0,0
BRDA:1099,47,1,0
BRDA:1107,48,0,0
BRDA:1107,48,1,0
BRDA:1107,49,0,0
BRDA:1107,49,1,0
BRDA:1107,50,0,0
BRDA:1107,50,1,0
BRDA:1107,51,0,0
BRDA:1107,51,1,0
BRDA:1107,52,0,0
BRDA:1107,52,1,0
BRDA:1107,53,0,0
BRDA:1107,53,1,0
BRDA:1107,54,0,0
BRDA:1107,54,1,0
BRDA:1167,55,0,0
BRDA:1167,55,1,0
BRDA:57,56,0,1
BRDA:57,56,1,1
BRDA:57,57,0,1
BRDA:57,57,1,1
BRDA:57,58,0,1
BRDA:57,58,1,1
BRDA:57,59,0,1
BRDA:57,59,1,1
BRF:120
BRH:8
end_of_record
TN:
SF:1. Storyline\10\Perform Manual Task\1\Productivity\Studio\0\1_0\Studio_Strategy_Productivity_Chapter_10_1_Page_0_ControlNicheMaster_Handler_1_0.ts
FN:46,(anonymous_13)
FN:46,(anonymous_14)
FN:46,(anonymous_15)
FN:46,(anonymous_16)
FN:83,(anonymous_17)
FN:172,(anonymous_18)
FN:256,(anonymous_19)
FN:262,(anonymous_21)
FN:262,(anonymous_22)
FN:719,(anonymous_23)
FNF:10
FNH:4
FNDA:1,(anonymous_13)
FNDA:1,(anonymous_14)
FNDA:1,(anonymous_15)
FNDA:1,(anonymous_16)
FNDA:0,(anonymous_17)
FNDA:0,(anonymous_18)
FNDA:0,(anonymous_19)
FNDA:0,(anonymous_21)
FNDA:0,(anonymous_22)
FNDA:0,(anonymous_23)
DA:8,1
DA:13,1
DA:16,1
DA:46,1
DA:47,1
DA:52,0
DA:74,0
DA:76,0
DA:84,0
DA:99,0
DA:131,0
DA:262,0
DA:276,0
DA:282,0
DA:310,0
DA:316,0
DA:322,0
DA:324,0
DA:326,0
DA:331,0
DA:336,0
DA:338,0
DA:339,0
DA:340,0
DA:341,0
DA:366,0
DA:368,0
DA:369,0
DA:370,0
DA:374,0
DA:375,0
DA:376,0
DA:379,0
DA:380,0
DA:381,0
DA:384,0
DA:385,0
DA:386,0
DA:390,0
DA:391,0
DA:392,0
DA:395,0
DA:396,0
DA:397,0
DA:400,0
DA:401,0
DA:402,0
DA:405,0
DA:406,0
DA:407,0
DA:411,0
DA:412,0
DA:413,0
DA:416,0
DA:417,0
DA:418,0
DA:421,0
DA:422,0
DA:423,0
DA:426,0
DA:427,0
DA:428,0
DA:431,0
DA:432,0
DA:433,0
DA:436,0
DA:437,0
DA:438,0
DA:442,0
DA:443,0
DA:444,0
DA:447,0
DA:450,0
DA:451,0
DA:453,0
DA:454,0
DA:455,0
DA:457,0
DA:464,0
DA:472,0
DA:473,0
DA:480,0
DA:481,0
DA:484,0
DA:486,0
DA:493,0
DA:510,0
DA:520,0
DA:535,0
DA:558,0
DA:559,0
DA:565,0
DA:566,0
DA:576,0
DA:582,0
DA:588,0
DA:589,0
DA:590,0
DA:596,0
DA:598,0
DA:600,0
DA:607,0
DA:610,0
DA:611,0
DA:612,0
DA:613,0
DA:614,0
DA:625,0
DA:627,0
DA:633,0
DA:634,0
DA:636,0
DA:642,0
DA:643,0
DA:664,0
DA:668,0
DA:680,0
DA:681,0
DA:683,0
DA:684,0
DA:685,0
DA:687,0
DA:693,0
DA:708,0
DA:733,0
DA:765,0
DA:771,0
DA:773,0
DA:775,0
DA:782,0
DA:785,0
DA:786,0
DA:787,0
DA:788,0
DA:789,0
DA:800,0
DA:802,0
DA:804,0
DA:805,0
DA:806,0
DA:808,0
DA:809,0
DA:832,0
DA:834,0
DA:835,0
DA:837,0
DA:839,0
DA:840,0
DA:842,0
DA:857,0
LF:150
LH:5
BRDA:131,0,0,0
BRDA:131,0,1,0
BRDA:366,1,0,0
BRDA:366,1,1,0
BRDA:366,2,0,0
BRDA:366,2,1,0
BRDA:368,3,0,0
BRDA:368,3,1,0
BRDA:374,4,0,0
BRDA:374,4,1,0
BRDA:379,5,0,0
BRDA:379,5,1,0
BRDA:384,6,0,0
BRDA:384,6,1,0
BRDA:390,7,0,0
BRDA:390,7,1,0
BRDA:395,8,0,0
BRDA:395,8,1,0
BRDA:400,9,0,0
BRDA:400,9,1,0
BRDA:405,10,0,0
BRDA:405,10,1,0
BRDA:411,11,0,0
BRDA:411,11,1,0
BRDA:416,12,0,0
BRDA:416,12,1,0
BRDA:421,13,0,0
BRDA:421,13,1,0
BRDA:426,14,0,0
BRDA:426,14,1,0
BRDA:431,15,0,0
BRDA:431,15,1,0
BRDA:436,16,0,0
BRDA:436,16,1,0
BRDA:442,17,0,0
BRDA:442,17,1,0
BRDA:447,18,0,0
BRDA:447,18,1,0
BRDA:450,19,0,0
BRDA:450,19,1,0
BRDA:472,20,0,0
BRDA:472,20,1,0
BRDA:598,21,0,0
BRDA:598,21,1,0
BRDA:598,22,0,0
BRDA:598,22,1,0
BRDA:598,23,0,0
BRDA:598,23,1,0
BRDA:598,24,0,0
BRDA:598,24,1,0
BRDA:598,25,0,0
BRDA:598,25,1,0
BRDA:625,26,0,0
BRDA:625,26,1,0
BRDA:680,27,0,0
BRDA:680,27,1,0
BRDA:765,28,0,0
BRDA:765,28,1,0
BRDA:773,29,0,0
BRDA:773,29,1,0
BRDA:773,30,0,0
BRDA:773,30,1,0
BRDA:773,31,0,0
BRDA:773,31,1,0
BRDA:773,32,0,0
BRDA:773,32,1,0
BRDA:773,33,0,0
BRDA:773,33,1,0
BRDA:773,34,0,0
BRDA:773,34,1,0
BRDA:773,35,0,0
BRDA:773,35,1,0
BRDA:833,36,0,0
BRDA:833,36,1,0
BRDA:46,37,0,1
BRDA:46,37,1,1
BRDA:46,38,0,1
BRDA:46,38,1,1
BRDA:46,39,0,1
BRDA:46,39,1,1
BRDA:46,40,0,1
BRDA:46,40,1,1
BRF:82
BRH:8
end_of_record
TN:
SF:1. Storyline\11\Automate Manual Task\1\Risk Management\Studio\0\1_0\Studio_Strategy_RiskManagement_Chapter_11_1_Page_0_ControlNicheMaster_Handler_1_0.ts
FN:48,(anonymous_13)
FN:48,(anonymous_14)
FN:48,(anonymous_15)
FN:48,(anonymous_16)
FN:85,(anonymous_17)
FN:174,(anonymous_18)
FN:258,(anonymous_19)
FN:263,(anonymous_21)
FN:263,(anonymous_22)
FNF:9
FNH:4
FNDA:1,(anonymous_13)
FNDA:1,(anonymous_14)
FNDA:1,(anonymous_15)
FNDA:1,(anonymous_16)
FNDA:0,(anonymous_17)
FNDA:0,(anonymous_18)
FNDA:0,(anonymous_19)
FNDA:0,(anonymous_21)
FNDA:0,(anonymous_22)
DA:8,1
DA:13,1
DA:16,1
DA:48,1
DA:49,1
DA:54,0
DA:76,0
DA:78,0
DA:86,0
DA:101,0
DA:133,0
DA:263,0
DA:277,0
DA:283,0
DA:311,0
DA:317,0
DA:323,0
DA:325,0
DA:327,0
DA:332,0
DA:337,0
DA:339,0
DA:340,0
DA:341,0
DA:342,0
DA:367,0
DA:369,0
DA:370,0
DA:371,0
DA:375,0
DA:376,0
DA:377,0
DA:380,0
DA:381,0
DA:382,0
DA:385,0
DA:386,0
DA:387,0
DA:391,0
DA:392,0
DA:393,0
DA:396,0
DA:397,0
DA:398,0
DA:401,0
DA:402,0
DA:403,0
DA:406,0
DA:407,0
DA:408,0
DA:412,0
DA:413,0
DA:414,0
DA:417,0
DA:418,0
DA:419,0
DA:422,0
DA:423,0
DA:424,0
DA:427,0
DA:428,0
DA:429,0
DA:432,0
DA:433,0
DA:434,0
DA:437,0
DA:438,0
DA:439,0
DA:443,0
DA:444,0
DA:445,0
DA:448,0
DA:451,0
DA:452,0
DA:459,0
DA:460,0
DA:463,0
DA:465,0
DA:472,0
DA:480,0
DA:481,0
DA:488,0
DA:489,0
DA:492,0
DA:494,0
DA:501,0
DA:518,0
DA:528,0
DA:543,0
DA:566,0
DA:567,0
DA:573,0
DA:574,0
DA:584,0
DA:590,0
DA:596,0
DA:597,0
DA:598,0
DA:604,0
DA:606,0
DA:608,0
DA:615,0
DA:618,0
DA:619,0
DA:620,0
DA:621,0
DA:622,0
DA:633,0
DA:635,0
DA:641,0
DA:642,0
DA:644,0
DA:650,0
DA:651,0
DA:672,0
DA:690,0
DA:691,0
DA:693,0
DA:694,0
DA:695,0
DA:697,0
DA:703,0
DA:718,0
LF:123
LH:5
BRDA:133,0,0,0
BRDA:133,0,1,0
BRDA:367,1,0,0
BRDA:367,1,1,0
BRDA:367,2,0,0
BRDA:367,2,1,0
BRDA:369,3,0,0
BRDA:369,3,1,0
BRDA:375,4,0,0
BRDA:375,4,1,0
BRDA:380,5,0,0
BRDA:380,5,1,0
BRDA:385,6,0,0
BRDA:385,6,1,0
BRDA:391,7,0,0
BRDA:391,7,1,0
BRDA:396,8,0,0
BRDA:396,8,1,0
BRDA:401,9,0,0
BRDA:401,9,1,0
BRDA:406,10,0,0
BRDA:406,10,1,0
BRDA:412,11,0,0
BRDA:412,11,1,0
BRDA:417,12,0,0
BRDA:417,12,1,0
BRDA:422,13,0,0
BRDA:422,13,1,0
BRDA:427,14,0,0
BRDA:427,14,1,0
BRDA:432,15,0,0
BRDA:432,15,1,0
BRDA:437,16,0,0
BRDA:437,16,1,0
BRDA:443,17,0,0
BRDA:443,17,1,0
BRDA:448,18,0,0
BRDA:448,18,1,0
BRDA:451,19,0,0
BRDA:451,19,1,0
BRDA:480,20,0,0
BRDA:480,20,1,0
BRDA:606,21,0,0
BRDA:606,21,1,0
BRDA:606,22,0,0
BRDA:606,22,1,0
BRDA:606,23,0,0
BRDA:606,23,1,0
BRDA:606,24,0,0
BRDA:606,24,1,0
BRDA:606,25,0,0
BRDA:606,25,1,0
BRDA:633,26,0,0
BRDA:633,26,1,0
BRDA:690,27,0,0
BRDA:690,27,1,0
BRDA:48,28,0,1
BRDA:48,28,1,1
BRDA:48,29,0,1
BRDA:48,29,1,1
BRDA:48,30,0,1
BRDA:48,30,1,1
BRDA:48,31,0,1
BRDA:48,31,1,1
BRF:64
BRH:8
end_of_record
TN:
SF:1. Storyline\12\Other\1\Careers Employment\Studio\0\1_0\Studio_Strategy_CareersEmployment_Chapter_12_1_Page_0_ControlNicheMaster_Handler_1_0.ts
FN:46,(anonymous_13)
FN:46,(anonymous_14)
FN:46,(anonymous_15)
FN:46,(anonymous_16)
FN:83,(anonymous_17)
FN:172,(anonymous_18)
FN:256,(anonymous_19)
FN:261,(anonymous_21)
FN:261,(anonymous_22)
FN:723,(anonymous_23)
FNF:10
FNH:4
FNDA:1,(anonymous_13)
FNDA:1,(anonymous_14)
FNDA:1,(anonymous_15)
FNDA:1,(anonymous_16)
FNDA:0,(anonymous_17)
FNDA:0,(anonymous_18)
FNDA:0,(anonymous_19)
FNDA:0,(anonymous_21)
FNDA:0,(anonymous_22)
FNDA:0,(anonymous_23)
DA:8,1
DA:13,1
DA:16,1
DA:46,1
DA:47,1
DA:52,0
DA:74,0
DA:76,0
DA:84,0
DA:99,0
DA:131,0
DA:261,0
DA:275,0
DA:281,0
DA:309,0
DA:315,0
DA:321,0
DA:323,0
DA:325,0
DA:330,0
DA:335,0
DA:337,0
DA:338,0
DA:339,0
DA:340,0
DA:365,0
DA:367,0
DA:368,0
DA:369,0
DA:373,0
DA:374,0
DA:375,0
DA:378,0
DA:379,0
DA:380,0
DA:383,0
DA:384,0
DA:385,0
DA:389,0
DA:390,0
DA:391,0
DA:394,0
DA:395,0
DA:396,0
DA:399,0
DA:400,0
DA:401,0
DA:404,0
DA:405,0
DA:406,0
DA:410,0
DA:411,0
DA:412,0
DA:415,0
DA:416,0
DA:417,0
DA:420,0
DA:421,0
DA:422,0
DA:425,0
DA:426,0
DA:427,0
DA:430,0
DA:431,0
DA:432,0
DA:435,0
DA:436,0
DA:437,0
DA:441,0
DA:442,0
DA:443,0
DA:446,0
DA:449,0
DA:450,0
DA:452,0
DA:453,0
DA:454,0
DA:456,0
DA:463,0
DA:471,0
DA:472,0
DA:479,0
DA:480,0
DA:483,0
DA:485,0
DA:492,0
DA:509,0
DA:519,0
DA:534,0
DA:557,0
DA:558,0
DA:564,0
DA:565,0
DA:575,0
DA:581,0
DA:587,0
DA:588,0
DA:589,0
DA:595,0
DA:597,0
DA:599,0
DA:606,0
DA:609,0
DA:610,0
DA:611,0
DA:612,0
DA:613,0
DA:624,0
DA:626,0
DA:632,0
DA:633,0
DA:635,0
DA:641,0
DA:642,0
DA:663,0
DA:666,0
DA:677,0
DA:678,0
DA:685,0
DA:686,0
DA:689,0
DA:691,0
DA:697,0
DA:712,0
DA:728,0
DA:734,0
DA:736,0
DA:738,0
DA:741,0
DA:742,0
DA:743,0
DA:744,0
DA:745,0
DA:746,0
DA:761,0
DA:763,0
DA:765,0
DA:767,0
DA:768,0
DA:769,0
DA:771,0
DA:772,0
DA:774,0
DA:776,0
DA:777,0
DA:779,0
DA:781,0
DA:782,0
DA:784,0
DA:799,0
LF:150
LH:5
BRDA:131,0,0,0
BRDA:131,0,1,0
BRDA:365,1,0,0
BRDA:365,1,1,0
BRDA:365,2,0,0
BRDA:365,2,1,0
BRDA:367,3,0,0
BRDA:367,3,1,0
BRDA:373,4,0,0
BRDA:373,4,1,0
BRDA:378,5,0,0
BRDA:378,5,1,0
BRDA:383,6,0,0
BRDA:383,6,1,0
BRDA:389,7,0,0
BRDA:389,7,1,0
BRDA:394,8,0,0
BRDA:394,8,1,0
BRDA:399,9,0,0
BRDA:399,9,1,0
BRDA:404,10,0,0
BRDA:404,10,1,0
BRDA:410,11,0,0
BRDA:410,11,1,0
BRDA:415,12,0,0
BRDA:415,12,1,0
BRDA:420,13,0,0
BRDA:420,13,1,0
BRDA:425,14,0,0
BRDA:425,14,1,0
BRDA:430,15,0,0
BRDA:430,15,1,0
BRDA:435,16,0,0
BRDA:435,16,1,0
BRDA:441,17,0,0
BRDA:441,17,1,0
BRDA:446,18,0,0
BRDA:446,18,1,0
BRDA:449,19,0,0
BRDA:449,19,1,0
BRDA:471,20,0,0
BRDA:471,20,1,0
BRDA:597,21,0,0
BRDA:597,21,1,0
BRDA:597,22,0,0
BRDA:597,22,1,0
BRDA:597,23,0,0
BRDA:597,23,1,0
BRDA:597,24,0,0
BRDA:597,24,1,0
BRDA:597,25,0,0
BRDA:597,25,1,0
BRDA:624,26,0,0
BRDA:624,26,1,0
BRDA:677,27,0,0
BRDA:677,27,1,0
BRDA:728,28,0,0
BRDA:728,28,1,0
BRDA:736,29,0,0
BRDA:736,29,1,0
BRDA:736,30,0,0
BRDA:736,30,1,0
BRDA:736,31,0,0
BRDA:736,31,1,0
BRDA:736,32,0,0
BRDA:736,32,1,0
BRDA:736,33,0,0
BRDA:736,33,1,0
BRDA:736,34,0,0
BRDA:736,34,1,0
BRDA:736,35,0,0
BRDA:736,35,1,0
BRDA:736,36,0,0
BRDA:736,36,1,0
BRDA:736,37,0,0
BRDA:736,37,1,0
BRDA:775,38,0,0
BRDA:775,38,1,0
BRDA:46,39,0,1
BRDA:46,39,1,1
BRDA:46,40,0,1
BRDA:46,40,1,1
BRDA:46,41,0,1
BRDA:46,41,1,1
BRDA:46,42,0,1
BRDA:46,42,1,1
BRF:86
BRH:8
end_of_record
TN:
SF:1. Storyline\12\Other\2\Programming\Studio\0\1_0\Studio_Automation_Programming_Chapter_12_2_Page_0_ControlMasterLeader_Handler_1_0.ts
FN:74,(anonymous_6)
FN:74,(anonymous_7)
FN:74,(anonymous_8)
FN:74,(anonymous_9)
FN:100,(anonymous_10)
FN:191,(anonymous_11)
FN:271,(anonymous_12)
FN:277,(anonymous_13)
FN:792,(anonymous_14)
FN:997,(anonymous_15)
FN:1147,(anonymous_16)
FN:1271,(anonymous_17)
FN:1348,(anonymous_18)
FN:1448,(anonymous_19)
FN:1565,(anonymous_20)
FN:1570,(anonymous_21)
FN:1575,(anonymous_22)
FN:1580,(anonymous_23)
FN:1585,(anonymous_24)
FN:1590,(anonymous_25)
FN:1595,(anonymous_26)
FN:1600,(anonymous_27)
FN:1648,(anonymous_28)
FN:1804,(anonymous_29)
FN:1890,(anonymous_30)
FN:2399,(anonymous_31)
FN:2404,(anonymous_32)
FN:2409,(anonymous_33)
FN:2414,(anonymous_34)
FN:2419,(anonymous_35)
FN:2424,(anonymous_36)
FN:2429,(anonymous_37)
FN:2434,(anonymous_38)
FN:2439,(anonymous_39)
FN:2489,(anonymous_40)
FN:2645,(anonymous_41)
FN:2730,(anonymous_42)
FN:2930,(anonymous_43)
FN:2935,(anonymous_44)
FN:2940,(anonymous_45)
FN:2945,(anonymous_46)
FN:2950,(anonymous_47)
FN:2955,(anonymous_48)
FN:2960,(anonymous_49)
FN:2965,(anonymous_50)
FN:2970,(anonymous_51)
FN:3016,(anonymous_52)
FN:3138,(anonymous_53)
FN:3225,(anonymous_54)
FN:3348,(anonymous_55)
FN:3353,(anonymous_56)
FN:3358,(anonymous_57)
FN:3363,(anonymous_58)
FN:3368,(anonymous_59)
FN:3373,(anonymous_60)
FN:3378,(anonymous_61)
FN:3383,(anonymous_62)
FN:3388,(anonymous_63)
FN:3434,(anonymous_64)
FN:3556,(anonymous_65)
FN:3643,(anonymous_66)
FN:3766,(anonymous_67)
FN:3771,(anonymous_68)
FN:3776,(anonymous_69)
FN:3781,(anonymous_70)
FN:3786,(anonymous_71)
FN:3791,(anonymous_72)
FN:3796,(anonymous_73)
FN:3801,(anonymous_74)
FN:3806,(anonymous_75)
FN:3852,(anonymous_76)
FN:3974,(anonymous_77)
FN:4061,(anonymous_78)
FN:4184,(anonymous_79)
FN:4189,(anonymous_80)
FN:4194,(anonymous_81)
FN:4199,(anonymous_82)
FN:4204,(anonymous_83)
FN:4209,(anonymous_84)
FN:4214,(anonymous_85)
FN:4219,(anonymous_86)
FN:4224,(anonymous_87)
FNF:82
FNH:12
FNDA:1,(anonymous_6)
FNDA:1,(anonymous_7)
FNDA:1,(anonymous_8)
FNDA:1,(anonymous_9)
FNDA:1,(anonymous_10)
FNDA:1,(anonymous_11)
FNDA:1,(anonymous_12)
FNDA:1,(anonymous_13)
FNDA:1,(anonymous_14)
FNDA:1,(anonymous_15)
FNDA:1,(anonymous_16)
FNDA:0,(anonymous_17)
FNDA:0,(anonymous_18)
FNDA:0,(anonymous_19)
FNDA:0,(anonymous_20)
FNDA:0,(anonymous_21)
FNDA:0,(anonymous_22)
FNDA:0,(anonymous_23)
FNDA:0,(anonymous_24)
FNDA:0,(anonymous_25)
FNDA:0,(anonymous_26)
FNDA:0,(anonymous_27)
FNDA:0,(anonymous_28)
FNDA:0,(anonymous_29)
FNDA:0,(anonymous_30)
FNDA:0,(anonymous_31)
FNDA:0,(anonymous_32)
FNDA:0,(anonymous_33)
FNDA:0,(anonymous_34)
FNDA:0,(anonymous_35)
FNDA:0,(anonymous_36)
FNDA:0,(anonymous_37)
FNDA:0,(anonymous_38)
FNDA:0,(anonymous_39)
FNDA:0,(anonymous_40)
FNDA:0,(anonymous_41)
FNDA:0,(anonymous_42)
FNDA:0,(anonymous_43)
FNDA:0,(anonymous_44)
FNDA:0,(anonymous_45)
FNDA:0,(anonymous_46)
FNDA:0,(anonymous_47)
FNDA:0,(anonymous_48)
FNDA:0,(anonymous_49)
FNDA:0,(anonymous_50)
FNDA:0,(anonymous_51)
FNDA:2,(anonymous_52)
FNDA:0,(anonymous_53)
FNDA:0,(anonymous_54)
FNDA:0,(anonymous_55)
FNDA:0,(anonymous_56)
FNDA:0,(anonymous_57)
FNDA:0,(anonymous_58)
FNDA:0,(anonymous_59)
FNDA:0,(anonymous_60)
FNDA:0,(anonymous_61)
FNDA:0,(anonymous_62)
FNDA:0,(anonymous_63)
FNDA:0,(anonymous_64)
FNDA:0,(anonymous_65)
FNDA:0,(anonymous_66)
FNDA:0,(anonymous_67)
FNDA:0,(anonymous_68)
FNDA:0,(anonymous_69)
FNDA:0,(anonymous_70)
FNDA:0,(anonymous_71)
FNDA:0,(anonymous_72)
FNDA:0,(anonymous_73)
FNDA:0,(anonymous_74)
FNDA:0,(anonymous_75)
FNDA:0,(anonymous_76)
FNDA:0,(anonymous_77)
FNDA:0,(anonymous_78)
FNDA:0,(anonymous_79)
FNDA:0,(anonymous_80)
FNDA:0,(anonymous_81)
FNDA:0,(anonymous_82)
FNDA:0,(anonymous_83)
FNDA:0,(anonymous_84)
FNDA:0,(anonymous_85)
FNDA:0,(anonymous_86)
FNDA:0,(anonymous_87)
DA:8,1
DA:10,1
DA:13,1
DA:14,1
DA:19,1
DA:22,1
DA:23,1
DA:24,1
DA:27,1
DA:30,1
DA:33,1
DA:34,1
DA:35,1
DA:38,1
DA:41,1
DA:44,1
DA:47,1
DA:50,1
DA:53,1
DA:54,1
DA:57,1
DA:58,1
DA:59,1
DA:60,1
DA:61,1
DA:63,1
DA:74,1
DA:76,1
DA:83,1
DA:86,1
DA:89,1
DA:102,1
DA:117,1
DA:149,1
DA:172,1
DA:173,1
DA:206,1
DA:238,1
DA:277,1
DA:293,1
DA:299,1
DA:327,1
DA:333,1
DA:339,1
DA:341,1
DA:348,1
DA:351,1
DA:352,1
DA:353,1
DA:354,1
DA:355,1
DA:380,1
DA:382,1
DA:383,0
DA:384,0
DA:387,1
DA:388,0
DA:389,0
DA:392,1
DA:393,0
DA:394,0
DA:399,1
DA:400,0
DA:401,0
DA:404,1
DA:405,0
DA:406,0
DA:409,1
DA:410,0
DA:411,0
DA:414,1
DA:415,0
DA:416,0
DA:420,1
DA:421,0
DA:422,0
DA:425,1
DA:426,0
DA:427,0
DA:430,1
DA:431,0
DA:432,0
DA:436,1
DA:437,0
DA:438,0
DA:441,1
DA:444,0
DA:445,0
DA:447,0
DA:448,0
DA:449,0
DA:451,0
DA:458,0
DA:466,0
DA:467,0
DA:469,0
DA:470,0
DA:471,0
DA:473,0
DA:480,0
DA:497,1
DA:507,1
DA:525,1
DA:529,1
DA:544,1
DA:554,1
DA:560,1
DA:561,1
DA:571,1
DA:573,1
DA:575,1
DA:581,1
DA:587,1
DA:589,1
DA:590,0
DA:592,1
DA:594,1
DA:601,1
DA:604,1
DA:605,1
DA:606,1
DA:607,1
DA:608,1
DA:613,1
DA:615,1
DA:616,0
DA:618,0
DA:619,0
DA:627,1
DA:628,0
DA:634,1
DA:635,1
DA:654,1
DA:660,1
DA:661,1
DA:666,1
DA:667,1
DA:670,1
DA:673,1
DA:683,1
DA:685,0
DA:687,0
DA:689,0
DA:690,0
DA:692,0
DA:694,0
DA:695,0
DA:697,0
DA:699,0
DA:700,0
DA:702,0
DA:712,1
DA:717,1
DA:718,1
DA:719,1
DA:722,1
DA:723,1
DA:724,1
DA:725,1
DA:726,1
DA:730,1
DA:743,0
DA:759,1
DA:764,1
DA:782,1
DA:784,1
DA:829,1
DA:835,1
DA:836,1
DA:838,1
DA:840,1
DA:850,1
DA:856,1
DA:862,1
DA:868,1
DA:869,0
DA:875,1
DA:876,1
DA:882,1
DA:884,1
DA:890,1
DA:891,1
DA:1012,1
DA:1013,0
DA:1036,0
DA:1046,0
DA:1068,0
DA:1072,0
DA:1073,0
DA:1081,0
DA:1096,0
DA:1114,1
DA:1119,1
DA:1124,1
DA:1125,1
DA:1137,1
DA:1139,1
DA:1149,1
DA:1186,1
DA:1192,0
DA:1193,0
DA:1195,0
DA:1205,0
DA:1211,0
DA:1217,0
DA:1223,0
DA:1229,0
DA:1231,0
DA:1237,0
DA:1238,0
DA:1418,0
DA:1420,0
DA:1424,0
DA:1439,0
DA:1463,0
DA:1464,0
DA:1496,0
DA:1517,0
DA:1521,0
DA:1522,0
DA:1529,0
DA:1530,0
DA:1539,0
DA:1554,0
DA:1567,0
DA:1572,0
DA:1577,0
DA:1582,0
DA:1587,0
DA:1592,0
DA:1597,0
DA:1602,0
DA:1612,1
DA:1617,0
DA:1624,0
DA:1625,0
DA:1639,0
DA:1641,0
DA:1650,0
DA:1687,0
DA:1693,0
DA:1694,0
DA:1696,0
DA:1706,0
DA:1712,0
DA:1718,0
DA:1719,0
DA:1721,0
DA:1724,0
DA:1725,0
DA:1727,0
DA:1730,0
DA:1731,0
DA:1733,0
DA:1740,0
DA:1746,0
DA:1752,0
DA:1754,0
DA:1760,0
DA:1766,0
DA:1772,0
DA:1773,0
DA:1900,0
DA:1902,0
DA:1903,0
DA:1904,0
DA:1906,0
DA:1908,0
DA:1910,0
DA:1911,0
DA:1912,0
DA:1914,0
DA:1916,0
DA:1918,0
DA:1920,0
DA:1922,0
DA:1924,0
DA:1926,0
DA:1927,0
DA:1928,0
DA:1929,0
DA:1930,0
DA:1958,0
DA:1964,0
DA:1965,0
DA:1975,0
DA:1981,0
DA:1987,0
DA:2008,0
DA:2012,0
DA:2016,0
DA:2018,0
DA:2019,0
DA:2021,0
DA:2022,0
DA:2024,0
DA:2026,0
DA:2035,0
DA:2037,0
DA:2039,0
DA:2040,0
DA:2042,0
DA:2043,0
DA:2045,0
DA:2047,0
DA:2054,0
DA:2056,0
DA:2058,0
DA:2059,0
DA:2061,0
DA:2062,0
DA:2064,0
DA:2066,0
DA:2069,0
DA:2071,0
DA:2073,0
DA:2074,0
DA:2076,0
DA:2077,0
DA:2079,0
DA:2081,0
DA:2084,0
DA:2086,0
DA:2088,0
DA:2089,0
DA:2091,0
DA:2092,0
DA:2094,0
DA:2096,0
DA:2103,0
DA:2105,0
DA:2107,0
DA:2108,0
DA:2110,0
DA:2111,0
DA:2113,0
DA:2115,0
DA:2122,0
DA:2124,0
DA:2126,0
DA:2127,0
DA:2129,0
DA:2130,0
DA:2132,0
DA:2134,0
DA:2141,0
DA:2143,0
DA:2145,0
DA:2146,0
DA:2148,0
DA:2149,0
DA:2151,0
DA:2153,0
DA:2156,0
DA:2158,0
DA:2160,0
DA:2161,0
DA:2163,0
DA:2164,0
DA:2166,0
DA:2168,0
DA:2171,0
DA:2173,0
DA:2175,0
DA:2176,0
DA:2178,0
DA:2179,0
DA:2181,0
DA:2183,0
DA:2190,0
DA:2192,0
DA:2194,0
DA:2195,0
DA:2197,0
DA:2198,0
DA:2200,0
DA:2202,0
DA:2209,0
DA:2211,0
DA:2213,0
DA:2214,0
DA:2216,0
DA:2217,0
DA:2219,0
DA:2221,0
DA:2228,0
DA:2230,0
DA:2232,0
DA:2233,0
DA:2235,0
DA:2236,0
DA:2238,0
DA:2240,0
DA:2247,0
DA:2249,0
DA:2251,0
DA:2252,0
DA:2254,0
DA:2255,0
DA:2257,0
DA:2259,0
DA:2266,0
DA:2268,0
DA:2270,0
DA:2271,0
DA:2273,0
DA:2274,0
DA:2276,0
DA:2278,0
DA:2285,0
DA:2287,0
DA:2289,0
DA:2290,0
DA:2292,0
DA:2293,0
DA:2295,0
DA:2297,0
DA:2304,0
DA:2306,0
DA:2308,0
DA:2309,0
DA:2311,0
DA:2312,0
DA:2314,0
DA:2316,0
DA:2319,0
DA:2321,0
DA:2323,0
DA:2324,0
DA:2326,0
DA:2327,0
DA:2329,0
DA:2331,0
DA:2334,0
DA:2336,0
DA:2338,0
DA:2339,0
DA:2341,0
DA:2342,0
DA:2344,0
DA:2346,0
DA:2349,0
DA:2351,0
DA:2353,0
DA:2354,0
DA:2356,0
DA:2357,0
DA:2359,0
DA:2361,0
DA:2373,0
DA:2388,0
DA:2401,0
DA:2406,0
DA:2411,0
DA:2416,0
DA:2421,0
DA:2426,0
DA:2431,0
DA:2436,0
DA:2441,0
DA:2453,1
DA:2458,0
DA:2465,0
DA:2466,0
DA:2480,0
DA:2482,0
DA:2491,0
DA:2528,0
DA:2534,0
DA:2535,0
DA:2537,0
DA:2547,0
DA:2553,0
DA:2559,0
DA:2560,0
DA:2562,0
DA:2565,0
DA:2566,0
DA:2568,0
DA:2571,0
DA:2572,0
DA:2574,0
DA:2581,0
DA:2587,0
DA:2593,0
DA:2595,0
DA:2601,0
DA:2607,0
DA:2613,0
DA:2614,0
DA:2740,0
DA:2742,0
DA:2769,0
DA:2775,0
DA:2776,0
DA:2786,0
DA:2792,0
DA:2798,0
DA:2819,0
DA:2829,0
DA:2831,0
DA:2833,0
DA:2834,0
DA:2835,0
DA:2837,0
DA:2881,0
DA:2885,0
DA:2887,0
DA:2888,0
DA:2889,0
DA:2891,0
DA:2904,0
DA:2919,0
DA:2932,0
DA:2937,0
DA:2942,0
DA:2947,0
DA:2952,0
DA:2957,0
DA:2962,0
DA:2967,0
DA:2972,0
DA:2984,1
DA:2989,2
DA:2994,2
DA:2995,2
DA:3007,2
DA:3009,2
DA:3010,2
DA:3018,2
DA:3055,2
DA:3061,2
DA:3062,2
DA:3064,2
DA:3074,2
DA:3080,2
DA:3086,2
DA:3092,2
DA:3098,2
DA:3100,2
DA:3106,2
DA:3107,2
DA:3246,0
DA:3265,0
DA:3266,0
DA:3268,0
DA:3269,0
DA:3271,0
DA:3281,0
DA:3300,0
DA:3306,0
DA:3320,0
DA:3335,0
DA:3350,0
DA:3355,0
DA:3360,0
DA:3365,0
DA:3370,0
DA:3375,0
DA:3380,0
DA:3385,0
DA:3390,0
DA:3402,1
DA:3407,0
DA:3412,0
DA:3413,0
DA:3425,0
DA:3427,0
DA:3428,0
DA:3436,0
DA:3473,0
DA:3479,0
DA:3480,0
DA:3482,0
DA:3492,0
DA:3498,0
DA:3504,0
DA:3510,0
DA:3516,0
DA:3518,0
DA:3524,0
DA:3525,0
DA:3664,0
DA:3683,0
DA:3684,0
DA:3686,0
DA:3687,0
DA:3689,0
DA:3699,0
DA:3718,0
DA:3724,0
DA:3738,0
DA:3753,0
DA:3768,0
DA:3773,0
DA:3778,0
DA:3783,0
DA:3788,0
DA:3793,0
DA:3798,0
DA:3803,0
DA:3808,0
DA:3820,1
DA:3825,0
DA:3830,0
DA:3831,0
DA:3843,0
DA:3845,0
DA:3846,0
DA:3854,0
DA:3891,0
DA:3897,0
DA:3898,0
DA:3900,0
DA:3910,0
DA:3916,0
DA:3922,0
DA:3928,0
DA:3934,0
DA:3936,0
DA:3942,0
DA:3943,0
DA:4082,0
DA:4101,0
DA:4102,0
DA:4104,0
DA:4105,0
DA:4107,0
DA:4117,0
DA:4136,0
DA:4142,0
DA:4156,0
[...]
DA:807,0
DA:915,0
DA:921,0
DA:972,0
DA:974,0
DA:976,0
DA:978,0
DA:979,0
DA:980,0
DA:981,0
DA:982,0
DA:983,0
DA:985,0
DA:987,0
DA:1001,0
DA:1015,1
DA:1034,0
DA:1035,0
DA:1036,0
DA:1039,0
DA:1042,0
DA:1051,0
DA:1052,0
DA:1057,0
DA:1066,0
DA:1104,0
DA:1110,0
DA:1111,0
DA:1113,0
DA:1123,0
DA:1129,0
DA:1135,0
DA:1136,0
DA:1137,0
DA:1143,0
DA:1149,0
DA:1155,0
DA:1156,0
DA:1162,0
DA:1168,0
DA:1170,0
DA:1172,0
DA:1195,0
DA:1196,0
DA:1197,0
DA:1198,0
DA:1199,0
DA:1200,0
DA:1201,0
DA:1202,0
DA:1203,0
DA:1204,0
DA:1206,0
DA:1325,0
DA:1353,0
DA:1355,0
DA:1382,0
DA:1383,0
DA:1386,0
DA:1397,0
DA:1431,0
DA:1459,0
DA:1461,0
DA:1490,0
DA:1498,0
DA:1503,0
DA:1516,0
DA:1550,0
DA:1578,0
DA:1580,0
DA:1610,0
DA:1612,0
DA:1614,0
DA:1615,0
DA:1617,0
DA:1618,0
DA:1619,0
DA:1621,0
DA:1623,0
DA:1637,0
DA:1675,0
DA:1703,0
DA:1705,0
DA:1732,0
DA:1733,0
DA:1736,0
DA:1748,0
DA:1778,0
DA:1806,0
DA:1808,0
DA:1843,0
DA:1873,0
DA:1901,0
DA:1903,0
DA:1938,0
DA:1968,0
DA:1996,0
DA:1998,0
DA:2033,0
DA:2063,0
DA:2091,0
DA:2093,0
DA:2128,0
DA:2158,0
DA:2186,0
DA:2188,0
DA:2215,0
DA:2216,0
DA:2219,0
DA:2230,0
DA:2260,0
DA:2288,0
DA:2290,0
DA:2325,0
DA:2355,0
DA:2383,0
DA:2385,0
DA:2420,0
DA:2450,0
DA:2478,0
DA:2480,0
DA:2507,0
DA:2508,0
DA:2511,0
DA:2522,0
DA:2550,0
DA:2603,0
DA:2614,0
DA:2627,0
DA:2651,0
DA:2704,0
DA:2715,0
DA:2728,0
DA:2752,0
DA:2805,0
DA:2816,0
DA:2829,0
DA:2853,0
DA:2906,0
DA:2917,0
DA:2930,0
DA:2954,0
DA:3007,0
DA:3018,0
DA:3031,0
DA:3061,0
DA:3089,0
DA:3091,0
DA:3120,0
DA:3131,0
DA:3144,0
DA:3168,0
DA:3221,0
DA:3232,0
DA:3245,0
DA:3269,0
DA:3322,0
DA:3333,0
DA:3346,0
DA:3370,0
DA:3423,0
DA:3435,0
DA:3448,0
LF:292
LH:10
BRDA:323,0,0,0
BRDA:323,0,1,0
BRDA:364,1,0,0
BRDA:364,1,1,0
BRDA:364,2,0,0
BRDA:364,2,1,0
BRDA:364,2,2,0
BRDA:364,2,3,0
BRDA:368,3,0,0
BRDA:368,3,1,0
BRDA:373,4,0,0
BRDA:373,4,1,0
BRDA:379,5,0,0
BRDA:379,5,1,0
BRDA:379,6,0,0
BRDA:379,6,1,0
BRDA:384,7,0,0
BRDA:384,7,1,0
BRDA:389,8,0,0
BRDA:389,8,1,0
BRDA:389,9,0,0
BRDA:389,9,1,0
BRDA:395,10,0,0
BRDA:395,10,1,0
BRDA:401,11,0,0
BRDA:401,11,1,0
BRDA:406,12,0,0
BRDA:406,12,1,0
BRDA:411,13,0,0
BRDA:411,13,1,0
BRDA:416,14,0,0
BRDA:416,14,1,0
BRDA:421,15,0,0
BRDA:421,15,1,0
BRDA:426,16,0,0
BRDA:426,16,1,0
BRDA:429,17,0,0
BRDA:429,17,1,0
BRDA:458,18,0,0
BRDA:458,18,1,0
BRDA:555,19,0,0
BRDA:555,19,1,0
BRDA:555,20,0,0
BRDA:555,20,1,0
BRDA:555,21,0,0
BRDA:555,21,1,0
BRDA:555,22,0,0
BRDA:555,22,1,0
BRDA:555,23,0,0
BRDA:555,23,1,0
BRDA:555,24,0,0
BRDA:555,24,1,0
BRDA:555,25,0,0
BRDA:555,25,1,0
BRDA:555,26,0,0
BRDA:555,26,1,0
BRDA:555,27,0,0
BRDA:555,27,1,0
BRDA:599,28,0,0
BRDA:599,28,1,0
BRDA:599,29,0,0
BRDA:599,29,1,0
BRDA:599,29,2,0
BRDA:772,30,0,0
BRDA:772,30,1,0
BRDA:1162,31,0,0
BRDA:1162,31,1,0
BRDA:34,32,0,1
BRDA:34,32,1,1
BRDA:34,33,0,1
BRDA:34,33,1,1
BRDA:34,34,0,1
BRDA:34,34,1,1
BRDA:34,35,0,1
BRDA:34,35,1,1
BRF:75
BRH:8
end_of_record
TN:
SF:7. Director\12\Other\3\Web Development\Director\8\1_0\Director_Of_WebDevelopment_Chapter_12_3_Page_8_OutputWebinarScreen_Handler_1_0.ts
FN:34,(anonymous_13)
FN:34,(anonymous_14)
FN:34,(anonymous_15)
FN:34,(anonymous_16)
FN:70,(anonymous_17)
FN:173,(anonymous_18)
FN:257,(anonymous_19)
FN:262,(anonymous_21)
FN:262,(anonymous_22)
FN:677,(anonymous_23)
FN:824,(anonymous_24)
FN:901,(anonymous_25)
FN:1065,(anonymous_27)
FN:1223,(anonymous_28)
FN:1305,(anonymous_29)
FN:1411,(anonymous_31)
FN:1530,(anonymous_33)
FN:1655,(anonymous_35)
FN:1758,(anonymous_37)
FN:1853,(anonymous_39)
FN:1948,(anonymous_41)
FN:2043,(anonymous_43)
FN:2138,(anonymous_45)
FN:2240,(anonymous_47)
FN:2335,(anonymous_49)
FN:2430,(anonymous_51)
FN:2536,(anonymous_53)
FN:2637,(anonymous_55)
FN:2738,(anonymous_57)
FN:2839,(anonymous_59)
FN:2940,(anonymous_61)
FN:3041,(anonymous_63)
FN:3154,(anonymous_65)
FN:3255,(anonymous_67)
FN:3356,(anonymous_69)
FNF:35
FNH:4
FNDA:1,(anonymous_13)
FNDA:1,(anonymous_14)
FNDA:1,(anonymous_15)
FNDA:1,(anonymous_16)
FNDA:0,(anonymous_17)
FNDA:0,(anonymous_18)
FNDA:0,(anonymous_19)
FNDA:0,(anonymous_21)
FNDA:0,(anonymous_22)
FNDA:0,(anonymous_23)
FNDA:0,(anonymous_24)
FNDA:0,(anonymous_25)
FNDA:0,(anonymous_27)
FNDA:0,(anonymous_28)
FNDA:0,(anonymous_29)
FNDA:0,(anonymous_31)
FNDA:0,(anonymous_33)
FNDA:0,(anonymous_35)
FNDA:0,(anonymous_37)
FNDA:0,(anonymous_39)
FNDA:0,(anonymous_41)
FNDA:0,(anonymous_43)
FNDA:0,(anonymous_45)
FNDA:0,(anonymous_47)
FNDA:0,(anonymous_49)
FNDA:0,(anonymous_51)
FNDA:0,(anonymous_53)
FNDA:0,(anonymous_55)
FNDA:0,(anonymous_57)
FNDA:0,(anonymous_59)
FNDA:0,(anonymous_61)
FNDA:0,(anonymous_63)
FNDA:0,(anonymous_65)
FNDA:0,(anonymous_67)
FNDA:0,(anonymous_69)
DA:5,1
DA:6,1
DA:10,1
DA:11,1
DA:13,1
DA:23,1
DA:34,1
DA:35,1
DA:39,0
DA:61,0
DA:63,0
DA:71,0
DA:86,0
DA:109,0
DA:119,0
DA:125,0
DA:131,0
DA:132,0
DA:133,0
DA:262,0
DA:277,0
DA:283,0
DA:311,0
DA:317,0
DA:323,0
DA:325,0
DA:332,0
DA:335,0
DA:336,0
DA:337,0
DA:338,0
DA:339,0
DA:364,0
DA:368,0
DA:369,0
DA:370,0
DA:373,0
DA:374,0
DA:375,0
DA:379,0
DA:380,0
DA:381,0
DA:384,0
DA:385,0
DA:386,0
DA:389,0
DA:390,0
DA:391,0
DA:395,0
DA:396,0
DA:397,0
DA:401,0
DA:402,0
DA:403,0
DA:406,0
DA:407,0
DA:408,0
DA:411,0
DA:412,0
DA:413,0
DA:416,0
DA:417,0
DA:418,0
DA:421,0
DA:422,0
DA:423,0
DA:426,0
DA:429,0
DA:430,0
DA:437,0
DA:438,0
DA:441,0
DA:443,0
DA:450,0
DA:458,0
DA:459,0
DA:466,0
DA:467,0
DA:470,0
DA:472,0
DA:479,0
DA:496,0
DA:506,0
DA:521,0
DA:553,0
DA:555,0
DA:557,0
DA:562,0
DA:567,0
DA:568,0
DA:569,0
DA:570,0
DA:571,0
DA:576,0
DA:599,0
DA:600,0
DA:601,0
DA:602,0
DA:603,0
DA:604,0
DA:605,0
DA:606,0
DA:607,0
DA:608,0
DA:612,0
DA:614,0
DA:628,0
DA:640,1
DA:644,0
DA:667,0
DA:669,0
DA:714,0
DA:720,0
DA:721,0
DA:723,0
DA:733,0
DA:739,0
DA:745,0
DA:746,0
DA:747,0
DA:753,0
DA:759,0
DA:765,0
DA:766,0
DA:772,0
DA:778,0
DA:780,0
DA:782,0
DA:805,0
DA:807,0
DA:915,0
DA:921,0
DA:972,0
DA:974,0
DA:976,0
DA:978,0
DA:979,0
DA:980,0
DA:981,0
DA:982,0
DA:983,0
DA:985,0
DA:987,0
DA:1001,0
DA:1015,1
DA:1034,0
DA:1035,0
DA:1036,0
DA:1039,0
DA:1042,0
DA:1051,0
DA:1052,0
DA:1057,0
DA:1066,0
DA:1104,0
DA:1110,0
DA:1111,0
DA:1113,0
DA:1123,0
DA:1129,0
DA:1135,0
DA:1136,0
DA:1137,0
DA:1143,0
DA:1149,0
DA:1155,0
DA:1156,0
DA:1162,0
DA:1168,0
DA:1170,0
DA:1172,0
DA:1195,0
DA:1196,0
DA:1197,0
DA:1198,0
DA:1199,0
DA:1200,0
DA:1201,0
DA:1202,0
DA:1203,0
DA:1204,0
DA:1206,0
DA:1325,0
DA:1353,0
DA:1355,0
DA:1382,0
DA:1383,0
DA:1386,0
DA:1397,0
DA:1431,0
DA:1459,0
DA:1461,0
DA:1490,0
DA:1498,0
DA:1503,0
DA:1516,0
DA:1550,0
DA:1578,0
DA:1580,0
DA:1610,0
DA:1612,0
DA:1614,0
DA:1615,0
DA:1617,0
DA:1618,0
DA:1619,0
DA:1621,0
DA:1623,0
DA:1637,0
DA:1675,0
DA:1703,0
DA:1705,0
DA:1732,0
DA:1733,0
DA:1736,0
DA:1748,0
DA:1778,0
DA:1806,0
DA:1808,0
DA:1843,0
DA:1873,0
DA:1901,0
DA:1903,0
DA:1938,0
DA:1968,0
DA:1996,0
DA:1998,0
DA:2033,0
DA:2063,0
DA:2091,0
DA:2093,0
DA:2128,0
DA:2158,0
DA:2186,0
DA:2188,0
DA:2215,0
DA:2216,0
DA:2219,0
DA:2230,0
DA:2260,0
DA:2288,0
DA:2290,0
DA:2325,0
DA:2355,0
DA:2383,0
DA:2385,0
DA:2420,0
DA:2450,0
DA:2478,0
DA:2480,0
DA:2507,0
DA:2508,0
DA:2511,0
DA:2522,0
DA:2550,0
DA:2603,0
DA:2614,0
DA:2627,0
DA:2651,0
DA:2704,0
DA:2715,0
DA:2728,0
DA:2752,0
DA:2805,0
DA:2816,0
DA:2829,0
DA:2853,0
DA:2906,0
DA:2917,0
DA:2930,0
DA:2954,0
DA:3007,0
DA:3018,0
DA:3031,0
DA:3061,0
DA:3089,0
DA:3091,0
DA:3120,0
DA:3131,0
DA:3144,0
DA:3168,0
DA:3221,0
DA:3232,0
DA:3245,0
DA:3269,0
DA:3322,0
DA:3333,0
DA:3346,0
DA:3370,0
DA:3423,0
DA:3435,0
DA:3448,0
LF:292
LH:10
BRDA:323,0,0,0
BRDA:323,0,1,0
BRDA:364,1,0,0
BRDA:364,1,1,0
BRDA:364,2,0,0
BRDA:364,2,1,0
BRDA:364,2,2,0
BRDA:364,2,3,0
BRDA:368,3,0,0
BRDA:368,3,1,0
BRDA:373,4,0,0
BRDA:373,4,1,0
BRDA:379,5,0,0
BRDA:379,5,1,0
BRDA:379,6,0,0
BRDA:379,6,1,0
BRDA:384,7,0,0
BRDA:384,7,1,0
BRDA:389,8,0,0
BRDA:389,8,1,0
BRDA:389,9,0,0
BRDA:389,9,1,0
BRDA:395,10,0,0
BRDA:395,10,1,0
BRDA:401,11,0,0
BRDA:401,11,1,0
BRDA:406,12,0,0
BRDA:406,12,1,0
BRDA:411,13,0,0
BRDA:411,13,1,0
BRDA:416,14,0,0
BRDA:416,14,1,0
BRDA:421,15,0,0
BRDA:421,15,1,0
BRDA:426,16,0,0
BRDA:426,16,1,0
BRDA:429,17,0,0
BRDA:429,17,1,0
BRDA:458,18,0,0
BRDA:458,18,1,0
BRDA:555,19,0,0
BRDA:555,19,1,0
BRDA:555,20,0,0
BRDA:555,20,1,0
BRDA:555,21,0,0
BRDA:555,21,1,0
BRDA:555,22,0,0
BRDA:555,22,1,0
BRDA:555,23,0,0
BRDA:555,23,1,0
BRDA:555,24,0,0
BRDA:555,24,1,0
BRDA:555,25,0,0
BRDA:555,25,1,0
BRDA:555,26,0,0
BRDA:555,26,1,0
BRDA:555,27,0,0
BRDA:555,27,1,0
BRDA:599,28,0,0
BRDA:599,28,1,0
BRDA:599,29,0,0
BRDA:599,29,1,0
BRDA:599,29,2,0
BRDA:772,30,0,0
BRDA:772,30,1,0
BRDA:1162,31,0,0
BRDA:1162,31,1,0
BRDA:34,32,0,1
BRDA:34,32,1,1
BRDA:34,33,0,1
BRDA:34,33,1,1
BRDA:34,34,0,1
BRDA:34,34,1,1
BRDA:34,35,0,1
BRDA:34,35,1,1
BRF:75
BRH:8
end_of_record
TN:
SF:7. Director\12\Other\3\Web Development\Director\9\1_0\Director_Of_WebDevelopment_Chapter_12_3_Page_9_OutputMembershipScreen_Handler_1_0.ts
FN:34,(anonymous_13)
FN:34,(anonymous_14)
FN:34,(anonymous_15)
FN:34,(anonymous_16)
FN:70,(anonymous_17)
FN:173,(anonymous_18)
FN:257,(anonymous_19)
FN:262,(anonymous_21)
FN:262,(anonymous_22)
FN:677,(anonymous_23)
FN:824,(anonymous_24)
FN:901,(anonymous_25)
FN:1065,(anonymous_27)
FN:1223,(anonymous_28)
FN:1305,(anonymous_29)
FN:1411,(anonymous_31)
FN:1530,(anonymous_33)
FN:1655,(anonymous_35)
FN:1758,(anonymous_37)
FN:1853,(anonymous_39)
FN:1948,(anonymous_41)
FN:2043,(anonymous_43)
FN:2138,(anonymous_45)
FN:2240,(anonymous_47)
FN:2335,(anonymous_49)
FN:2430,(anonymous_51)
FN:2536,(anonymous_53)
FN:2637,(anonymous_55)
FN:2738,(anonymous_57)
FN:2839,(anonymous_59)
FN:2940,(anonymous_61)
FN:3041,(anonymous_63)
FN:3154,(anonymous_65)
FN:3255,(anonymous_67)
FN:3356,(anonymous_69)
FNF:35
FNH:4
FNDA:1,(anonymous_13)
FNDA:1,(anonymous_14)
FNDA:1,(anonymous_15)
FNDA:1,(anonymous_16)
FNDA:0,(anonymous_17)
FNDA:0,(anonymous_18)
FNDA:0,(anonymous_19)
FNDA:0,(anonymous_21)
FNDA:0,(anonymous_22)
FNDA:0,(anonymous_23)
FNDA:0,(anonymous_24)
FNDA:0,(anonymous_25)
FNDA:0,(anonymous_27)
FNDA:0,(anonymous_28)
FNDA:0,(anonymous_29)
FNDA:0,(anonymous_31)
FNDA:0,(anonymous_33)
FNDA:0,(anonymous_35)
FNDA:0,(anonymous_37)
FNDA:0,(anonymous_39)
FNDA:0,(anonymous_41)
FNDA:0,(anonymous_43)
FNDA:0,(anonymous_45)
FNDA:0,(anonymous_47)
FNDA:0,(anonymous_49)
FNDA:0,(anonymous_51)
FNDA:0,(anonymous_53)
FNDA:0,(anonymous_55)
FNDA:0,(anonymous_57)
FNDA:0,(anonymous_59)
FNDA:0,(anonymous_61)
FNDA:0,(anonymous_63)
FNDA:0,(anonymous_65)
FNDA:0,(anonymous_67)
FNDA:0,(anonymous_69)
DA:5,1
DA:6,1
DA:10,1
DA:11,1
DA:13,1
DA:23,1
DA:34,1
DA:35,1
DA:39,0
DA:61,0
DA:63,0
DA:71,0
DA:86,0
DA:109,0
DA:119,0
DA:125,0
DA:131,0
DA:132,0
DA:133,0
DA:262,0
DA:277,0
DA:283,0
DA:311,0
DA:317,0
DA:323,0
DA:325,0
DA:332,0
DA:335,0
DA:336,0
DA:337,0
DA:338,0
DA:339,0
DA:364,0
DA:368,0
DA:369,0
DA:370,0
DA:373,0
DA:374,0
DA:375,0
DA:379,0
DA:380,0
DA:381,0
DA:384,0
DA:385,0
DA:386,0
DA:389,0
DA:390,0
DA:391,0
DA:395,0
DA:396,0
DA:397,0
DA:401,0
DA:402,0
DA:403,0
DA:406,0
DA:407,0
DA:408,0
DA:411,0
DA:412,0
DA:413,0
DA:416,0
DA:417,0
DA:418,0
DA:421,0
DA:422,0
DA:423,0
DA:426,0
DA:429,0
DA:430,0
DA:437,0
DA:438,0
DA:441,0
DA:443,0
DA:450,0
DA:458,0
DA:459,0
DA:466,0
DA:467,0
DA:470,0
DA:472,0
DA:479,0
DA:496,0
DA:506,0
DA:521,0
DA:553,0
DA:555,0
DA:557,0
DA:562,0
DA:567,0
DA:568,0
DA:569,0
DA:570,0
DA:571,0
DA:576,0
DA:599,0
DA:600,0
DA:601,0
DA:602,0
DA:603,0
DA:604,0
DA:605,0
DA:606,0
DA:607,0
DA:608,0
DA:612,0
DA:614,0
DA:628,0
DA:640,1
DA:644,0
DA:667,0
DA:669,0
DA:714,0
DA:720,0
DA:721,0
DA:723,0
DA:733,0
DA:739,0
DA:745,0
DA:746,0
DA:747,0
DA:753,0
DA:759,0
DA:765,0
DA:766,0
DA:772,0
DA:778,0
DA:780,0
DA:782,0
DA:805,0
DA:807,0
DA:915,0
DA:921,0
DA:972,0
DA:974,0
DA:976,0
DA:978,0
DA:979,0
DA:980,0
DA:981,0
DA:982,0
DA:983,0
DA:985,0
DA:987,0
DA:1001,0
DA:1015,1
DA:1034,0
DA:1035,0
DA:1036,0
DA:1039,0
DA:1042,0
DA:1051,0
DA:1052,0
DA:1057,0
DA:1066,0
DA:1104,0
DA:1110,0
DA:1111,0
DA:1113,0
DA:1123,0
DA:1129,0
DA:1135,0
DA:1136,0
DA:1137,0
DA:1143,0
DA:1149,0
DA:1155,0
DA:1156,0
DA:1162,0
DA:1168,0
DA:1170,0
DA:1172,0
DA:1195,0
DA:1196,0
DA:1197,0
DA:1198,0
DA:1199,0
DA:1200,0
DA:1201,0
DA:1202,0
DA:1203,0
DA:1204,0
DA:1206,0
DA:1325,0
DA:1353,0
DA:1355,0
DA:1382,0
DA:1383,0
DA:1386,0
DA:1397,0
DA:1431,0
DA:1459,0
DA:1461,0
DA:1490,0
DA:1498,0
DA:1503,0
DA:1516,0
DA:1550,0
DA:1578,0
DA:1580,0
DA:1610,0
DA:1612,0
DA:1614,0
DA:1615,0
DA:1617,0
DA:1618,0
DA:1619,0
DA:1621,0
DA:1623,0
DA:1637,0
DA:1675,0
DA:1703,0
DA:1705,0
DA:1732,0
DA:1733,0
DA:1736,0
DA:1748,0
DA:1778,0
DA:1806,0
DA:1808,0
DA:1843,0
DA:1873,0
DA:1901,0
DA:1903,0
DA:1938,0
DA:1968,0
DA:1996,0
DA:1998,0
DA:2033,0
DA:2063,0
DA:2091,0
DA:2093,0
DA:2128,0
DA:2158,0
DA:2186,0
DA:2188,0
DA:2215,0
DA:2216,0
DA:2219,0
DA:2230,0
DA:2260,0
DA:2288,0
DA:2290,0
DA:2325,0
DA:2355,0
DA:2383,0
DA:2385,0
DA:2420,0
DA:2450,0
DA:2478,0
DA:2480,0
DA:2507,0
DA:2508,0
DA:2511,0
DA:2522,0
DA:2550,0
DA:2603,0
DA:2614,0
DA:2627,0
DA:2651,0
DA:2704,0
DA:2715,0
DA:2728,0
DA:2752,0
DA:2805,0
DA:2816,0
DA:2829,0
DA:2853,0
DA:2906,0
DA:2917,0
DA:2930,0
DA:2954,0
DA:3007,0
DA:3018,0
DA:3031,0
DA:3061,0
DA:3089,0
DA:3091,0
DA:3120,0
DA:3131,0
DA:3144,0
DA:3168,0
DA:3221,0
DA:3232,0
DA:3245,0
DA:3269,0
DA:3322,0
DA:3333,0
DA:3346,0
DA:3370,0
DA:3423,0
DA:3435,0
DA:3448,0
LF:292
LH:10
BRDA:323,0,0,0
BRDA:323,0,1,0
BRDA:364,1,0,0
BRDA:364,1,1,0
BRDA:364,2,0,0
BRDA:364,2,1,0
BRDA:364,2,2,0
BRDA:364,2,3,0
BRDA:368,3,0,0
BRDA:368,3,1,0
BRDA:373,4,0,0
BRDA:373,4,1,0
BRDA:379,5,0,0
BRDA:379,5,1,0
BRDA:379,6,0,0
BRDA:379,6,1,0
BRDA:384,7,0,0
BRDA:384,7,1,0
BRDA:389,8,0,0
BRDA:389,8,1,0
BRDA:389,9,0,0
BRDA:389,9,1,0
BRDA:395,10,0,0
BRDA:395,10,1,0
BRDA:401,11,0,0
BRDA:401,11,1,0
BRDA:406,12,0,0
BRDA:406,12,1,0
BRDA:411,13,0,0
BRDA:411,13,1,0
BRDA:416,14,0,0
BRDA:416,14,1,0
BRDA:421,15,0,0
BRDA:421,15,1,0
BRDA:426,16,0,0
BRDA:426,16,1,0
BRDA:429,17,0,0
BRDA:429,17,1,0
BRDA:458,18,0,0
BRDA:458,18,1,0
BRDA:555,19,0,0
BRDA:555,19,1,0
BRDA:555,20,0,0
BRDA:555,20,1,0
BRDA:555,21,0,0
BRDA:555,21,1,0
BRDA:555,22,0,0
BRDA:555,22,1,0
BRDA:555,23,0,0
BRDA:555,23,1,0
BRDA:555,24,0,0
BRDA:555,24,1,0
BRDA:555,25,0,0
BRDA:555,25,1,0
BRDA:555,26,0,0
BRDA:555,26,1,0
BRDA:555,27,0,0
BRDA:555,27,1,0
BRDA:599,28,0,0
BRDA:599,28,1,0
BRDA:599,29,0,0
BRDA:599,29,1,0
BRDA:599,29,2,0
BRDA:772,30,0,0
BRDA:772,30,1,0
BRDA:1162,31,0,0
BRDA:1162,31,1,0
BRDA:34,32,0,1
BRDA:34,32,1,1
BRDA:34,33,0,1
BRDA:34,33,1,1
BRDA:34,34,0,1
BRDA:34,34,1,1
BRDA:34,35,0,1
BRDA:34,35,1,1
BRF:75
BRH:8
end_of_record
TN:
SF:7. Director\12\Other\5\Security\Director\1\1_0\Director_Of_Security_Chapter_12_5_Page_1_StoreAuthentication_Handler_1_0.ts
FN:34,(anonymous_13)
FN:34,(anonymous_14)
FN:34,(anonymous_15)
FN:34,(anonymous_16)
FN:70,(anonymous_17)
FN:173,(anonymous_18)
FN:258,(anonymous_19)
FN:263,(anonymous_21)
FN:263,(anonymous_22)
FN:719,(anonymous_23)
FN:866,(anonymous_24)
FN:943,(anonymous_25)
FN:1104,(anonymous_27)
FN:1262,(anonymous_28)
FN:1344,(anonymous_29)
FN:1451,(anonymous_31)
FN:1558,(anonymous_33)
FN:1684,(anonymous_35)
FN:1780,(anonymous_37)
FN:1875,(anonymous_39)
FN:1970,(anonymous_41)
FN:2065,(anonymous_43)
FN:2167,(anonymous_45)
FN:2262,(anonymous_47)
FN:2364,(anonymous_49)
FN:2459,(anonymous_51)
FN:2558,(anonymous_53)
FN:2659,(anonymous_55)
FN:2760,(anonymous_57)
FN:2861,(anonymous_59)
FN:2962,(anonymous_61)
FN:3075,(anonymous_63)
FN:3176,(anonymous_65)
FN:3289,(anonymous_67)
FN:3390,(anonymous_69)
FNF:35
FNH:4
FNDA:1,(anonymous_13)
FNDA:1,(anonymous_14)
FNDA:1,(anonymous_15)
FNDA:1,(anonymous_16)
FNDA:0,(anonymous_17)
FNDA:0,(anonymous_18)
FNDA:0,(anonymous_19)
FNDA:0,(anonymous_21)
FNDA:0,(anonymous_22)
FNDA:0,(anonymous_23)
FNDA:0,(anonymous_24)
FNDA:0,(anonymous_25)
FNDA:0,(anonymous_27)
FNDA:0,(anonymous_28)
FNDA:0,(anonymous_29)
FNDA:0,(anonymous_31)
FNDA:0,(anonymous_33)
FNDA:0,(anonymous_35)
FNDA:0,(anonymous_37)
FNDA:0,(anonymous_39)
FNDA:0,(anonymous_41)
FNDA:0,(anonymous_43)
FNDA:0,(anonymous_45)
FNDA:0,(anonymous_47)
FNDA:0,(anonymous_49)
FNDA:0,(anonymous_51)
FNDA:0,(anonymous_53)
FNDA:0,(anonymous_55)
FNDA:0,(anonymous_57)
FNDA:0,(anonymous_59)
FNDA:0,(anonymous_61)
FNDA:0,(anonymous_63)
FNDA:0,(anonymous_65)
FNDA:0,(anonymous_67)
FNDA:0,(anonymous_69)
DA:5,1
DA:6,1
DA:9,1
DA:10,1
DA:11,1
DA:13,1
DA:27,1
DA:34,1
DA:35,1
DA:39,0
DA:61,0
DA:63,0
DA:71,0
DA:86,0
DA:109,0
DA:119,0
DA:125,0
DA:131,0
DA:132,0
DA:133,0
DA:263,0
DA:278,0
DA:284,0
DA:312,0
DA:318,0
DA:324,0
DA:326,0
DA:333,0
DA:336,0
DA:337,0
DA:338,0
DA:339,0
DA:340,0
DA:365,0
DA:369,0
DA:370,0
DA:371,0
DA:374,0
DA:375,0
DA:376,0
DA:380,0
DA:381,0
DA:382,0
DA:385,0
DA:386,0
DA:387,0
DA:390,0
DA:391,0
DA:392,0
DA:396,0
DA:397,0
DA:398,0
DA:402,0
DA:403,0
DA:404,0
DA:407,0
DA:408,0
DA:409,0
DA:412,0
DA:413,0
DA:414,0
DA:417,0
DA:418,0
DA:419,0
DA:422,0
DA:423,0
DA:424,0
DA:427,0
DA:430,0
DA:431,0
DA:438,0
DA:439,0
DA:442,0
DA:444,0
DA:451,0
DA:459,0
DA:460,0
DA:467,0
DA:468,0
DA:471,0
DA:473,0
DA:480,0
DA:497,0
DA:507,0
DA:522,0
DA:554,0
DA:556,0
DA:558,0
DA:563,0
DA:568,0
DA:569,0
DA:570,0
DA:571,0
DA:572,0
DA:577,0
DA:598,0
DA:601,0
DA:602,0
DA:609,0
DA:612,0
DA:614,0
DA:622,0
DA:624,0
DA:631,0
DA:632,0
DA:639,0
DA:640,0
DA:643,0
DA:645,0
DA:652,0
DA:667,0
DA:682,1
DA:686,0
DA:709,0
DA:711,0
DA:756,0
DA:762,0
DA:763,0
DA:765,0
DA:775,0
DA:781,0
DA:787,0
DA:788,0
DA:789,0
DA:795,0
DA:801,0
DA:807,0
DA:808,0
DA:814,0
DA:820,0
DA:822,0
DA:824,0
DA:847,0
DA:849,0
DA:957,0
DA:963,0
DA:1014,0
DA:1016,0
DA:1018,0
DA:1020,0
DA:1021,0
DA:1022,0
DA:1023,0
DA:1024,0
DA:1025,0
DA:1027,0
DA:1029,0
DA:1043,0
DA:1058,1
DA:1077,0
DA:1078,0
DA:1079,0
DA:1082,0
DA:1085,0
DA:1093,0
DA:1094,0
DA:1105,0
DA:1143,0
DA:1149,0
DA:1150,0
DA:1152,0
DA:1162,0
DA:1168,0
DA:1174,0
DA:1175,0
DA:1176,0
DA:1182,0
DA:1188,0
DA:1194,0
DA:1195,0
DA:1201,0
DA:1207,0
DA:1209,0
DA:1211,0
DA:1234,0
DA:1235,0
DA:1236,0
DA:1237,0
DA:1238,0
DA:1239,0
DA:1240,0
DA:1241,0
DA:1242,0
DA:1243,0
DA:1245,0
DA:1364,0
DA:1392,0
DA:1394,0
DA:1421,0
DA:1422,0
DA:1426,0
DA:1437,0
DA:1465,0
DA:1518,0
DA:1526,0
DA:1531,0
DA:1544,0
DA:1578,0
DA:1606,0
DA:1608,0
DA:1639,0
DA:1641,0
DA:1643,0
DA:1644,0
DA:1646,0
DA:1647,0
DA:1648,0
DA:1650,0
DA:1652,0
DA:1666,0
DA:1704,0
DA:1732,0
DA:1734,0
DA:1769,0
DA:1800,0
DA:1828,0
DA:1830,0
DA:1865,0
DA:1895,0
DA:1923,0
DA:1925,0
DA:1960,0
DA:1990,0
DA:2018,0
DA:2020,0
DA:2055,0
DA:2085,0
DA:2113,0
DA:2115,0
DA:2142,0
DA:2143,0
DA:2146,0
DA:2157,0
DA:2187,0
DA:2215,0
DA:2217,0
DA:2252,0
DA:2282,0
DA:2310,0
DA:2312,0
DA:2339,0
DA:2340,0
DA:2343,0
DA:2354,0
DA:2384,0
DA:2412,0
DA:2414,0
DA:2449,0
DA:2479,0
DA:2507,0
DA:2509,0
DA:2544,0
DA:2572,0
DA:2625,0
DA:2636,0
DA:2649,0
DA:2673,0
DA:2726,0
DA:2737,0
DA:2750,0
DA:2774,0
DA:2827,0
DA:2838,0
DA:2851,0
DA:2875,0
DA:2928,0
DA:2939,0
DA:2952,0
DA:2982,0
DA:3010,0
DA:3012,0
DA:3041,0
DA:3044,0
DA:3052,0
DA:3065,0
DA:3089,0
DA:3142,0
DA:3153,0
DA:3166,0
DA:3196,0
DA:3224,0
DA:3226,0
DA:3255,0
DA:3266,0
DA:3279,0
DA:3303,0
DA:3356,0
DA:3367,0
DA:3380,0
DA:3404,0
DA:3457,0
DA:3460,0
DA:3467,0
DA:3480,0
LF:294
LH:11
BRDA:324,0,0,0
BRDA:324,0,1,0
BRDA:365,1,0,0
BRDA:365,1,1,0
BRDA:365,2,0,0
BRDA:365,2,1,0
BRDA:365,2,2,0
BRDA:365,2,3,0
BRDA:369,3,0,0
BRDA:369,3,1,0
BRDA:374,4,0,0
BRDA:374,4,1,0
BRDA:380,5,0,0
BRDA:380,5,1,0
BRDA:380,6,0,0
BRDA:380,6,1,0
BRDA:385,7,0,0
BRDA:385,7,1,0
BRDA:390,8,0,0
BRDA:390,8,1,0
BRDA:390,9,0,0
BRDA:390,9,1,0
BRDA:396,10,0,0
BRDA:396,10,1,0
BRDA:402,11,0,0
BRDA:402,11,1,0
BRDA:407,12,0,0
BRDA:407,12,1,0
BRDA:412,13,0,0
BRDA:412,13,1,0
BRDA:417,14,0,0
BRDA:417,14,1,0
BRDA:422,15,0,0
BRDA:422,15,1,0
BRDA:427,16,0,0
BRDA:427,16,1,0
BRDA:430,17,0,0
BRDA:430,17,1,0
BRDA:459,18,0,0
BRDA:459,18,1,0
BRDA:556,19,0,0
BRDA:556,19,1,0
BRDA:556,20,0,0
BRDA:556,20,1,0
BRDA:556,21,0,0
BRDA:556,21,1,0
BRDA:556,22,0,0
BRDA:556,22,1,0
BRDA:556,23,0,0
BRDA:556,23,1,0
BRDA:556,24,0,0
BRDA:556,24,1,0
BRDA:556,25,0,0
BRDA:556,25,1,0
BRDA:556,26,0,0
BRDA:556,26,1,0
BRDA:556,27,0,0
BRDA:556,27,1,0
BRDA:601,28,0,0
BRDA:601,28,1,0
BRDA:601,29,0,0
BRDA:601,29,1,0
BRDA:631,30,0,0
BRDA:631,30,1,0
BRDA:814,31,0,0
BRDA:814,31,1,0
BRDA:1201,32,0,0
BRDA:1201,32,1,0
BRDA:3044,33,0,0
BRDA:3044,33,1,0
BRDA:3460,34,0,0
BRDA:3460,34,1,0
BRDA:34,35,0,1
BRDA:34,35,1,1
BRDA:34,36,0,1
BRDA:34,36,1,1
BRDA:34,37,0,1
BRDA:34,37,1,1
BRDA:34,38,0,1
BRDA:34,38,1,1
BRF:80
BRH:8
end_of_record
